<?xml version="1.0" encoding="UTF-8"?>
<coverage generated="1779801272220" clover="3.2.0">
  <project timestamp="1779801272220" name="All files">
    <metrics statements="536" coveredstatements="453" conditionals="238" coveredconditionals="171" methods="219" coveredmethods="195" elements="993" coveredelements="819" complexity="0" loc="536" ncloc="536" packages="8" files="30" classes="30"/>
    <package name="src">
      <metrics statements="0" coveredstatements="0" conditionals="0" coveredconditionals="0" methods="0" coveredmethods="0"/>
      <file name="App.scss" path="/Users/nyoodee/Private/cat-expense-web/src/App.scss">
        <metrics statements="0" coveredstatements="0" conditionals="0" coveredconditionals="0" methods="0" coveredmethods="0"/>
      </file>
      <file name="index.css" path="/Users/nyoodee/Private/cat-expense-web/src/index.css">
        <metrics statements="0" coveredstatements="0" conditionals="0" coveredconditionals="0" methods="0" coveredmethods="0"/>
      </file>
    </package>
    <package name="src.lib.components">
      <metrics statements="209" coveredstatements="189" conditionals="128" coveredconditionals="102" methods="100" coveredmethods="94"/>
      <file name="ActionBar.svelte" path="/Users/nyoodee/Private/cat-expense-web/src/lib/components/ActionBar.svelte">
        <metrics statements="8" coveredstatements="8" conditionals="8" coveredconditionals="7" methods="4" coveredmethods="4"/>
        <line num="20" count="7" type="stmt"/>
        <line num="30" count="7" type="stmt"/>
        <line num="41" count="7" type="stmt"/>
        <line num="47" count="7" type="stmt"/>
        <line num="57" count="8" type="cond" truecount="1" falsecount="1"/>
        <line num="67" count="7" type="cond" truecount="2" falsecount="0"/>
        <line num="68" count="1" type="stmt"/>
        <line num="74" count="8" type="stmt"/>
      </file>
      <file name="CatFactPanel.svelte" path="/Users/nyoodee/Private/cat-expense-web/src/lib/components/CatFactPanel.svelte">
        <metrics statements="6" coveredstatements="6" conditionals="6" coveredconditionals="6" methods="2" coveredmethods="2"/>
        <line num="10" count="10" type="stmt"/>
        <line num="17" count="14" type="stmt"/>
        <line num="21" count="10" type="stmt"/>
        <line num="23" count="14" type="cond" truecount="2" falsecount="0"/>
        <line num="36" count="10" type="stmt"/>
        <line num="37" count="14" type="cond" truecount="2" falsecount="0"/>
      </file>
      <file name="ExpenseDialog.svelte" path="/Users/nyoodee/Private/cat-expense-web/src/lib/components/ExpenseDialog.svelte">
        <metrics statements="49" coveredstatements="36" conditionals="18" coveredconditionals="13" methods="17" coveredmethods="14"/>
        <line num="17" count="8" type="stmt"/>
        <line num="19" count="8" type="stmt"/>
        <line num="22" count="8" type="stmt"/>
        <line num="23" count="11" type="cond" truecount="2" falsecount="0"/>
        <line num="24" count="6" type="stmt"/>
        <line num="26" count="5" type="stmt"/>
        <line num="28" count="11" type="stmt"/>
        <line num="29" count="11" type="stmt"/>
        <line num="34" count="8" type="stmt"/>
        <line num="35" count="8" type="stmt"/>
        <line num="37" count="8" type="stmt"/>
        <line num="38" count="11" type="cond" truecount="1" falsecount="1"/>
        <line num="40" count="11" type="cond" truecount="3" falsecount="1"/>
        <line num="41" count="11" type="stmt"/>
        <line num="42" count="11" type="stmt"/>
        <line num="43" count="11" type="stmt"/>
        <line num="46" count="0" type="stmt"/>
        <line num="47" count="0" type="cond" truecount="0" falsecount="2"/>
        <line num="48" count="0" type="stmt"/>
        <line num="57" count="0" type="stmt"/>
        <line num="59" count="0" type="stmt"/>
        <line num="60" count="0" type="stmt"/>
        <line num="64" count="0" type="stmt"/>
        <line num="65" count="0" type="stmt"/>
        <line num="67" count="0" type="stmt"/>
        <line num="69" count="0" type="stmt"/>
        <line num="70" count="0" type="stmt"/>
        <line num="71" count="0" type="stmt"/>
        <line num="76" count="8" type="stmt"/>
        <line num="77" count="11" type="cond" truecount="2" falsecount="0"/>
        <line num="78" count="6" type="stmt"/>
        <line num="79" count="6" type="stmt"/>
        <line num="80" count="6" type="stmt"/>
        <line num="87" count="1" type="cond" truecount="3" falsecount="1"/>
        <line num="92" count="6" type="stmt"/>
        <line num="93" count="8" type="cond" truecount="2" falsecount="0"/>
        <line num="96" count="8" type="stmt"/>
        <line num="99" count="6" type="stmt"/>
        <line num="104" count="6" type="stmt"/>
        <line num="111" count="12" type="stmt"/>
        <line num="120" count="6" type="stmt"/>
        <line num="121" count="6" type="stmt"/>
        <line num="122" count="6" type="stmt"/>
        <line num="134" count="6" type="stmt"/>
        <line num="135" count="12" type="stmt"/>
        <line num="137" count="6" type="stmt"/>
        <line num="138" count="8" type="stmt"/>
        <line num="139" count="40" type="stmt"/>
        <line num="140" count="0" type="stmt"/>
      </file>
      <file name="ExpenseForm.svelte" path="/Users/nyoodee/Private/cat-expense-web/src/lib/components/ExpenseForm.svelte">
        <metrics statements="57" coveredstatements="57" conditionals="42" coveredconditionals="38" methods="17" coveredmethods="17"/>
        <line num="20" count="10" type="stmt"/>
        <line num="23" count="10" type="cond" truecount="2" falsecount="0"/>
        <line num="24" count="2" type="stmt"/>
        <line num="30" count="8" type="stmt"/>
        <line num="33" count="10" type="stmt"/>
        <line num="34" count="10" type="stmt"/>
        <line num="35" count="10" type="stmt"/>
        <line num="36" count="10" type="stmt"/>
        <line num="37" count="10" type="stmt"/>
        <line num="40" count="10" type="stmt"/>
        <line num="41" count="10" type="stmt"/>
        <line num="42" count="10" type="stmt"/>
        <line num="43" count="10" type="stmt"/>
        <line num="44" count="10" type="stmt"/>
        <line num="45" count="10" type="stmt"/>
        <line num="46" count="10" type="stmt"/>
        <line num="50" count="10" type="stmt"/>
        <line num="51" count="12" type="cond" truecount="2" falsecount="0"/>
        <line num="53" count="2" type="stmt"/>
        <line num="58" count="12" type="stmt"/>
        <line num="62" count="3" type="stmt"/>
        <line num="63" count="3" type="stmt"/>
        <line num="65" count="3" type="stmt"/>
        <line num="71" count="3" type="stmt"/>
        <line num="73" count="3" type="cond" truecount="2" falsecount="0"/>
        <line num="74" count="1" type="stmt"/>
        <line num="75" count="1" type="stmt"/>
        <line num="85" count="10" type="stmt"/>
        <line num="86" count="10" type="cond" truecount="2" falsecount="0"/>
        <line num="89" count="10" type="stmt"/>
        <line num="90" count="10" type="stmt"/>
        <line num="92" count="23" type="cond" truecount="2" falsecount="0"/>
        <line num="103" count="23" type="cond" truecount="2" falsecount="0"/>
        <line num="106" count="20" type="stmt"/>
        <line num="108" count="2" type="stmt"/>
        <line num="114" count="23" type="cond" truecount="2" falsecount="0"/>
        <line num="115" count="1" type="stmt"/>
        <line num="120" count="2" type="stmt"/>
        <line num="126" count="23" type="cond" truecount="2" falsecount="0"/>
        <line num="137" count="23" type="cond" truecount="2" falsecount="0"/>
        <line num="140" count="2" type="stmt"/>
        <line num="146" count="10" type="stmt"/>
        <line num="147" count="60" type="stmt"/>
        <line num="148" count="30" type="cond" truecount="2" falsecount="2"/>
        <line num="149" count="30" type="cond" truecount="1" falsecount="1"/>
        <line num="154" count="23" type="cond" truecount="2" falsecount="0"/>
        <line num="155" count="1" type="stmt"/>
        <line num="160" count="2" type="stmt"/>
        <line num="166" count="23" type="cond" truecount="2" falsecount="0"/>
        <line num="177" count="23" type="cond" truecount="2" falsecount="0"/>
        <line num="182" count="2" type="stmt"/>
        <line num="187" count="23" type="cond" truecount="2" falsecount="0"/>
        <line num="188" count="1" type="stmt"/>
        <line num="193" count="2" type="stmt"/>
        <line num="200" count="10" type="stmt"/>
        <line num="201" count="10" type="stmt"/>
        <line num="206" count="23" type="stmt"/>
      </file>
      <file name="ExpenseRow.svelte" path="/Users/nyoodee/Private/cat-expense-web/src/lib/components/ExpenseRow.svelte">
        <metrics statements="32" coveredstatements="25" conditionals="14" coveredconditionals="6" methods="13" coveredmethods="10"/>
        <line num="24" count="15" type="stmt"/>
        <line num="26" count="11" type="stmt"/>
        <line num="27" count="11" type="stmt"/>
        <line num="30" count="0" type="cond" truecount="0" falsecount="2"/>
        <line num="31" count="0" type="stmt"/>
        <line num="32" count="0" type="stmt"/>
        <line num="37" count="0" type="stmt"/>
        <line num="40" count="11" type="stmt"/>
        <line num="50" count="11" type="stmt"/>
        <line num="59" count="15" type="stmt"/>
        <line num="66" count="0" type="cond" truecount="0" falsecount="4"/>
        <line num="67" count="0" type="stmt"/>
        <line num="68" count="0" type="stmt"/>
        <line num="73" count="11" type="stmt"/>
        <line num="74" count="15" type="stmt"/>
        <line num="78" count="1" type="stmt"/>
        <line num="79" count="1" type="stmt"/>
        <line num="85" count="15" type="cond" truecount="1" falsecount="1"/>
        <line num="93" count="22" type="stmt"/>
        <line num="94" count="15" type="stmt"/>
        <line num="98" count="11" type="stmt"/>
        <line num="99" count="15" type="stmt"/>
        <line num="100" count="15" type="stmt"/>
        <line num="101" count="15" type="cond" truecount="1" falsecount="1"/>
        <line num="105" count="11" type="stmt"/>
        <line num="106" count="15" type="stmt"/>
        <line num="109" count="11" type="stmt"/>
        <line num="110" count="15" type="stmt"/>
        <line num="113" count="1" type="stmt"/>
        <line num="139" count="15" type="stmt"/>
        <line num="142" count="1" type="stmt"/>
        <line num="143" count="1" type="stmt"/>
      </file>
      <file name="ExpenseTable.svelte" path="/Users/nyoodee/Private/cat-expense-web/src/lib/components/ExpenseTable.svelte">
        <metrics statements="33" coveredstatements="33" conditionals="24" coveredconditionals="19" methods="27" coveredmethods="27"/>
        <line num="41" count="8" type="stmt"/>
        <line num="47" count="8" type="stmt"/>
        <line num="57" count="9" type="stmt"/>
        <line num="59" count="8" type="stmt"/>
        <line num="60" count="14" type="stmt"/>
        <line num="62" count="8" type="stmt"/>
        <line num="63" count="8" type="stmt"/>
        <line num="66" count="8" type="stmt"/>
        <line num="68" count="8" type="stmt"/>
        <line num="69" count="8" type="cond" truecount="1" falsecount="1"/>
        <line num="70" count="8" type="cond" truecount="1" falsecount="1"/>
        <line num="75" count="8" type="stmt"/>
        <line num="82" count="8" type="stmt"/>
        <line num="83" count="8" type="stmt"/>
        <line num="87" count="16" type="cond" truecount="1" falsecount="1"/>
        <line num="88" count="16" type="stmt"/>
        <line num="101" count="49" type="stmt"/>
        <line num="102" count="24" type="stmt"/>
        <line num="103" count="24" type="cond" truecount="4" falsecount="0"/>
        <line num="114" count="1" type="stmt"/>
        <line num="116" count="24" type="cond" truecount="1" falsecount="1"/>
        <line num="117" count="24" type="cond" truecount="2" falsecount="0"/>
        <line num="118" count="8" type="cond" truecount="2" falsecount="0"/>
        <line num="139" count="16" type="stmt"/>
        <line num="140" count="9" type="cond" truecount="2" falsecount="0"/>
        <line num="146" count="9" type="cond" truecount="2" falsecount="0"/>
        <line num="147" count="95" type="stmt"/>
        <line num="148" count="9" type="stmt"/>
        <line num="152" count="5" type="stmt"/>
        <line num="153" count="72" type="stmt"/>
        <line num="154" count="9" type="stmt"/>
        <line num="155" count="9" type="stmt"/>
        <line num="163" count="4" type="stmt"/>
      </file>
      <file name="Header.svelte" path="/Users/nyoodee/Private/cat-expense-web/src/lib/components/Header.svelte">
        <metrics statements="1" coveredstatements="1" conditionals="0" coveredconditionals="0" methods="1" coveredmethods="1"/>
        <line num="4" count="4" type="stmt"/>
      </file>
      <file name="SpendingChart.svelte" path="/Users/nyoodee/Private/cat-expense-web/src/lib/components/SpendingChart.svelte">
        <metrics statements="23" coveredstatements="23" conditionals="16" coveredconditionals="13" methods="19" coveredmethods="19"/>
        <line num="14" count="3" type="stmt"/>
        <line num="16" count="4" type="stmt"/>
        <line num="20" count="6" type="stmt"/>
        <line num="22" count="6" type="stmt"/>
        <line num="23" count="9" type="stmt"/>
        <line num="32" count="9" type="stmt"/>
        <line num="36" count="7" type="cond" truecount="2" falsecount="0"/>
        <line num="37" count="3" type="stmt"/>
        <line num="46" count="3" type="stmt"/>
        <line num="47" count="20" type="stmt"/>
        <line num="48" count="4" type="stmt"/>
        <line num="52" count="4" type="stmt"/>
        <line num="53" count="4" type="stmt"/>
        <line num="54" count="4" type="stmt"/>
        <line num="56" count="4" type="stmt"/>
        <line num="57" count="4" type="cond" truecount="2" falsecount="0"/>
        <line num="58" count="3" type="stmt"/>
        <line num="67" count="4" type="stmt"/>
        <line num="71" count="4" type="stmt"/>
        <line num="75" count="4" type="stmt"/>
        <line num="81" count="4" type="stmt"/>
        <line num="82" count="4" type="stmt"/>
        <line num="83" count="4" type="stmt"/>
      </file>
    </package>
    <package name="src.lib.constants">
      <metrics statements="9" coveredstatements="9" conditionals="0" coveredconditionals="0" methods="0" coveredmethods="0"/>
      <file name="app.ts" path="/Users/nyoodee/Private/cat-expense-web/src/lib/constants/app.ts">
        <metrics statements="7" coveredstatements="7" conditionals="0" coveredconditionals="0" methods="0" coveredmethods="0"/>
        <line num="8" count="8" type="stmt"/>
        <line num="11" count="8" type="stmt"/>
        <line num="15" count="8" type="stmt"/>
        <line num="18" count="8" type="stmt"/>
        <line num="21" count="8" type="stmt"/>
        <line num="24" count="8" type="stmt"/>
        <line num="32" count="8" type="stmt"/>
      </file>
      <file name="categories.ts" path="/Users/nyoodee/Private/cat-expense-web/src/lib/constants/categories.ts">
        <metrics statements="2" coveredstatements="2" conditionals="0" coveredconditionals="0" methods="0" coveredmethods="0"/>
        <line num="9" count="8" type="stmt"/>
        <line num="18" count="8" type="stmt"/>
      </file>
    </package>
    <package name="src.lib.services">
      <metrics statements="39" coveredstatements="37" conditionals="18" coveredconditionals="17" methods="9" coveredmethods="9"/>
      <file name="catFactService.ts" path="/Users/nyoodee/Private/cat-expense-web/src/lib/services/catFactService.ts">
        <metrics statements="26" coveredstatements="25" conditionals="16" coveredconditionals="15" methods="5" coveredmethods="5"/>
        <line num="30" count="29" type="stmt"/>
        <line num="31" count="29" type="stmt"/>
        <line num="32" count="29" type="cond" truecount="2" falsecount="0"/>
        <line num="33" count="20" type="stmt"/>
        <line num="34" count="91" type="cond" truecount="4" falsecount="0"/>
        <line num="35" count="18" type="stmt"/>
        <line num="37" count="1" type="stmt"/>
        <line num="39" count="1" type="stmt"/>
        <line num="49" count="21" type="stmt"/>
        <line num="50" count="21" type="stmt"/>
        <line num="51" count="21" type="cond" truecount="2" falsecount="0"/>
        <line num="52" count="20" type="stmt"/>
        <line num="53" count="20" type="stmt"/>
        <line num="74" count="9" type="stmt"/>
        <line num="75" count="9" type="stmt"/>
        <line num="77" count="9" type="cond" truecount="2" falsecount="0"/>
        <line num="78" count="4" type="stmt"/>
        <line num="81" count="5" type="stmt"/>
        <line num="82" count="5" type="stmt"/>
        <line num="83" count="5" type="stmt"/>
        <line num="85" count="4" type="cond" truecount="1" falsecount="1"/>
        <line num="86" count="0" type="stmt"/>
        <line num="88" count="4" type="cond" truecount="2" falsecount="0"/>
        <line num="89" count="3" type="stmt"/>
        <line num="90" count="3" type="stmt"/>
        <line num="92" count="1" type="stmt"/>
      </file>
      <file name="storageService.ts" path="/Users/nyoodee/Private/cat-expense-web/src/lib/services/storageService.ts">
        <metrics statements="13" coveredstatements="12" conditionals="2" coveredconditionals="2" methods="4" coveredmethods="4"/>
        <line num="28" count="9" type="stmt"/>
        <line num="32" count="6" type="stmt"/>
        <line num="33" count="6" type="stmt"/>
        <line num="34" count="6" type="cond" truecount="2" falsecount="0"/>
        <line num="35" count="2" type="stmt"/>
        <line num="37" count="1" type="stmt"/>
        <line num="41" count="1" type="stmt"/>
        <line num="46" count="6" type="stmt"/>
        <line num="47" count="6" type="stmt"/>
        <line num="49" count="1" type="stmt"/>
        <line num="57" count="1" type="stmt"/>
        <line num="58" count="1" type="stmt"/>
        <line num="60" count="0" type="stmt"/>
      </file>
    </package>
    <package name="src.lib.state">
      <metrics statements="120" coveredstatements="90" conditionals="33" coveredconditionals="15" methods="56" coveredmethods="45"/>
      <file name="catFact.svelte.ts" path="/Users/nyoodee/Private/cat-expense-web/src/lib/state/catFact.svelte.ts">
        <metrics statements="31" coveredstatements="20" conditionals="8" coveredconditionals="1" methods="9" coveredmethods="6"/>
        <line num="5" count="1" type="stmt"/>
        <line num="6" count="0" type="stmt"/>
        <line num="7" count="0" type="cond" truecount="0" falsecount="2"/>
        <line num="8" count="0" type="stmt"/>
        <line num="9" count="0" type="stmt"/>
        <line num="12" count="1" type="stmt"/>
        <line num="13" count="3" type="stmt"/>
        <line num="14" count="3" type="stmt"/>
        <line num="15" count="3" type="stmt"/>
        <line num="16" count="3" type="stmt"/>
        <line num="19" count="2" type="stmt"/>
        <line num="21" count="2" type="stmt"/>
        <line num="22" count="2" type="stmt"/>
        <line num="24" count="2" type="stmt"/>
        <line num="25" count="2" type="stmt"/>
        <line num="27" count="2" type="stmt"/>
        <line num="29" count="2" type="cond" truecount="1" falsecount="1"/>
        <line num="30" count="2" type="stmt"/>
        <line num="31" count="2" type="stmt"/>
        <line num="35" count="0" type="cond" truecount="0" falsecount="2"/>
        <line num="38" count="0" type="cond" truecount="0" falsecount="2"/>
        <line num="39" count="0" type="stmt"/>
        <line num="43" count="0" type="stmt"/>
        <line num="44" count="0" type="stmt"/>
        <line num="45" count="0" type="stmt"/>
        <line num="49" count="3" type="stmt"/>
        <line num="50" count="3" type="stmt"/>
        <line num="53" count="3" type="stmt"/>
        <line num="55" count="4" type="stmt"/>
        <line num="58" count="24" type="stmt"/>
        <line num="61" count="0" type="stmt"/>
      </file>
      <file name="expenses.svelte.ts" path="/Users/nyoodee/Private/cat-expense-web/src/lib/state/expenses.svelte.ts">
        <metrics statements="23" coveredstatements="22" conditionals="5" coveredconditionals="4" methods="17" coveredmethods="16"/>
        <line num="11" count="2" type="stmt"/>
        <line num="12" count="8" type="stmt"/>
        <line num="15" count="8" type="cond" truecount="2" falsecount="0"/>
        <line num="18" count="8" type="stmt"/>
        <line num="19" count="9" type="stmt"/>
        <line num="22" count="2" type="stmt"/>
        <line num="23" count="5" type="stmt"/>
        <line num="24" count="1" type="stmt"/>
        <line num="27" count="2" type="stmt"/>
        <line num="28" count="2" type="stmt"/>
        <line num="32" count="1" type="stmt"/>
        <line num="33" count="1" type="cond" truecount="1" falsecount="0"/>
        <line num="46" count="2" type="stmt"/>
        <line num="50" count="1" type="stmt"/>
        <line num="51" count="1" type="cond" truecount="1" falsecount="1"/>
        <line num="52" count="1" type="stmt"/>
        <line num="53" count="1" type="stmt"/>
        <line num="56" count="8" type="stmt"/>
        <line num="58" count="23" type="stmt"/>
        <line num="61" count="0" type="stmt"/>
        <line num="64" count="4" type="stmt"/>
        <line num="67" count="5" type="stmt"/>
        <line num="70" count="8" type="stmt"/>
      </file>
      <file name="selection.svelte.ts" path="/Users/nyoodee/Private/cat-expense-web/src/lib/state/selection.svelte.ts">
        <metrics statements="26" coveredstatements="16" conditionals="6" coveredconditionals="2" methods="15" coveredmethods="11"/>
        <line num="3" count="1" type="stmt"/>
        <line num="4" count="3" type="stmt"/>
        <line num="6" count="3" type="stmt"/>
        <line num="7" count="4" type="stmt"/>
        <line num="8" count="4" type="stmt"/>
        <line num="11" count="3" type="stmt"/>
        <line num="12" count="4" type="stmt"/>
        <line num="13" count="4" type="cond" truecount="2" falsecount="0"/>
        <line num="16" count="3" type="stmt"/>
        <line num="17" count="4" type="stmt"/>
        <line num="18" count="4" type="stmt"/>
        <line num="22" count="1" type="stmt"/>
        <line num="26" count="0" type="cond" truecount="0" falsecount="2"/>
        <line num="27" count="0" type="stmt"/>
        <line num="29" count="0" type="stmt"/>
        <line num="34" count="0" type="stmt"/>
        <line num="35" count="0" type="cond" truecount="0" falsecount="2"/>
        <line num="39" count="0" type="stmt"/>
        <line num="41" count="0" type="stmt"/>
        <line num="42" count="0" type="stmt"/>
        <line num="48" count="0" type="stmt"/>
        <line num="51" count="3" type="stmt"/>
        <line num="53" count="0" type="stmt"/>
        <line num="56" count="14" type="stmt"/>
        <line num="59" count="8" type="stmt"/>
        <line num="62" count="3" type="stmt"/>
      </file>
      <file name="sort.svelte.ts" path="/Users/nyoodee/Private/cat-expense-web/src/lib/state/sort.svelte.ts">
        <metrics statements="6" coveredstatements="4" conditionals="3" coveredconditionals="1" methods="3" coveredmethods="2"/>
        <line num="4" count="1" type="cond" truecount="1" falsecount="0"/>
        <line num="5" count="3" type="stmt"/>
        <line num="11" count="0" type="cond" truecount="0" falsecount="2"/>
        <line num="17" count="0" type="stmt"/>
        <line num="21" count="3" type="stmt"/>
        <line num="23" count="19" type="stmt"/>
      </file>
      <file name="virtualList.svelte.ts" path="/Users/nyoodee/Private/cat-expense-web/src/lib/state/virtualList.svelte.ts">
        <metrics statements="34" coveredstatements="28" conditionals="11" coveredconditionals="7" methods="12" coveredmethods="10"/>
        <line num="6" count="2" type="stmt"/>
        <line num="11" count="8" type="stmt"/>
        <line num="12" count="8" type="stmt"/>
        <line num="13" count="8" type="stmt"/>
        <line num="15" count="8" type="stmt"/>
        <line num="16" count="16" type="cond" truecount="2" falsecount="0"/>
        <line num="18" count="8" type="stmt"/>
        <line num="19" count="8" type="cond" truecount="1" falsecount="1"/>
        <line num="20" count="8" type="stmt"/>
        <line num="21" count="8" type="stmt"/>
        <line num="25" count="8" type="stmt"/>
        <line num="27" count="8" type="stmt"/>
        <line num="29" count="8" type="stmt"/>
        <line num="30" count="8" type="cond" truecount="1" falsecount="1"/>
        <line num="31" count="0" type="stmt"/>
        <line num="32" count="0" type="stmt"/>
        <line num="34" count="0" type="stmt"/>
        <line num="37" count="8" type="stmt"/>
        <line num="38" count="8" type="stmt"/>
        <line num="39" count="8" type="cond" truecount="1" falsecount="1"/>
        <line num="40" count="0" type="stmt"/>
        <line num="45" count="8" type="stmt"/>
        <line num="46" count="9" type="stmt"/>
        <line num="47" count="9" type="cond" truecount="1" falsecount="1"/>
        <line num="48" count="0" type="stmt"/>
        <line num="51" count="9" type="stmt"/>
        <line num="52" count="9" type="stmt"/>
        <line num="57" count="9" type="stmt"/>
        <line num="63" count="8" type="stmt"/>
        <line num="65" count="8" type="stmt"/>
        <line num="67" count="0" type="stmt"/>
        <line num="70" count="8" type="stmt"/>
        <line num="73" count="9" type="stmt"/>
        <line num="76" count="5" type="stmt"/>
      </file>
    </package>
    <package name="src.lib.test">
      <metrics statements="7" coveredstatements="7" conditionals="0" coveredconditionals="0" methods="4" coveredmethods="4"/>
      <file name="ExpensesTestHost.svelte" path="/Users/nyoodee/Private/cat-expense-web/src/lib/test/ExpensesTestHost.svelte">
        <metrics statements="2" coveredstatements="2" conditionals="0" coveredconditionals="0" methods="1" coveredmethods="1"/>
        <line num="15" count="5" type="stmt"/>
        <line num="18" count="5" type="stmt"/>
      </file>
      <file name="LayoutHost.svelte" path="/Users/nyoodee/Private/cat-expense-web/src/lib/test/LayoutHost.svelte">
        <metrics statements="3" coveredstatements="3" conditionals="0" coveredconditionals="0" methods="3" coveredmethods="3"/>
        <line num="5" count="1" type="stmt"/>
        <line num="6" count="1" type="stmt"/>
        <line num="7" count="1" type="stmt"/>
      </file>
      <file name="fixtures.ts" path="/Users/nyoodee/Private/cat-expense-web/src/lib/test/fixtures.ts">
        <metrics statements="2" coveredstatements="2" conditionals="0" coveredconditionals="0" methods="0" coveredmethods="0"/>
        <line num="3" count="5" type="stmt"/>
        <line num="11" count="5" type="stmt"/>
      </file>
    </package>
    <package name="src.lib.utils">
      <metrics statements="100" coveredstatements="86" conditionals="51" coveredconditionals="36" methods="30" coveredmethods="28"/>
      <file name="csvUtils.ts" path="/Users/nyoodee/Private/cat-expense-web/src/lib/utils/csvUtils.ts">
        <metrics statements="18" coveredstatements="18" conditionals="5" coveredconditionals="5" methods="6" coveredmethods="6"/>
        <line num="21" count="85" type="cond" truecount="3" falsecount="0"/>
        <line num="22" count="85" type="cond" truecount="2" falsecount="0"/>
        <line num="23" count="33" type="stmt"/>
        <line num="31" count="6" type="stmt"/>
        <line num="32" count="20" type="stmt"/>
        <line num="39" count="20" type="stmt"/>
        <line num="47" count="3" type="stmt"/>
        <line num="48" count="3" type="stmt"/>
        <line num="49" count="3" type="stmt"/>
        <line num="50" count="3" type="stmt"/>
        <line num="51" count="3" type="stmt"/>
        <line num="52" count="3" type="stmt"/>
        <line num="53" count="3" type="stmt"/>
        <line num="54" count="3" type="stmt"/>
        <line num="55" count="3" type="stmt"/>
        <line num="63" count="2" type="stmt"/>
        <line num="64" count="2" type="stmt"/>
        <line num="65" count="2" type="stmt"/>
      </file>
      <file name="expenseUtils.ts" path="/Users/nyoodee/Private/cat-expense-web/src/lib/utils/expenseUtils.ts">
        <metrics statements="21" coveredstatements="21" conditionals="6" coveredconditionals="6" methods="8" coveredmethods="8"/>
        <line num="14" count="8" type="stmt"/>
        <line num="15" count="10" type="stmt"/>
        <line num="18" count="8" type="stmt"/>
        <line num="28" count="6" type="stmt"/>
        <line num="30" count="6" type="stmt"/>
        <line num="31" count="14" type="cond" truecount="2" falsecount="0"/>
        <line num="32" count="14" type="stmt"/>
        <line num="33" count="14" type="stmt"/>
        <line num="36" count="6" type="stmt"/>
        <line num="47" count="4" type="cond" truecount="2" falsecount="0"/>
        <line num="49" count="3" type="stmt"/>
        <line num="50" count="3" type="stmt"/>
        <line num="52" count="3" type="stmt"/>
        <line num="53" count="3" type="stmt"/>
        <line num="54" count="7" type="cond" truecount="2" falsecount="0"/>
        <line num="55" count="4" type="stmt"/>
        <line num="59" count="3" type="stmt"/>
        <line num="69" count="11" type="stmt"/>
        <line num="77" count="8" type="stmt"/>
        <line num="85" count="3" type="stmt"/>
        <line num="99" count="2" type="stmt"/>
      </file>
      <file name="focusTrap.ts" path="/Users/nyoodee/Private/cat-expense-web/src/lib/utils/focusTrap.ts">
        <metrics statements="32" coveredstatements="19" conditionals="18" coveredconditionals="5" methods="7" coveredmethods="5"/>
        <line num="1" count="3" type="stmt"/>
        <line num="3" count="7" type="stmt"/>
        <line num="5" count="7" type="stmt"/>
        <line num="6" count="0" type="cond" truecount="0" falsecount="2"/>
        <line num="7" count="0" type="stmt"/>
        <line num="9" count="0" type="stmt"/>
        <line num="11" count="0" type="cond" truecount="0" falsecount="2"/>
        <line num="13" count="0" type="stmt"/>
        <line num="14" count="0" type="stmt"/>
        <line num="16" count="0" type="cond" truecount="0" falsecount="2"/>
        <line num="17" count="0" type="cond" truecount="0" falsecount="2"/>
        <line num="18" count="0" type="stmt"/>
        <line num="19" count="0" type="stmt"/>
        <line num="22" count="0" type="cond" truecount="0" falsecount="2"/>
        <line num="23" count="0" type="stmt"/>
        <line num="24" count="0" type="stmt"/>
        <line num="30" count="7" type="stmt"/>
        <line num="32" count="7" type="stmt"/>
        <line num="33" count="8" type="cond" truecount="1" falsecount="1"/>
        <line num="34" count="8" type="stmt"/>
        <line num="35" count="8" type="stmt"/>
        <line num="38" count="7" type="stmt"/>
        <line num="39" count="8" type="cond" truecount="1" falsecount="1"/>
        <line num="40" count="8" type="stmt"/>
        <line num="41" count="8" type="stmt"/>
        <line num="44" count="7" type="cond" truecount="1" falsecount="1"/>
        <line num="45" count="7" type="stmt"/>
        <line num="48" count="7" type="stmt"/>
        <line num="50" count="2" type="cond" truecount="2" falsecount="0"/>
        <line num="51" count="1" type="stmt"/>
        <line num="53" count="1" type="stmt"/>
        <line num="57" count="7" type="stmt"/>
      </file>
      <file name="formatUtils.ts" path="/Users/nyoodee/Private/cat-expense-web/src/lib/utils/formatUtils.ts">
        <metrics statements="3" coveredstatements="3" conditionals="0" coveredconditionals="0" methods="2" coveredmethods="2"/>
        <line num="10" count="45" type="stmt"/>
        <line num="20" count="21" type="stmt"/>
        <line num="21" count="21" type="stmt"/>
      </file>
      <file name="sortUtils.ts" path="/Users/nyoodee/Private/cat-expense-web/src/lib/utils/sortUtils.ts">
        <metrics statements="8" coveredstatements="8" conditionals="4" coveredconditionals="4" methods="5" coveredmethods="5"/>
        <line num="17" count="2" type="stmt"/>
        <line num="18" count="4" type="stmt"/>
        <line num="19" count="6" type="stmt"/>
        <line num="20" count="9" type="stmt"/>
        <line num="31" count="11" type="stmt"/>
        <line num="32" count="11" type="stmt"/>
        <line num="33" count="11" type="cond" truecount="2" falsecount="0"/>
        <line num="40" count="2" type="cond" truecount="2" falsecount="0"/>
      </file>
      <file name="validationUtils.ts" path="/Users/nyoodee/Private/cat-expense-web/src/lib/utils/validationUtils.ts">
        <metrics statements="18" coveredstatements="17" conditionals="18" coveredconditionals="16" methods="2" coveredmethods="2"/>
        <line num="26" count="13" type="stmt"/>
        <line num="29" count="13" type="cond" truecount="1" falsecount="1"/>
        <line num="30" count="13" type="cond" truecount="2" falsecount="0"/>
        <line num="31" count="4" type="stmt"/>
        <line num="32" count="9" type="cond" truecount="2" falsecount="0"/>
        <line num="33" count="1" type="stmt"/>
        <line num="37" count="13" type="cond" truecount="2" falsecount="0"/>
        <line num="38" count="3" type="stmt"/>
        <line num="42" count="13" type="cond" truecount="4" falsecount="0"/>
        <line num="43" count="3" type="stmt"/>
        <line num="44" count="10" type="cond" truecount="1" falsecount="1"/>
        <line num="45" count="0" type="stmt"/>
        <line num="46" count="10" type="cond" truecount="2" falsecount="0"/>
        <line num="47" count="1" type="stmt"/>
        <line num="48" count="9" type="cond" truecount="2" falsecount="0"/>
        <line num="49" count="1" type="stmt"/>
        <line num="52" count="13" type="stmt"/>
        <line num="59" count="10" type="stmt"/>
      </file>
    </package>
    <package name="src.routes">
      <metrics statements="52" coveredstatements="35" conditionals="8" coveredconditionals="1" methods="20" coveredmethods="15"/>
      <file name="+layout.svelte" path="/Users/nyoodee/Private/cat-expense-web/src/routes/+layout.svelte">
        <metrics statements="0" coveredstatements="0" conditionals="0" coveredconditionals="0" methods="1" coveredmethods="1"/>
      </file>
      <file name="+page.svelte" path="/Users/nyoodee/Private/cat-expense-web/src/routes/+page.svelte">
        <metrics statements="52" coveredstatements="35" conditionals="8" coveredconditionals="1" methods="19" coveredmethods="14"/>
        <line num="16" count="3" type="stmt"/>
        <line num="18" count="3" type="stmt"/>
        <line num="19" count="3" type="stmt"/>
        <line num="21" count="4" type="stmt"/>
        <line num="24" count="4" type="stmt"/>
        <line num="26" count="12" type="stmt"/>
        <line num="28" count="3" type="stmt"/>
        <line num="29" count="3" type="stmt"/>
        <line num="32" count="2" type="stmt"/>
        <line num="33" count="2" type="stmt"/>
        <line num="37" count="0" type="stmt"/>
        <line num="38" count="0" type="stmt"/>
        <line num="42" count="0" type="stmt"/>
        <line num="46" count="1" type="cond" truecount="1" falsecount="1"/>
        <line num="47" count="0" type="stmt"/>
        <line num="49" count="1" type="stmt"/>
        <line num="51" count="1" type="stmt"/>
        <line num="55" count="0" type="cond" truecount="0" falsecount="2"/>
        <line num="57" count="0" type="stmt"/>
        <line num="58" count="0" type="cond" truecount="0" falsecount="2"/>
        <line num="63" count="0" type="cond" truecount="0" falsecount="2"/>
        <line num="65" count="0" type="stmt"/>
        <line num="66" count="0" type="stmt"/>
        <line num="69" count="0" type="stmt"/>
        <line num="70" count="0" type="stmt"/>
        <line num="74" count="0" type="stmt"/>
        <line num="78" count="3" type="stmt"/>
        <line num="79" count="3" type="stmt"/>
        <line num="80" count="3" type="stmt"/>
        <line num="82" count="3" type="stmt"/>
        <line num="83" count="3" type="stmt"/>
        <line num="87" count="11" type="stmt"/>
        <line num="88" count="3" type="stmt"/>
        <line num="89" count="4" type="stmt"/>
        <line num="92" count="3" type="stmt"/>
        <line num="93" count="4" type="stmt"/>
        <line num="94" count="3" type="stmt"/>
        <line num="95" count="7" type="stmt"/>
        <line num="98" count="3" type="stmt"/>
        <line num="99" count="6" type="stmt"/>
        <line num="100" count="1" type="stmt"/>
        <line num="101" count="15" type="stmt"/>
        <line num="102" count="0" type="stmt"/>
        <line num="103" count="8" type="stmt"/>
        <line num="104" count="3" type="stmt"/>
        <line num="105" count="0" type="stmt"/>
        <line num="106" count="1" type="stmt"/>
        <line num="107" count="0" type="stmt"/>
        <line num="109" count="0" type="stmt"/>
        <line num="119" count="3" type="stmt"/>
        <line num="120" count="28" type="stmt"/>
        <line num="121" count="6" type="stmt"/>
      </file>
    </package>
  </project>
</coverage>
