{"/Users/nyoodee/Private/cat-expense-web/src/App.scss": {"path":"/Users/nyoodee/Private/cat-expense-web/src/App.scss","statementMap":{},"fnMap":{},"branchMap":{},"s":{},"f":{},"b":{},"meta":{"lastBranch":0,"lastFunction":0,"lastStatement":0,"seen":{}}}
,"/Users/nyoodee/Private/cat-expense-web/src/index.css": {"path":"/Users/nyoodee/Private/cat-expense-web/src/index.css","statementMap":{},"fnMap":{},"branchMap":{},"s":{},"f":{},"b":{},"meta":{"lastBranch":0,"lastFunction":0,"lastStatement":0,"seen":{}}}
,"/Users/nyoodee/Private/cat-expense-web/src/lib/components/ActionBar.svelte": {"path":"/Users/nyoodee/Private/cat-expense-web/src/lib/components/ActionBar.svelte","statementMap":{"0":{"start":{"line":20,"column":25},"end":{"line":27,"column":null}},"1":{"start":{"line":30,"column":25},"end":{"line":37,"column":null}},"2":{"start":{"line":41,"column":1},"end":{"line":41,"column":null}},"3":{"start":{"line":47,"column":3},"end":{"line":41,"column":null}},"4":{"start":{"line":57,"column":3},"end":{"line":47,"column":null}},"5":{"start":{"line":57,"column":3},"end":{"line":57,"column":null}},"6":{"start":{"line":68,"column":11},"end":{"line":68,"column":null}},"7":{"start":{"line":68,"column":7},"end":{"line":68,"column":null}},"8":{"start":{"line":67,"column":25},"end":{"line":67,"column":null}},"9":{"start":{"line":67,"column":26},"end":{"line":67,"column":null}},"10":{"start":{"line":74,"column":3},"end":{"line":57,"column":null}},"11":{"start":{"line":57,"column":3},"end":{"line":59,"column":null}},"12":{"start":{"line":57,"column":3},"end":{"line":63,"column":null}},"13":{"start":{"line":74,"column":3},"end":{"line":76,"column":null}},"14":{"start":{"line":74,"column":3},"end":{"line":74,"column":null}},"15":{"start":{"line":47,"column":3},"end":{"line":47,"column":null}}},"fnMap":{"0":{"name":"ActionBar","decl":{"start":{"line":1,"column":0},"end":{"line":1,"column":null}},"loc":{"start":{"line":1,"column":0},"end":{"line":39,"column":null}},"line":1},"1":{"name":"(anonymous_1)","decl":{"start":{"line":47,"column":3},"end":{"line":47,"column":null}},"loc":{"start":{"line":47,"column":3},"end":{"line":47,"column":null}},"line":47},"2":{"name":"(anonymous_2)","decl":{"start":{"line":57,"column":3},"end":{"line":57,"column":null}},"loc":{"start":{"line":57,"column":3},"end":{"line":57,"column":null}},"line":57},"3":{"name":"(anonymous_3)","decl":{"start":{"line":74,"column":3},"end":{"line":74,"column":null}},"loc":{"start":{"line":74,"column":3},"end":{"line":74,"column":null}},"line":74}},"branchMap":{"0":{"loc":{"start":{"line":24,"column":25},"end":{"line":24,"column":null}},"type":"cond-expr","locations":[{"start":{"line":24,"column":25},"end":{"line":24,"column":55}},{"start":{"line":24,"column":58},"end":{"line":24,"column":null}}],"line":24},"1":{"loc":{"start":{"line":34,"column":25},"end":{"line":34,"column":null}},"type":"cond-expr","locations":[{"start":{"line":34,"column":25},"end":{"line":34,"column":55}},{"start":{"line":34,"column":58},"end":{"line":34,"column":null}}],"line":34},"2":{"loc":{"start":{"line":67,"column":25},"end":{"line":67,"column":null}},"type":"if","locations":[{"start":{"line":67,"column":25},"end":{"line":67,"column":null}},{"start":{},"end":{}}],"line":67},"3":{"loc":{"start":{"line":57,"column":3},"end":{"line":63,"column":89}},"type":"cond-expr","locations":[{"start":{"line":63,"column":81},"end":{"line":63,"column":84}},{"start":{"line":63,"column":87},"end":{"line":63,"column":89}}],"line":57}},"s":{"0":7,"1":7,"2":7,"3":7,"4":7,"5":7,"6":1,"7":1,"8":7,"9":1,"10":7,"11":8,"12":8,"13":8,"14":7,"15":7},"f":{"0":7,"1":3,"2":1,"3":1},"b":{"0":[5,2],"1":[6,2],"2":[1,6],"3":[8,0]},"meta":{"lastBranch":0,"lastFunction":0,"lastStatement":0,"seen":{}}}
,"/Users/nyoodee/Private/cat-expense-web/src/lib/components/CatFactPanel.svelte": {"path":"/Users/nyoodee/Private/cat-expense-web/src/lib/components/CatFactPanel.svelte","statementMap":{"0":{"start":{"line":10,"column":20},"end":{"line":13,"column":null}},"1":{"start":{"line":17,"column":4},"end":{"line":17,"column":12}},"2":{"start":{"line":21,"column":6},"end":{"line":17,"column":12}},"3":{"start":{"line":23,"column":5},"end":{"line":21,"column":null}},"4":{"start":{"line":21,"column":3},"end":{"line":21,"column":null}},"5":{"start":{"line":36,"column":4},"end":{"line":21,"column":null}},"6":{"start":{"line":36,"column":3},"end":{"line":36,"column":null}},"7":{"start":{"line":17,"column":1},"end":{"line":17,"column":12}},"8":{"start":{"line":17,"column":1},"end":{"line":17,"column":null}},"9":{"start":{"line":23,"column":5},"end":{"line":26,"column":null}},"10":{"start":{"line":23,"column":5},"end":{"line":23,"column":null}},"11":{"start":{"line":37,"column":17},"end":{"line":37,"column":null}}},"fnMap":{"0":{"name":"CatFactPanel","decl":{"start":{"line":1,"column":0},"end":{"line":1,"column":null}},"loc":{"start":{"line":1,"column":0},"end":{"line":15,"column":null}},"line":1},"1":{"name":"(anonymous_1)","decl":{"start":{"line":23,"column":5},"end":{"line":23,"column":null}},"loc":{"start":{"line":23,"column":5},"end":{"line":23,"column":null}},"line":23}},"branchMap":{"0":{"loc":{"start":{"line":11,"column":35},"end":{"line":11,"column":null}},"type":"cond-expr","locations":[{"start":{"line":11,"column":35},"end":{"line":11,"column":60}},{"start":{"line":11,"column":63},"end":{"line":11,"column":null}}],"line":11},"1":{"loc":{"start":{"line":23,"column":5},"end":{"line":26,"column":12}},"type":"cond-expr","locations":[{"start":{"line":25,"column":10},"end":{"line":25,"column":44}},{"start":{"line":26,"column":10},"end":{"line":26,"column":12}}],"line":23},"2":{"loc":{"start":{"line":37,"column":17},"end":{"line":37,"column":null}},"type":"cond-expr","locations":[{"start":{"line":37,"column":17},"end":{"line":37,"column":46}},{"start":{"line":37,"column":46},"end":{"line":37,"column":null}}],"line":37}},"s":{"0":10,"1":10,"2":10,"3":10,"4":10,"5":10,"6":10,"7":10,"8":14,"9":14,"10":10,"11":14},"f":{"0":10,"1":1},"b":{"0":[4,10],"1":[4,10],"2":[4,10]},"meta":{"lastBranch":0,"lastFunction":0,"lastStatement":0,"seen":{}}}
,"/Users/nyoodee/Private/cat-expense-web/src/lib/components/ExpenseDialog.svelte": {"path":"/Users/nyoodee/Private/cat-expense-web/src/lib/components/ExpenseDialog.svelte","statementMap":{"0":{"start":{"line":17,"column":20},"end":{"line":17,"column":null}},"1":{"start":{"line":19,"column":17},"end":{"line":19,"column":null}},"2":{"start":{"line":22,"column":2},"end":{"line":31,"column":null}},"3":{"start":{"line":23,"column":4},"end":{"line":27,"column":null}},"4":{"start":{"line":24,"column":6},"end":{"line":24,"column":null}},"5":{"start":{"line":26,"column":6},"end":{"line":26,"column":null}},"6":{"start":{"line":28,"column":4},"end":{"line":30,"column":null}},"7":{"start":{"line":29,"column":6},"end":{"line":29,"column":null}},"8":{"start":{"line":34,"column":19},"end":{"line":34,"column":null}},"9":{"start":{"line":35,"column":22},"end":{"line":35,"column":null}},"10":{"start":{"line":37,"column":2},"end":{"line":73,"column":null}},"11":{"start":{"line":38,"column":24},"end":{"line":39,"column":66}},"12":{"start":{"line":40,"column":4},"end":{"line":44,"column":null}},"13":{"start":{"line":41,"column":6},"end":{"line":41,"column":null}},"14":{"start":{"line":42,"column":6},"end":{"line":42,"column":null}},"15":{"start":{"line":43,"column":6},"end":{"line":43,"column":null}},"16":{"start":{"line":46,"column":22},"end":{"line":62,"column":5}},"17":{"start":{"line":47,"column":6},"end":{"line":61,"column":null}},"18":{"start":{"line":48,"column":8},"end":{"line":53,"column":null}},"19":{"start":{"line":57,"column":8},"end":{"line":57,"column":null}},"20":{"start":{"line":59,"column":8},"end":{"line":59,"column":null}},"21":{"start":{"line":60,"column":8},"end":{"line":60,"column":null}},"22":{"start":{"line":64,"column":4},"end":{"line":64,"column":null}},"23":{"start":{"line":65,"column":4},"end":{"line":65,"column":null}},"24":{"start":{"line":67,"column":4},"end":{"line":67,"column":null}},"25":{"start":{"line":69,"column":4},"end":{"line":72,"column":null}},"26":{"start":{"line":70,"column":6},"end":{"line":70,"column":null}},"27":{"start":{"line":71,"column":6},"end":{"line":71,"column":null}},"28":{"start":{"line":76,"column":2},"end":{"line":86,"column":null}},"29":{"start":{"line":77,"column":4},"end":{"line":85,"column":null}},"30":{"start":{"line":78,"column":6},"end":{"line":78,"column":null}},"31":{"start":{"line":79,"column":6},"end":{"line":81,"column":null}},"32":{"start":{"line":80,"column":8},"end":{"line":80,"column":null}},"33":{"start":{"line":82,"column":6},"end":{"line":84,"column":null}},"34":{"start":{"line":83,"column":8},"end":{"line":83,"column":null}},"35":{"start":{"line":89,"column":21},"end":{"line":93,"column":3}},"36":{"start":{"line":90,"column":4},"end":{"line":92,"column":null}},"37":{"start":{"line":95,"column":18},"end":{"line":95,"column":null}},"38":{"start":{"line":96,"column":13},"end":{"line":96,"column":null}},"39":{"start":{"line":96,"column":13},"end":{"line":96,"column":68}},"40":{"start":{"line":99,"column":26},"end":{"line":99,"column":null}},"41":{"start":{"line":102,"column":3},"end":{"line":102,"column":null}},"42":{"start":{"line":107,"column":5},"end":{"line":102,"column":null}},"43":{"start":{"line":114,"column":5},"end":{"line":107,"column":null}},"44":{"start":{"line":123,"column":10},"end":{"line":114,"column":null}},"45":{"start":{"line":124,"column":11},"end":{"line":123,"column":null}},"46":{"start":{"line":124,"column":9},"end":{"line":124,"column":61}},"47":{"start":{"line":125,"column":9},"end":{"line":124,"column":61}},"48":{"start":{"line":123,"column":7},"end":{"line":123,"column":null}},"49":{"start":{"line":137,"column":10},"end":{"line":123,"column":null}},"50":{"start":{"line":137,"column":7},"end":{"line":137,"column":null}},"51":{"start":{"line":138,"column":9},"end":{"line":138,"column":null}},"52":{"start":{"line":138,"column":58},"end":{"line":138,"column":null}},"53":{"start":{"line":140,"column":9},"end":{"line":143,"column":null}},"54":{"start":{"line":141,"column":16},"end":{"line":141,"column":null}},"55":{"start":{"line":142,"column":21},"end":{"line":142,"column":null}},"56":{"start":{"line":143,"column":21},"end":{"line":143,"column":null}},"57":{"start":{"line":114,"column":5},"end":{"line":114,"column":null}},"58":{"start":{"line":102,"column":3},"end":{"line":105,"column":null}},"59":{"start":{"line":114,"column":5},"end":{"line":117,"column":null}},"60":{"start":{"line":124,"column":61},"end":{"line":124,"column":null}},"61":{"start":{"line":107,"column":5},"end":{"line":107,"column":null}},"62":{"start":{"line":125,"column":9},"end":{"line":125,"column":null}}},"fnMap":{"0":{"name":"ExpenseDialog","decl":{"start":{"line":1,"column":0},"end":{"line":1,"column":null}},"loc":{"start":{"line":1,"column":0},"end":{"line":97,"column":null}},"line":1},"1":{"name":"(anonymous_1)","decl":{"start":{"line":22,"column":9},"end":{"line":22,"column":16}},"loc":{"start":{"line":22,"column":16},"end":{"line":31,"column":3}},"line":22},"2":{"name":"(anonymous_2)","decl":{"start":{"line":28,"column":10},"end":{"line":28,"column":17}},"loc":{"start":{"line":28,"column":17},"end":{"line":30,"column":5}},"line":28},"3":{"name":"(anonymous_3)","decl":{"start":{"line":37,"column":9},"end":{"line":37,"column":16}},"loc":{"start":{"line":37,"column":16},"end":{"line":73,"column":3}},"line":37},"4":{"name":"(anonymous_4)","decl":{"start":{"line":46,"column":22},"end":{"line":46,"column":31}},"loc":{"start":{"line":46,"column":31},"end":{"line":62,"column":5}},"line":46},"5":{"name":"(anonymous_5)","decl":{"start":{"line":69,"column":10},"end":{"line":69,"column":17}},"loc":{"start":{"line":69,"column":17},"end":{"line":72,"column":5}},"line":69},"6":{"name":"(anonymous_6)","decl":{"start":{"line":76,"column":9},"end":{"line":76,"column":16}},"loc":{"start":{"line":76,"column":16},"end":{"line":86,"column":3}},"line":76},"7":{"name":"(anonymous_7)","decl":{"start":{"line":79,"column":27},"end":{"line":79,"column":34}},"loc":{"start":{"line":79,"column":34},"end":{"line":81,"column":7}},"line":79},"8":{"name":"(anonymous_8)","decl":{"start":{"line":82,"column":12},"end":{"line":82,"column":19}},"loc":{"start":{"line":82,"column":19},"end":{"line":84,"column":7}},"line":82},"9":{"name":"(anonymous_9)","decl":{"start":{"line":89,"column":21},"end":{"line":89,"column":25}},"loc":{"start":{"line":89,"column":46},"end":{"line":93,"column":3}},"line":89},"10":{"name":"(anonymous_10)","decl":{"start":{"line":95,"column":18},"end":{"line":95,"column":35}},"loc":{"start":{"line":95,"column":18},"end":{"line":95,"column":null}},"line":95},"11":{"name":"(anonymous_11)","decl":{"start":{"line":96,"column":13},"end":{"line":96,"column":25}},"loc":{"start":{"line":96,"column":13},"end":{"line":96,"column":68}},"line":96},"12":{"name":"(anonymous_12)","decl":{"start":{"line":138,"column":9},"end":{"line":138,"column":20}},"loc":{"start":{"line":138,"column":9},"end":{"line":138,"column":null}},"line":138},"13":{"name":"(anonymous_13)","decl":{"start":{"line":138,"column":39},"end":{"line":138,"column":56}},"loc":{"start":{"line":138,"column":56},"end":{"line":138,"column":null}},"line":138},"14":{"name":"(anonymous_14)","decl":{"start":{"line":140,"column":9},"end":{"line":140,"column":null}},"loc":{"start":{"line":140,"column":9},"end":{"line":143,"column":null}},"line":140},"15":{"name":"(anonymous_15)","decl":{"start":{"line":114,"column":5},"end":{"line":114,"column":null}},"loc":{"start":{"line":114,"column":5},"end":{"line":114,"column":null}},"line":114},"16":{"name":"(anonymous_16)","decl":{"start":{"line":107,"column":5},"end":{"line":107,"column":null}},"loc":{"start":{"line":107,"column":5},"end":{"line":107,"column":null}},"line":107},"17":{"name":"(anonymous_17)","decl":{"start":{"line":125,"column":9},"end":{"line":125,"column":null}},"loc":{"start":{"line":125,"column":9},"end":{"line":125,"column":null}},"line":125}},"branchMap":{"0":{"loc":{"start":{"line":23,"column":4},"end":{"line":27,"column":null}},"type":"if","locations":[{"start":{"line":23,"column":4},"end":{"line":27,"column":null}},{"start":{"line":25,"column":11},"end":{"line":27,"column":null}}],"line":23},"1":{"loc":{"start":{"line":38,"column":24},"end":{"line":39,"column":66}},"type":"cond-expr","locations":[{"start":{"line":39,"column":38},"end":{"line":39,"column":59}},{"start":{"line":39,"column":62},"end":{"line":39,"column":66}}],"line":38},"2":{"loc":{"start":{"line":40,"column":4},"end":{"line":44,"column":null}},"type":"if","locations":[{"start":{"line":40,"column":4},"end":{"line":44,"column":null}},{"start":{},"end":{}}],"line":40},"3":{"loc":{"start":{"line":40,"column":6},"end":{"line":40,"column":34}},"type":"binary-expr","locations":[{"start":{"line":40,"column":6},"end":{"line":40,"column":20}},{"start":{"line":40,"column":6},"end":{"line":40,"column":34}}],"line":40},"4":{"loc":{"start":{"line":47,"column":6},"end":{"line":61,"column":null}},"type":"if","locations":[{"start":{"line":47,"column":6},"end":{"line":61,"column":null}},{"start":{"line":58,"column":13},"end":{"line":61,"column":null}}],"line":47},"5":{"loc":{"start":{"line":77,"column":4},"end":{"line":85,"column":null}},"type":"if","locations":[{"start":{"line":77,"column":4},"end":{"line":85,"column":null}},{"start":{},"end":{}}],"line":77},"6":{"loc":{"start":{"line":90,"column":4},"end":{"line":92,"column":null}},"type":"if","locations":[{"start":{"line":90,"column":4},"end":{"line":92,"column":null}},{"start":{},"end":{}}],"line":90},"7":{"loc":{"start":{"line":90,"column":6},"end":{"line":90,"column":38}},"type":"binary-expr","locations":[{"start":{"line":90,"column":6},"end":{"line":90,"column":18}},{"start":{"line":90,"column":6},"end":{"line":90,"column":38}}],"line":90},"8":{"loc":{"start":{"line":96,"column":13},"end":{"line":96,"column":68}},"type":"cond-expr","locations":[{"start":{"line":96,"column":38},"end":{"line":96,"column":52}},{"start":{"line":96,"column":55},"end":{"line":96,"column":68}}],"line":96}},"s":{"0":8,"1":8,"2":8,"3":11,"4":6,"5":5,"6":11,"7":11,"8":8,"9":8,"10":8,"11":11,"12":11,"13":11,"14":11,"15":11,"16":0,"17":0,"18":0,"19":0,"20":0,"21":0,"22":0,"23":0,"24":0,"25":0,"26":0,"27":0,"28":8,"29":11,"30":6,"31":6,"32":6,"33":6,"34":6,"35":8,"36":1,"37":6,"38":8,"39":6,"40":8,"41":6,"42":6,"43":6,"44":6,"45":6,"46":6,"47":6,"48":6,"49":6,"50":6,"51":6,"52":12,"53":6,"54":8,"55":40,"56":0,"57":12,"58":6,"59":6,"60":6,"61":6,"62":6},"f":{"0":8,"1":11,"2":11,"3":11,"4":0,"5":0,"6":11,"7":6,"8":6,"9":1,"10":6,"11":6,"12":6,"13":30,"14":6,"15":18,"16":0,"17":1},"b":{"0":[6,5],"1":[11,0],"2":[11,0],"3":[11,6],"4":[0,0],"5":[6,5],"6":[1,0],"7":[1,1],"8":[1,5]},"meta":{"lastBranch":0,"lastFunction":0,"lastStatement":0,"seen":{}}}
,"/Users/nyoodee/Private/cat-expense-web/src/lib/components/ExpenseForm.svelte": {"path":"/Users/nyoodee/Private/cat-expense-web/src/lib/components/ExpenseForm.svelte","statementMap":{"0":{"start":{"line":20,"column":36},"end":{"line":20,"column":null}},"1":{"start":{"line":22,"column":24},"end":{"line":31,"column":3}},"2":{"start":{"line":23,"column":4},"end":{"line":29,"column":null}},"3":{"start":{"line":24,"column":6},"end":{"line":27,"column":null}},"4":{"start":{"line":30,"column":4},"end":{"line":30,"column":null}},"5":{"start":{"line":33,"column":10},"end":{"line":33,"column":null}},"6":{"start":{"line":34,"column":14},"end":{"line":34,"column":null}},"7":{"start":{"line":35,"column":12},"end":{"line":35,"column":null}},"8":{"start":{"line":36,"column":12},"end":{"line":36,"column":null}},"9":{"start":{"line":37,"column":18},"end":{"line":37,"column":null}},"10":{"start":{"line":40,"column":2},"end":{"line":47,"column":null}},"11":{"start":{"line":41,"column":19},"end":{"line":41,"column":null}},"12":{"start":{"line":42,"column":4},"end":{"line":42,"column":null}},"13":{"start":{"line":43,"column":4},"end":{"line":43,"column":null}},"14":{"start":{"line":44,"column":4},"end":{"line":44,"column":null}},"15":{"start":{"line":45,"column":4},"end":{"line":45,"column":null}},"16":{"start":{"line":46,"column":4},"end":{"line":46,"column":null}},"17":{"start":{"line":50,"column":2},"end":{"line":59,"column":null}},"18":{"start":{"line":51,"column":4},"end":{"line":51,"column":null}},"19":{"start":{"line":51,"column":23},"end":{"line":51,"column":null}},"20":{"start":{"line":53,"column":44},"end":{"line":56,"column":null}},"21":{"start":{"line":58,"column":4},"end":{"line":58,"column":null}},"22":{"start":{"line":61,"column":24},"end":{"line":83,"column":3}},"23":{"start":{"line":62,"column":4},"end":{"line":62,"column":null}},"24":{"start":{"line":63,"column":4},"end":{"line":63,"column":null}},"25":{"start":{"line":65,"column":44},"end":{"line":68,"column":null}},"26":{"start":{"line":71,"column":26},"end":{"line":71,"column":null}},"27":{"start":{"line":73,"column":4},"end":{"line":76,"column":null}},"28":{"start":{"line":74,"column":6},"end":{"line":74,"column":null}},"29":{"start":{"line":75,"column":6},"end":{"line":75,"column":null}},"30":{"start":{"line":85,"column":18},"end":{"line":85,"column":null}},"31":{"start":{"line":86,"column":19},"end":{"line":86,"column":null}},"32":{"start":{"line":86,"column":19},"end":{"line":86,"column":63}},"33":{"start":{"line":89,"column":5},"end":{"line":89,"column":37}},"34":{"start":{"line":90,"column":6},"end":{"line":89,"column":37}},"35":{"start":{"line":92,"column":5},"end":{"line":90,"column":null}},"36":{"start":{"line":103,"column":7},"end":{"line":92,"column":null}},"37":{"start":{"line":103,"column":7},"end":{"line":103,"column":null}},"38":{"start":{"line":103,"column":7},"end":{"line":106,"column":null}},"39":{"start":{"line":106,"column":19},"end":{"line":106,"column":null}},"40":{"start":{"line":115,"column":9},"end":{"line":115,"column":null}},"41":{"start":{"line":120,"column":11},"end":{"line":120,"column":null}},"42":{"start":{"line":114,"column":11},"end":{"line":114,"column":null}},"43":{"start":{"line":114,"column":22},"end":{"line":114,"column":null}},"44":{"start":{"line":92,"column":5},"end":{"line":92,"column":null}},"45":{"start":{"line":126,"column":5},"end":{"line":92,"column":null}},"46":{"start":{"line":137,"column":7},"end":{"line":126,"column":null}},"47":{"start":{"line":146,"column":15},"end":{"line":137,"column":null}},"48":{"start":{"line":146,"column":9},"end":{"line":146,"column":null}},"49":{"start":{"line":147,"column":15},"end":{"line":148,"column":25}},"50":{"start":{"line":147,"column":15},"end":{"line":147,"column":25}},"51":{"start":{"line":147,"column":34},"end":{"line":147,"column":37}},"52":{"start":{"line":148,"column":17},"end":{"line":148,"column":25}},"53":{"start":{"line":148,"column":11},"end":{"line":148,"column":25}},"54":{"start":{"line":149,"column":13},"end":{"line":150,"column":null}},"55":{"start":{"line":148,"column":25},"end":{"line":148,"column":null}},"56":{"start":{"line":148,"column":11},"end":{"line":148,"column":null}},"57":{"start":{"line":137,"column":7},"end":{"line":137,"column":null}},"58":{"start":{"line":155,"column":9},"end":{"line":155,"column":null}},"59":{"start":{"line":160,"column":11},"end":{"line":160,"column":null}},"60":{"start":{"line":154,"column":11},"end":{"line":154,"column":null}},"61":{"start":{"line":154,"column":26},"end":{"line":154,"column":null}},"62":{"start":{"line":126,"column":5},"end":{"line":126,"column":null}},"63":{"start":{"line":166,"column":5},"end":{"line":126,"column":null}},"64":{"start":{"line":177,"column":7},"end":{"line":166,"column":null}},"65":{"start":{"line":177,"column":7},"end":{"line":177,"column":null}},"66":{"start":{"line":188,"column":9},"end":{"line":188,"column":null}},"67":{"start":{"line":193,"column":11},"end":{"line":193,"column":null}},"68":{"start":{"line":187,"column":11},"end":{"line":187,"column":null}},"69":{"start":{"line":187,"column":24},"end":{"line":187,"column":null}},"70":{"start":{"line":166,"column":5},"end":{"line":166,"column":null}},"71":{"start":{"line":90,"column":3},"end":{"line":90,"column":null}},"72":{"start":{"line":200,"column":6},"end":{"line":90,"column":null}},"73":{"start":{"line":201,"column":5},"end":{"line":200,"column":null}},"74":{"start":{"line":201,"column":5},"end":{"line":201,"column":null}},"75":{"start":{"line":200,"column":3},"end":{"line":200,"column":null}},"76":{"start":{"line":89,"column":1},"end":{"line":89,"column":37}},"77":{"start":{"line":92,"column":5},"end":{"line":95,"column":null}},"78":{"start":{"line":103,"column":7},"end":{"line":110,"column":null}},"79":{"start":{"line":103,"column":7},"end":{"line":111,"column":null}},"80":{"start":{"line":126,"column":5},"end":{"line":129,"column":null}},"81":{"start":{"line":137,"column":7},"end":{"line":141,"column":null}},"82":{"start":{"line":137,"column":7},"end":{"line":144,"column":null}},"83":{"start":{"line":166,"column":5},"end":{"line":169,"column":null}},"84":{"start":{"line":177,"column":7},"end":{"line":184,"column":null}},"85":{"start":{"line":177,"column":7},"end":{"line":185,"column":null}},"86":{"start":{"line":206,"column":7},"end":{"line":206,"column":null}},"87":{"start":{"line":89,"column":1},"end":{"line":89,"column":null}},"88":{"start":{"line":108,"column":20},"end":{"line":108,"column":null}},"89":{"start":{"line":140,"column":20},"end":{"line":140,"column":null}},"90":{"start":{"line":182,"column":20},"end":{"line":182,"column":null}}},"fnMap":{"0":{"name":"ExpenseForm","decl":{"start":{"line":1,"column":0},"end":{"line":1,"column":null}},"loc":{"start":{"line":1,"column":0},"end":{"line":87,"column":null}},"line":1},"1":{"name":"(anonymous_1)","decl":{"start":{"line":22,"column":24},"end":{"line":22,"column":28}},"loc":{"start":{"line":22,"column":49},"end":{"line":31,"column":3}},"line":22},"2":{"name":"(anonymous_2)","decl":{"start":{"line":40,"column":9},"end":{"line":40,"column":16}},"loc":{"start":{"line":40,"column":16},"end":{"line":47,"column":3}},"line":40},"3":{"name":"(anonymous_3)","decl":{"start":{"line":50,"column":9},"end":{"line":50,"column":16}},"loc":{"start":{"line":50,"column":16},"end":{"line":59,"column":3}},"line":50},"4":{"name":"(anonymous_4)","decl":{"start":{"line":61,"column":24},"end":{"line":61,"column":28}},"loc":{"start":{"line":61,"column":41},"end":{"line":83,"column":3}},"line":61},"5":{"name":"(anonymous_5)","decl":{"start":{"line":85,"column":18},"end":{"line":85,"column":35}},"loc":{"start":{"line":85,"column":18},"end":{"line":85,"column":null}},"line":85},"6":{"name":"(anonymous_6)","decl":{"start":{"line":86,"column":19},"end":{"line":86,"column":31}},"loc":{"start":{"line":86,"column":19},"end":{"line":86,"column":63}},"line":86},"7":{"name":"(anonymous_8)","decl":{"start":{"line":106,"column":31},"end":{"line":106,"column":null}},"loc":{"start":{"line":106,"column":19},"end":{"line":106,"column":null}},"line":106},"8":{"name":"(anonymous_9)","decl":{"start":{"line":120,"column":11},"end":{"line":120,"column":17}},"loc":{"start":{"line":120,"column":11},"end":{"line":120,"column":null}},"line":120},"9":{"name":"(anonymous_10)","decl":{"start":{"line":147,"column":15},"end":{"line":147,"column":25}},"loc":{"start":{"line":147,"column":15},"end":{"line":148,"column":25}},"line":147},"10":{"name":"(anonymous_11)","decl":{"start":{"line":147,"column":25},"end":{"line":147,"column":29}},"loc":{"start":{"line":147,"column":34},"end":{"line":147,"column":37}},"line":147},"11":{"name":"(anonymous_12)","decl":{"start":{"line":147,"column":37},"end":{"line":147,"column":null}},"loc":{"start":{"line":147,"column":32},"end":{"line":148,"column":25}},"line":147},"12":{"name":"(anonymous_13)","decl":{"start":{"line":160,"column":11},"end":{"line":160,"column":17}},"loc":{"start":{"line":160,"column":11},"end":{"line":160,"column":null}},"line":160},"13":{"name":"(anonymous_14)","decl":{"start":{"line":193,"column":11},"end":{"line":193,"column":17}},"loc":{"start":{"line":193,"column":11},"end":{"line":193,"column":null}},"line":193},"14":{"name":"get","decl":{"start":{"line":108,"column":8},"end":{"line":108,"column":18}},"loc":{"start":{"line":108,"column":18},"end":{"line":108,"column":null}},"line":108},"15":{"name":"get","decl":{"start":{"line":140,"column":8},"end":{"line":140,"column":18}},"loc":{"start":{"line":140,"column":18},"end":{"line":140,"column":null}},"line":140},"16":{"name":"get","decl":{"start":{"line":182,"column":8},"end":{"line":182,"column":18}},"loc":{"start":{"line":182,"column":18},"end":{"line":182,"column":null}},"line":182}},"branchMap":{"0":{"loc":{"start":{"line":23,"column":4},"end":{"line":29,"column":null}},"type":"if","locations":[{"start":{"line":23,"column":4},"end":{"line":29,"column":null}},{"start":{},"end":{}}],"line":23},"1":{"loc":{"start":{"line":51,"column":4},"end":{"line":51,"column":null}},"type":"if","locations":[{"start":{"line":51,"column":4},"end":{"line":51,"column":null}},{"start":{},"end":{}}],"line":51},"2":{"loc":{"start":{"line":55,"column":14},"end":{"line":55,"column":37}},"type":"binary-expr","locations":[{"start":{"line":55,"column":14},"end":{"line":55,"column":28}},{"start":{"line":55,"column":28},"end":{"line":55,"column":37}}],"line":55},"3":{"loc":{"start":{"line":56,"column":12},"end":{"line":56,"column":null}},"type":"cond-expr","locations":[{"start":{"line":56,"column":23},"end":{"line":56,"column":40}},{"start":{"line":56,"column":40},"end":{"line":56,"column":null}}],"line":56},"4":{"loc":{"start":{"line":67,"column":14},"end":{"line":67,"column":37}},"type":"binary-expr","locations":[{"start":{"line":67,"column":14},"end":{"line":67,"column":28}},{"start":{"line":67,"column":28},"end":{"line":67,"column":37}}],"line":67},"5":{"loc":{"start":{"line":68,"column":12},"end":{"line":68,"column":null}},"type":"cond-expr","locations":[{"start":{"line":68,"column":23},"end":{"line":68,"column":40}},{"start":{"line":68,"column":40},"end":{"line":68,"column":null}}],"line":68},"6":{"loc":{"start":{"line":73,"column":4},"end":{"line":76,"column":null}},"type":"if","locations":[{"start":{"line":73,"column":4},"end":{"line":76,"column":null}},{"start":{},"end":{}}],"line":73},"7":{"loc":{"start":{"line":86,"column":19},"end":{"line":86,"column":63}},"type":"cond-expr","locations":[{"start":{"line":86,"column":44},"end":{"line":86,"column":52}},{"start":{"line":86,"column":55},"end":{"line":86,"column":63}}],"line":86},"8":{"loc":{"start":{"line":114,"column":11},"end":{"line":114,"column":null}},"type":"if","locations":[{"start":{"line":114,"column":11},"end":{"line":114,"column":null}},{"start":{},"end":{}}],"line":114},"9":{"loc":{"start":{"line":149,"column":13},"end":{"line":149,"column":null}},"type":"binary-expr","locations":[{"start":{"line":149,"column":13},"end":{"line":149,"column":39}},{"start":{"line":149,"column":39},"end":{"line":149,"column":null}}],"line":149},"10":{"loc":{"start":{"line":150,"column":13},"end":{"line":150,"column":null}},"type":"binary-expr","locations":[{"start":{"line":150,"column":13},"end":{"line":150,"column":39}},{"start":{"line":150,"column":39},"end":{"line":150,"column":null}}],"line":150},"11":{"loc":{"start":{"line":148,"column":25},"end":{"line":148,"column":null}},"type":"if","locations":[{"start":{"line":148,"column":25},"end":{"line":148,"column":null}},{"start":{},"end":{}}],"line":148},"12":{"loc":{"start":{"line":148,"column":17},"end":{"line":148,"column":null}},"type":"binary-expr","locations":[{"start":{"line":148,"column":11},"end":{"line":148,"column":28}},{"start":{"line":148,"column":28},"end":{"line":148,"column":null}}],"line":148},"13":{"loc":{"start":{"line":154,"column":11},"end":{"line":154,"column":null}},"type":"if","locations":[{"start":{"line":154,"column":11},"end":{"line":154,"column":null}},{"start":{},"end":{}}],"line":154},"14":{"loc":{"start":{"line":187,"column":11},"end":{"line":187,"column":null}},"type":"if","locations":[{"start":{"line":187,"column":11},"end":{"line":187,"column":null}},{"start":{},"end":{}}],"line":187},"15":{"loc":{"start":{"line":92,"column":5},"end":{"line":95,"column":12}},"type":"cond-expr","locations":[{"start":{"line":94,"column":10},"end":{"line":94,"column":37}},{"start":{"line":95,"column":10},"end":{"line":95,"column":12}}],"line":92},"16":{"loc":{"start":{"line":103,"column":7},"end":{"line":111,"column":72}},"type":"cond-expr","locations":[{"start":{"line":111,"column":40},"end":{"line":111,"column":60}},{"start":{"line":111,"column":63},"end":{"line":111,"column":72}}],"line":103},"17":{"loc":{"start":{"line":126,"column":5},"end":{"line":129,"column":12}},"type":"cond-expr","locations":[{"start":{"line":128,"column":10},"end":{"line":128,"column":37}},{"start":{"line":129,"column":10},"end":{"line":129,"column":12}}],"line":126},"18":{"loc":{"start":{"line":137,"column":7},"end":{"line":144,"column":21}},"type":"cond-expr","locations":[{"start":{"line":143,"column":12},"end":{"line":143,"column":35}},{"start":{"line":144,"column":12},"end":{"line":144,"column":21}}],"line":137},"19":{"loc":{"start":{"line":166,"column":5},"end":{"line":169,"column":12}},"type":"cond-expr","locations":[{"start":{"line":168,"column":10},"end":{"line":168,"column":37}},{"start":{"line":169,"column":10},"end":{"line":169,"column":12}}],"line":166},"20":{"loc":{"start":{"line":177,"column":7},"end":{"line":185,"column":76}},"type":"cond-expr","locations":[{"start":{"line":185,"column":42},"end":{"line":185,"column":64}},{"start":{"line":185,"column":67},"end":{"line":185,"column":76}}],"line":177}},"s":{"0":10,"1":10,"2":10,"3":2,"4":8,"5":10,"6":10,"7":10,"8":10,"9":10,"10":10,"11":10,"12":10,"13":10,"14":10,"15":10,"16":10,"17":10,"18":12,"19":10,"20":2,"21":12,"22":10,"23":3,"24":3,"25":3,"26":3,"27":3,"28":1,"29":1,"30":10,"31":10,"32":10,"33":10,"34":10,"35":10,"36":10,"37":10,"38":10,"39":20,"40":1,"41":2,"42":23,"43":2,"44":10,"45":10,"46":10,"47":10,"48":10,"49":10,"50":10,"51":60,"52":30,"53":30,"54":30,"55":30,"56":30,"57":10,"58":1,"59":2,"60":23,"61":2,"62":10,"63":10,"64":10,"65":10,"66":1,"67":2,"68":23,"69":2,"70":10,"71":10,"72":10,"73":10,"74":10,"75":10,"76":10,"77":23,"78":23,"79":23,"80":23,"81":23,"82":23,"83":23,"84":23,"85":23,"86":23,"87":10,"88":2,"89":2,"90":2},"f":{"0":10,"1":10,"2":10,"3":12,"4":3,"5":10,"6":10,"7":20,"8":2,"9":20,"10":60,"11":30,"12":2,"13":2,"14":28,"15":16,"16":28},"b":{"0":[2,8],"1":[10,2],"2":[2,1],"3":[1,1],"4":[3,1],"5":[2,1],"6":[1,2],"7":[2,8],"8":[2,21],"9":[30,0],"10":[30,0],"11":[30,0],"12":[30,0],"13":[2,21],"14":[2,21],"15":[2,21],"16":[2,21],"17":[2,21],"18":[2,21],"19":[2,21],"20":[2,21]},"meta":{"lastBranch":0,"lastFunction":0,"lastStatement":0,"seen":{}}}
,"/Users/nyoodee/Private/cat-expense-web/src/lib/components/ExpenseRow.svelte": {"path":"/Users/nyoodee/Private/cat-expense-web/src/lib/components/ExpenseRow.svelte","statementMap":{"0":{"start":{"line":24,"column":18},"end":{"line":24,"column":null}},"1":{"start":{"line":24,"column":30},"end":{"line":24,"column":null}},"2":{"start":{"line":26,"column":13},"end":{"line":26,"column":null}},"3":{"start":{"line":27,"column":17},"end":{"line":27,"column":null}},"4":{"start":{"line":29,"column":24},"end":{"line":34,"column":3}},"5":{"start":{"line":30,"column":4},"end":{"line":33,"column":null}},"6":{"start":{"line":31,"column":25},"end":{"line":31,"column":69}},"7":{"start":{"line":32,"column":6},"end":{"line":32,"column":null}},"8":{"start":{"line":36,"column":24},"end":{"line":38,"column":3}},"9":{"start":{"line":37,"column":4},"end":{"line":37,"column":null}},"10":{"start":{"line":40,"column":16},"end":{"line":47,"column":null}},"11":{"start":{"line":50,"column":16},"end":{"line":51,"column":null}},"12":{"start":{"line":54,"column":22},"end":{"line":56,"column":3}},"13":{"start":{"line":59,"column":1},"end":{"line":59,"column":null}},"14":{"start":{"line":73,"column":6},"end":{"line":59,"column":null}},"15":{"start":{"line":74,"column":5},"end":{"line":73,"column":null}},"16":{"start":{"line":74,"column":5},"end":{"line":74,"column":null}},"17":{"start":{"line":73,"column":3},"end":{"line":73,"column":null}},"18":{"start":{"line":85,"column":3},"end":{"line":73,"column":null}},"19":{"start":{"line":93,"column":9},"end":{"line":85,"column":null}},"20":{"start":{"line":93,"column":5},"end":{"line":93,"column":21}},"21":{"start":{"line":93,"column":5},"end":{"line":93,"column":null}},"22":{"start":{"line":93,"column":9},"end":{"line":93,"column":null}},"23":{"start":{"line":93,"column":28},"end":{"line":93,"column":null}},"24":{"start":{"line":85,"column":3},"end":{"line":85,"column":null}},"25":{"start":{"line":98,"column":6},"end":{"line":85,"column":null}},"26":{"start":{"line":99,"column":9},"end":{"line":98,"column":null}},"27":{"start":{"line":100,"column":11},"end":{"line":99,"column":17}},"28":{"start":{"line":100,"column":7},"end":{"line":100,"column":32}},"29":{"start":{"line":99,"column":5},"end":{"line":99,"column":17}},"30":{"start":{"line":98,"column":3},"end":{"line":98,"column":null}},"31":{"start":{"line":105,"column":6},"end":{"line":98,"column":null}},"32":{"start":{"line":105,"column":3},"end":{"line":105,"column":null}},"33":{"start":{"line":109,"column":6},"end":{"line":105,"column":null}},"34":{"start":{"line":110,"column":5},"end":{"line":109,"column":null}},"35":{"start":{"line":139,"column":5},"end":{"line":110,"column":null}},"36":{"start":{"line":109,"column":3},"end":{"line":109,"column":null}},"37":{"start":{"line":59,"column":1},"end":{"line":60,"column":null}},"38":{"start":{"line":59,"column":1},"end":{"line":63,"column":null}},"39":{"start":{"line":74,"column":5},"end":{"line":80,"column":null}},"40":{"start":{"line":74,"column":5},"end":{"line":81,"column":null}},"41":{"start":{"line":85,"column":3},"end":{"line":88,"column":null}},"42":{"start":{"line":94,"column":16},"end":{"line":94,"column":null}},"43":{"start":{"line":99,"column":5},"end":{"line":99,"column":null}},"44":{"start":{"line":100,"column":32},"end":{"line":100,"column":null}},"45":{"start":{"line":101,"column":7},"end":{"line":101,"column":null}},"46":{"start":{"line":110,"column":5},"end":{"line":117,"column":null}},"47":{"start":{"line":139,"column":5},"end":{"line":146,"column":null}},"48":{"start":{"line":106,"column":5},"end":{"line":106,"column":null}},"49":{"start":{"line":59,"column":1},"end":{"line":64,"column":null}},"50":{"start":{"line":59,"column":1},"end":{"line":70,"column":null}},"51":{"start":{"line":66,"column":4},"end":{"line":69,"column":null}},"52":{"start":{"line":67,"column":6},"end":{"line":67,"column":null}},"53":{"start":{"line":68,"column":6},"end":{"line":68,"column":null}},"54":{"start":{"line":74,"column":5},"end":{"line":78,"column":null}},"55":{"start":{"line":78,"column":22},"end":{"line":78,"column":null}},"56":{"start":{"line":74,"column":5},"end":{"line":79,"column":null}},"57":{"start":{"line":79,"column":45},"end":{"line":79,"column":null}},"58":{"start":{"line":85,"column":3},"end":{"line":89,"column":null}},"59":{"start":{"line":85,"column":3},"end":{"line":90,"column":null}},"60":{"start":{"line":110,"column":5},"end":{"line":115,"column":null}},"61":{"start":{"line":113,"column":8},"end":{"line":113,"column":null}},"62":{"start":{"line":139,"column":5},"end":{"line":144,"column":null}},"63":{"start":{"line":142,"column":8},"end":{"line":142,"column":null}},"64":{"start":{"line":143,"column":28},"end":{"line":143,"column":null}}},"fnMap":{"0":{"name":"ExpenseRow","decl":{"start":{"line":1,"column":0},"end":{"line":1,"column":null}},"loc":{"start":{"line":1,"column":0},"end":{"line":57,"column":null}},"line":1},"1":{"name":"(anonymous_1)","decl":{"start":{"line":24,"column":18},"end":{"line":24,"column":30}},"loc":{"start":{"line":24,"column":30},"end":{"line":24,"column":null}},"line":24},"2":{"name":"(anonymous_2)","decl":{"start":{"line":29,"column":24},"end":{"line":29,"column":33}},"loc":{"start":{"line":29,"column":33},"end":{"line":34,"column":3}},"line":29},"3":{"name":"(anonymous_3)","decl":{"start":{"line":36,"column":24},"end":{"line":36,"column":33}},"loc":{"start":{"line":36,"column":33},"end":{"line":38,"column":3}},"line":36},"4":{"name":"(anonymous_4)","decl":{"start":{"line":50,"column":16},"end":{"line":50,"column":null}},"loc":{"start":{"line":50,"column":16},"end":{"line":51,"column":null}},"line":50},"5":{"name":"(anonymous_5)","decl":{"start":{"line":54,"column":22},"end":{"line":54,"column":31}},"loc":{"start":{"line":54,"column":31},"end":{"line":56,"column":3}},"line":54},"6":{"name":"(anonymous_6)","decl":{"start":{"line":93,"column":9},"end":{"line":93,"column":21}},"loc":{"start":{"line":93,"column":9},"end":{"line":93,"column":null}},"line":93},"7":{"name":"(anonymous_7)","decl":{"start":{"line":93,"column":28},"end":{"line":93,"column":null}},"loc":{"start":{"line":93,"column":28},"end":{"line":93,"column":null}},"line":93},"8":{"name":"(anonymous_8)","decl":{"start":{"line":106,"column":5},"end":{"line":106,"column":19}},"loc":{"start":{"line":106,"column":5},"end":{"line":106,"column":null}},"line":106},"9":{"name":"keydown","decl":{"start":{"line":59,"column":1},"end":{"line":59,"column":null}},"loc":{"start":{"line":65,"column":20},"end":{"line":70,"column":3}},"line":65},"10":{"name":"click","decl":{"start":{"line":74,"column":5},"end":{"line":74,"column":null}},"loc":{"start":{"line":78,"column":17},"end":{"line":78,"column":null}},"line":78},"11":{"name":"click_1","decl":{"start":{"line":110,"column":5},"end":{"line":110,"column":null}},"loc":{"start":{"line":112,"column":22},"end":{"line":115,"column":7}},"line":112},"12":{"name":"click_2","decl":{"start":{"line":139,"column":5},"end":{"line":139,"column":null}},"loc":{"start":{"line":141,"column":22},"end":{"line":144,"column":7}},"line":141}},"branchMap":{"0":{"loc":{"start":{"line":30,"column":4},"end":{"line":33,"column":null}},"type":"if","locations":[{"start":{"line":30,"column":4},"end":{"line":33,"column":null}},{"start":{},"end":{}}],"line":30},"1":{"loc":{"start":{"line":43,"column":22},"end":{"line":43,"column":53}},"type":"cond-expr","locations":[{"start":{"line":43,"column":22},"end":{"line":43,"column":48}},{"start":{"line":43,"column":51},"end":{"line":43,"column":53}}],"line":43},"2":{"loc":{"start":{"line":44,"column":19},"end":{"line":44,"column":null}},"type":"cond-expr","locations":[{"start":{"line":44,"column":19},"end":{"line":44,"column":42}},{"start":{"line":44,"column":45},"end":{"line":44,"column":null}}],"line":44},"3":{"loc":{"start":{"line":85,"column":3},"end":{"line":88,"column":56}},"type":"cond-expr","locations":[{"start":{"line":88,"column":29},"end":{"line":88,"column":44}},{"start":{"line":88,"column":47},"end":{"line":88,"column":56}}],"line":85},"4":{"loc":{"start":{"line":101,"column":7},"end":{"line":101,"column":null}},"type":"binary-expr","locations":[{"start":{"line":101,"column":7},"end":{"line":101,"column":25}},{"start":{"line":101,"column":25},"end":{"line":101,"column":null}}],"line":101},"5":{"loc":{"start":{"line":66,"column":4},"end":{"line":69,"column":null}},"type":"if","locations":[{"start":{"line":66,"column":4},"end":{"line":69,"column":null}},{"start":{},"end":{}}],"line":66},"6":{"loc":{"start":{"line":66,"column":6},"end":{"line":66,"column":44}},"type":"binary-expr","locations":[{"start":{"line":66,"column":6},"end":{"line":66,"column":29}},{"start":{"line":66,"column":25},"end":{"line":66,"column":44}}],"line":66}},"s":{"0":11,"1":15,"2":11,"3":11,"4":11,"5":0,"6":0,"7":0,"8":11,"9":0,"10":11,"11":11,"12":11,"13":11,"14":11,"15":11,"16":15,"17":11,"18":11,"19":11,"20":11,"21":11,"22":22,"23":22,"24":11,"25":11,"26":11,"27":11,"28":11,"29":11,"30":11,"31":11,"32":11,"33":11,"34":11,"35":11,"36":11,"37":15,"38":15,"39":15,"40":15,"41":15,"42":15,"43":15,"44":15,"45":15,"46":15,"47":15,"48":15,"49":11,"50":11,"51":0,"52":0,"53":0,"54":11,"55":1,"56":11,"57":1,"58":11,"59":11,"60":11,"61":1,"62":11,"63":1,"64":1},"f":{"0":11,"1":15,"2":0,"3":0,"4":11,"5":1,"6":22,"7":22,"8":15,"9":0,"10":2,"11":1,"12":1},"b":{"0":[0,0],"1":[2,9],"2":[1,10],"3":[0,15],"4":[15,0],"5":[0,0],"6":[0,0]},"meta":{"lastBranch":0,"lastFunction":0,"lastStatement":0,"seen":{}}}
,"/Users/nyoodee/Private/cat-expense-web/src/lib/components/ExpenseTable.svelte": {"path":"/Users/nyoodee/Private/cat-expense-web/src/lib/components/ExpenseTable.svelte","statementMap":{"0":{"start":{"line":41,"column":21},"end":{"line":41,"column":39}},"1":{"start":{"line":47,"column":4},"end":{"line":53,"column":null}},"2":{"start":{"line":57,"column":17},"end":{"line":57,"column":null}},"3":{"start":{"line":57,"column":17},"end":{"line":57,"column":48}},"4":{"start":{"line":59,"column":17},"end":{"line":59,"column":null}},"5":{"start":{"line":60,"column":17},"end":{"line":63,"column":null}},"6":{"start":{"line":60,"column":37},"end":{"line":60,"column":null}},"7":{"start":{"line":62,"column":17},"end":{"line":62,"column":27}},"8":{"start":{"line":66,"column":2},"end":{"line":68,"column":null}},"9":{"start":{"line":67,"column":4},"end":{"line":67,"column":null}},"10":{"start":{"line":70,"column":21},"end":{"line":86,"column":3}},"11":{"start":{"line":71,"column":48},"end":{"line":71,"column":52}},"12":{"start":{"line":72,"column":4},"end":{"line":80,"column":null}},"13":{"start":{"line":73,"column":6},"end":{"line":78,"column":null}},"14":{"start":{"line":74,"column":8},"end":{"line":77,"column":null}},"15":{"start":{"line":75,"column":25},"end":{"line":75,"column":42}},"16":{"start":{"line":76,"column":10},"end":{"line":76,"column":null}},"17":{"start":{"line":79,"column":6},"end":{"line":79,"column":null}},"18":{"start":{"line":81,"column":4},"end":{"line":84,"column":null}},"19":{"start":{"line":83,"column":8},"end":{"line":83,"column":null}},"20":{"start":{"line":88,"column":16},"end":{"line":88,"column":null}},"21":{"start":{"line":90,"column":2},"end":{"line":94,"column":null}},"22":{"start":{"line":91,"column":4},"end":{"line":93,"column":null}},"23":{"start":{"line":92,"column":6},"end":{"line":92,"column":null}},"24":{"start":{"line":97,"column":1},"end":{"line":97,"column":null}},"25":{"start":{"line":104,"column":6},"end":{"line":97,"column":null}},"26":{"start":{"line":105,"column":5},"end":{"line":104,"column":null}},"27":{"start":{"line":109,"column":7},"end":{"line":105,"column":null}},"28":{"start":{"line":109,"column":7},"end":{"line":109,"column":null}},"29":{"start":{"line":109,"column":7},"end":{"line":110,"column":null}},"30":{"start":{"line":110,"column":29},"end":{"line":110,"column":null}},"31":{"start":{"line":105,"column":5},"end":{"line":105,"column":null}},"32":{"start":{"line":123,"column":11},"end":{"line":125,"column":null}},"33":{"start":{"line":123,"column":11},"end":{"line":123,"column":27}},"34":{"start":{"line":123,"column":60},"end":{"line":123,"column":65}},"35":{"start":{"line":123,"column":39},"end":{"line":123,"column":39}},"36":{"start":{"line":123,"column":46},"end":{"line":123,"column":46}},"37":{"start":{"line":123,"column":57},"end":{"line":123,"column":57}},"38":{"start":{"line":124,"column":22},"end":{"line":124,"column":null}},"39":{"start":{"line":124,"column":14},"end":{"line":124,"column":36}},"40":{"start":{"line":125,"column":7},"end":{"line":125,"column":null}},"41":{"start":{"line":140,"column":11},"end":{"line":140,"column":null}},"42":{"start":{"line":140,"column":11},"end":{"line":143,"column":null}},"43":{"start":{"line":139,"column":13},"end":{"line":139,"column":null}},"44":{"start":{"line":139,"column":21},"end":{"line":139,"column":null}},"45":{"start":{"line":125,"column":7},"end":{"line":128,"column":null}},"46":{"start":{"line":125,"column":7},"end":{"line":135,"column":null}},"47":{"start":{"line":138,"column":9},"end":{"line":138,"column":null}},"48":{"start":{"line":125,"column":7},"end":{"line":136,"column":null}},"49":{"start":{"line":136,"column":30},"end":{"line":136,"column":null}},"50":{"start":{"line":104,"column":3},"end":{"line":104,"column":null}},"51":{"start":{"line":161,"column":6},"end":{"line":104,"column":null}},"52":{"start":{"line":162,"column":5},"end":{"line":161,"column":62}},"53":{"start":{"line":162,"column":5},"end":{"line":162,"column":null}},"54":{"start":{"line":169,"column":15},"end":{"line":170,"column":null}},"55":{"start":{"line":169,"column":15},"end":{"line":169,"column":39}},"56":{"start":{"line":169,"column":85},"end":{"line":169,"column":95}},"57":{"start":{"line":169,"column":59},"end":{"line":169,"column":50}},"58":{"start":{"line":169,"column":74},"end":{"line":169,"column":74}},"59":{"start":{"line":169,"column":82},"end":{"line":169,"column":82}},"60":{"start":{"line":170,"column":11},"end":{"line":170,"column":null}},"61":{"start":{"line":177,"column":29},"end":{"line":177,"column":null}},"62":{"start":{"line":178,"column":37},"end":{"line":178,"column":null}},"63":{"start":{"line":175,"column":13},"end":{"line":176,"column":null}},"64":{"start":{"line":176,"column":15},"end":{"line":176,"column":null}},"65":{"start":{"line":170,"column":11},"end":{"line":173,"column":null}},"66":{"start":{"line":173,"column":31},"end":{"line":173,"column":41}},"67":{"start":{"line":170,"column":11},"end":{"line":172,"column":null}},"68":{"start":{"line":186,"column":12},"end":{"line":186,"column":null}},"69":{"start":{"line":186,"column":9},"end":{"line":186,"column":null}},"70":{"start":{"line":168,"column":11},"end":{"line":168,"column":null}},"71":{"start":{"line":168,"column":22},"end":{"line":168,"column":null}},"72":{"start":{"line":161,"column":3},"end":{"line":161,"column":62}},"73":{"start":{"line":161,"column":3},"end":{"line":161,"column":null}},"74":{"start":{"line":161,"column":6},"end":{"line":161,"column":null}},"75":{"start":{"line":161,"column":73},"end":{"line":161,"column":null}},"76":{"start":{"line":109,"column":7},"end":{"line":117,"column":null}},"77":{"start":{"line":109,"column":7},"end":{"line":119,"column":null}},"78":{"start":{"line":162,"column":5},"end":{"line":166,"column":null}}},"fnMap":{"0":{"name":"ExpenseTable","decl":{"start":{"line":1,"column":0},"end":{"line":1,"column":null}},"loc":{"start":{"line":1,"column":0},"end":{"line":95,"column":null}},"line":1},"1":{"name":"(anonymous_1)","decl":{"start":{"line":57,"column":17},"end":{"line":57,"column":38}},"loc":{"start":{"line":57,"column":17},"end":{"line":57,"column":48}},"line":57},"2":{"name":"(anonymous_2)","decl":{"start":{"line":60,"column":37},"end":{"line":60,"column":null}},"loc":{"start":{"line":60,"column":37},"end":{"line":60,"column":null}},"line":60},"3":{"name":"(anonymous_3)","decl":{"start":{"line":66,"column":9},"end":{"line":66,"column":16}},"loc":{"start":{"line":66,"column":16},"end":{"line":68,"column":3}},"line":66},"4":{"name":"(anonymous_4)","decl":{"start":{"line":70,"column":21},"end":{"line":70,"column":25}},"loc":{"start":{"line":70,"column":62},"end":{"line":86,"column":3}},"line":70},"5":{"name":"(anonymous_5)","decl":{"start":{"line":73,"column":41},"end":{"line":73,"column":43}},"loc":{"start":{"line":73,"column":55},"end":{"line":78,"column":7}},"line":73},"6":{"name":"(anonymous_6)","decl":{"start":{"line":82,"column":6},"end":{"line":82,"column":13}},"loc":{"start":{"line":82,"column":16},"end":{"line":84,"column":null}},"line":82},"7":{"name":"(anonymous_7)","decl":{"start":{"line":90,"column":9},"end":{"line":90,"column":16}},"loc":{"start":{"line":90,"column":16},"end":{"line":94,"column":3}},"line":90},"8":{"name":"(anonymous_8)","decl":{"start":{"line":109,"column":7},"end":{"line":109,"column":null}},"loc":{"start":{"line":109,"column":7},"end":{"line":110,"column":null}},"line":109},"9":{"name":"(anonymous_9)","decl":{"start":{"line":110,"column":29},"end":{"line":110,"column":null}},"loc":{"start":{"line":110,"column":29},"end":{"line":110,"column":null}},"line":110},"10":{"name":"(anonymous_10)","decl":{"start":{"line":123,"column":11},"end":{"line":123,"column":27}},"loc":{"start":{"line":123,"column":11},"end":{"line":125,"column":null}},"line":123},"11":{"name":"(anonymous_11)","decl":{"start":{"line":123,"column":27},"end":{"line":123,"column":33}},"loc":{"start":{"line":123,"column":60},"end":{"line":123,"column":65}},"line":123},"12":{"name":"(anonymous_12)","decl":{"start":{"line":123,"column":65},"end":{"line":123,"column":null}},"loc":{"start":{"line":123,"column":65},"end":{"line":125,"column":null}},"line":123},"13":{"name":"(anonymous_13)","decl":{"start":{"line":123,"column":39},"end":{"line":123,"column":40}},"loc":{"start":{"line":123,"column":39},"end":{"line":123,"column":39}},"line":123},"14":{"name":"(anonymous_14)","decl":{"start":{"line":123,"column":46},"end":{"line":123,"column":47}},"loc":{"start":{"line":123,"column":46},"end":{"line":123,"column":46}},"line":123},"15":{"name":"(anonymous_15)","decl":{"start":{"line":123,"column":57},"end":{"line":123,"column":60}},"loc":{"start":{"line":123,"column":57},"end":{"line":123,"column":57}},"line":123},"16":{"name":"(anonymous_16)","decl":{"start":{"line":124,"column":22},"end":{"line":124,"column":36}},"loc":{"start":{"line":124,"column":22},"end":{"line":124,"column":null}},"line":124},"17":{"name":"(anonymous_17)","decl":{"start":{"line":140,"column":11},"end":{"line":140,"column":null}},"loc":{"start":{"line":140,"column":11},"end":{"line":143,"column":null}},"line":140},"18":{"name":"click","decl":{"start":{"line":125,"column":7},"end":{"line":125,"column":null}},"loc":{"start":{"line":125,"column":7},"end":{"line":136,"column":null}},"line":125},"19":{"name":"(anonymous_19)","decl":{"start":{"line":169,"column":15},"end":{"line":169,"column":26}},"loc":{"start":{"line":169,"column":15},"end":{"line":170,"column":null}},"line":169},"20":{"name":"(anonymous_20)","decl":{"start":{"line":169,"column":39},"end":{"line":169,"column":45}},"loc":{"start":{"line":169,"column":85},"end":{"line":169,"column":95}},"line":169},"21":{"name":"(anonymous_21)","decl":{"start":{"line":169,"column":95},"end":{"line":169,"column":null}},"loc":{"start":{"line":169,"column":95},"end":{"line":170,"column":null}},"line":169},"22":{"name":"(anonymous_22)","decl":{"start":{"line":169,"column":59},"end":{"line":169,"column":60}},"loc":{"start":{"line":169,"column":59},"end":{"line":169,"column":50}},"line":169},"23":{"name":"(anonymous_23)","decl":{"start":{"line":169,"column":74},"end":{"line":169,"column":75}},"loc":{"start":{"line":169,"column":74},"end":{"line":169,"column":74}},"line":169},"24":{"name":"(anonymous_24)","decl":{"start":{"line":169,"column":82},"end":{"line":169,"column":85}},"loc":{"start":{"line":169,"column":82},"end":{"line":169,"column":82}},"line":169},"25":{"name":"(anonymous_25)","decl":{"start":{"line":177,"column":29},"end":{"line":177,"column":44}},"loc":{"start":{"line":177,"column":29},"end":{"line":177,"column":null}},"line":177},"26":{"name":"(anonymous_26)","decl":{"start":{"line":178,"column":37},"end":{"line":178,"column":44}},"loc":{"start":{"line":178,"column":37},"end":{"line":178,"column":null}},"line":178},"27":{"name":"(anonymous_27)","decl":{"start":{"line":175,"column":13},"end":{"line":175,"column":null}},"loc":{"start":{"line":175,"column":13},"end":{"line":176,"column":null}},"line":175},"28":{"name":"(anonymous_28)","decl":{"start":{"line":170,"column":11},"end":{"line":170,"column":null}},"loc":{"start":{"line":170,"column":11},"end":{"line":170,"column":null}},"line":170},"29":{"name":"(anonymous_29)","decl":{"start":{"line":161,"column":6},"end":{"line":161,"column":62}},"loc":{"start":{"line":161,"column":6},"end":{"line":161,"column":null}},"line":161},"30":{"name":"(anonymous_30)","decl":{"start":{"line":161,"column":73},"end":{"line":161,"column":null}},"loc":{"start":{"line":161,"column":73},"end":{"line":161,"column":null}},"line":161}},"branchMap":{"0":{"loc":{"start":{"line":72,"column":4},"end":{"line":80,"column":null}},"type":"if","locations":[{"start":{"line":72,"column":4},"end":{"line":80,"column":null}},{"start":{},"end":{}}],"line":72},"1":{"loc":{"start":{"line":91,"column":4},"end":{"line":93,"column":null}},"type":"if","locations":[{"start":{"line":91,"column":4},"end":{"line":93,"column":null}},{"start":{},"end":{}}],"line":91},"2":{"loc":{"start":{"line":92,"column":30},"end":{"line":92,"column":null}},"type":"binary-expr","locations":[{"start":{"line":92,"column":30},"end":{"line":92,"column":null}},{"start":{"line":92,"column":30},"end":{"line":92,"column":null}}],"line":92},"3":{"loc":{"start":{"line":140,"column":11},"end":{"line":143,"column":18}},"type":"cond-expr","locations":[{"start":{"line":142,"column":16},"end":{"line":142,"column":47}},{"start":{"line":143,"column":16},"end":{"line":143,"column":18}}],"line":140},"4":{"loc":{"start":{"line":139,"column":13},"end":{"line":139,"column":null}},"type":"if","locations":[{"start":{"line":139,"column":13},"end":{"line":139,"column":null}},{"start":{},"end":{}}],"line":139},"5":{"loc":{"start":{"line":125,"column":7},"end":{"line":128,"column":14}},"type":"cond-expr","locations":[{"start":{"line":127,"column":12},"end":{"line":127,"column":47}},{"start":{"line":128,"column":12},"end":{"line":128,"column":14}}],"line":125},"6":{"loc":{"start":{"line":128,"column":17},"end":{"line":128,"column":null}},"type":"binary-expr","locations":[{"start":{"line":128,"column":17},"end":{"line":128,"column":null}},{"start":{"line":128,"column":26},"end":{"line":128,"column":null}}],"line":128},"7":{"loc":{"start":{"line":125,"column":7},"end":{"line":135,"column":18}},"type":"cond-expr","locations":[{"start":{"line":132,"column":23},"end":{"line":134,"column":null}},{"start":{"line":135,"column":12},"end":{"line":135,"column":18}}],"line":125},"8":{"loc":{"start":{"line":132,"column":23},"end":{"line":134,"column":null}},"type":"cond-expr","locations":[{"start":{"line":133,"column":14},"end":{"line":133,"column":24}},{"start":{"line":134,"column":14},"end":{"line":134,"column":null}}],"line":132},"9":{"loc":{"start":{"line":138,"column":9},"end":{"line":138,"column":null}},"type":"binary-expr","locations":[{"start":{"line":138,"column":9},"end":{"line":138,"column":null}},{"start":{"line":138,"column":14},"end":{"line":138,"column":null}}],"line":138},"10":{"loc":{"start":{"line":172,"column":45},"end":{"line":172,"column":null}},"type":"binary-expr","locations":[{"start":{"line":172,"column":45},"end":{"line":172,"column":null}},{"start":{"line":172,"column":51},"end":{"line":172,"column":null}}],"line":172},"11":{"loc":{"start":{"line":168,"column":11},"end":{"line":168,"column":null}},"type":"if","locations":[{"start":{"line":168,"column":11},"end":{"line":168,"column":null}},{"start":{"line":168,"column":22},"end":{"line":168,"column":null}}],"line":168},"12":{"loc":{"start":{"line":109,"column":7},"end":{"line":117,"column":33}},"type":"cond-expr","locations":[{"start":{"line":116,"column":12},"end":{"line":116,"column":34}},{"start":{"line":117,"column":12},"end":{"line":117,"column":33}}],"line":109},"13":{"loc":{"start":{"line":162,"column":5},"end":{"line":166,"column":16}},"type":"cond-expr","locations":[{"start":{"line":164,"column":42},"end":{"line":165,"column":null}},{"start":{"line":166,"column":10},"end":{"line":166,"column":16}}],"line":162}},"s":{"0":8,"1":8,"2":8,"3":9,"4":8,"5":8,"6":19,"7":19,"8":8,"9":8,"10":8,"11":5,"12":5,"13":0,"14":0,"15":0,"16":0,"17":0,"18":5,"19":5,"20":8,"21":8,"22":8,"23":8,"24":8,"25":8,"26":8,"27":8,"28":8,"29":16,"30":16,"31":8,"32":8,"33":8,"34":48,"35":49,"36":48,"37":48,"38":24,"39":24,"40":24,"41":8,"42":8,"43":24,"44":8,"45":24,"46":24,"47":24,"48":24,"49":1,"50":8,"51":8,"52":8,"53":8,"54":5,"55":9,"56":22,"57":100,"58":5,"59":14,"60":5,"61":9,"62":9,"63":5,"64":72,"65":5,"66":5,"67":9,"68":4,"69":4,"70":9,"71":4,"72":8,"73":8,"74":16,"75":16,"76":9,"77":9,"78":9},"f":{"0":8,"1":9,"2":38,"3":8,"4":5,"5":0,"6":5,"7":8,"8":17,"9":16,"10":16,"11":48,"12":24,"13":49,"14":48,"15":48,"16":24,"17":8,"18":1,"19":14,"20":22,"21":5,"22":100,"23":5,"24":14,"25":9,"26":9,"27":5,"28":19,"29":16,"30":16},"b":{"0":[0,5],"1":[8,0],"2":[8,0],"3":[1,7],"4":[8,16],"5":[8,16],"6":[24,0],"7":[8,16],"8":[7,1],"9":[24,0],"10":[9,0],"11":[5,4],"12":[0,9],"13":[5,4]},"meta":{"lastBranch":0,"lastFunction":0,"lastStatement":0,"seen":{}}}
,"/Users/nyoodee/Private/cat-expense-web/src/lib/components/Header.svelte": {"path":"/Users/nyoodee/Private/cat-expense-web/src/lib/components/Header.svelte","statementMap":{"0":{"start":{"line":4,"column":7},"end":{"line":4,"column":null}},"1":{"start":{"line":4,"column":1},"end":{"line":4,"column":null}}},"fnMap":{"0":{"name":"Header","decl":{"start":{"line":1,"column":0},"end":{"line":1,"column":null}},"loc":{"start":{"line":1,"column":0},"end":{"line":2,"column":null}},"line":1}},"branchMap":{},"s":{"0":4,"1":4},"f":{"0":4},"b":{},"meta":{"lastBranch":0,"lastFunction":0,"lastStatement":0,"seen":{}}}
,"/Users/nyoodee/Private/cat-expense-web/src/lib/components/SpendingChart.svelte": {"path":"/Users/nyoodee/Private/cat-expense-web/src/lib/components/SpendingChart.svelte","statementMap":{"0":{"start":{"line":14,"column":21},"end":{"line":17,"column":null}},"1":{"start":{"line":16,"column":18},"end":{"line":16,"column":null}},"2":{"start":{"line":20,"column":16},"end":{"line":20,"column":null}},"3":{"start":{"line":20,"column":16},"end":{"line":20,"column":49}},"4":{"start":{"line":22,"column":10},"end":{"line":32,"column":null}},"5":{"start":{"line":23,"column":4},"end":{"line":32,"column":null}},"6":{"start":{"line":23,"column":23},"end":{"line":32,"column":14}},"7":{"start":{"line":32,"column":22},"end":{"line":32,"column":33}},"8":{"start":{"line":37,"column":3},"end":{"line":37,"column":null}},"9":{"start":{"line":46,"column":8},"end":{"line":37,"column":null}},"10":{"start":{"line":46,"column":5},"end":{"line":48,"column":null}},"11":{"start":{"line":46,"column":8},"end":{"line":47,"column":23}},"12":{"start":{"line":47,"column":60},"end":{"line":47,"column":68}},"13":{"start":{"line":47,"column":32},"end":{"line":47,"column":32}},"14":{"start":{"line":47,"column":39},"end":{"line":47,"column":39}},"15":{"start":{"line":47,"column":44},"end":{"line":47,"column":44}},"16":{"start":{"line":47,"column":51},"end":{"line":47,"column":51}},"17":{"start":{"line":47,"column":57},"end":{"line":47,"column":57}},"18":{"start":{"line":48,"column":9},"end":{"line":48,"column":null}},"19":{"start":{"line":52,"column":14},"end":{"line":48,"column":null}},"20":{"start":{"line":53,"column":17},"end":{"line":52,"column":null}},"21":{"start":{"line":53,"column":13},"end":{"line":53,"column":null}},"22":{"start":{"line":56,"column":17},"end":{"line":53,"column":null}},"23":{"start":{"line":56,"column":13},"end":{"line":56,"column":57}},"24":{"start":{"line":58,"column":15},"end":{"line":58,"column":null}},"25":{"start":{"line":57,"column":17},"end":{"line":57,"column":null}},"26":{"start":{"line":57,"column":22},"end":{"line":57,"column":null}},"27":{"start":{"line":52,"column":11},"end":{"line":52,"column":null}},"28":{"start":{"line":67,"column":11},"end":{"line":52,"column":null}},"29":{"start":{"line":75,"column":13},"end":{"line":67,"column":null}},"30":{"start":{"line":67,"column":11},"end":{"line":67,"column":null}},"31":{"start":{"line":81,"column":14},"end":{"line":67,"column":null}},"32":{"start":{"line":82,"column":17},"end":{"line":81,"column":null}},"33":{"start":{"line":82,"column":13},"end":{"line":82,"column":49}},"34":{"start":{"line":83,"column":17},"end":{"line":82,"column":49}},"35":{"start":{"line":83,"column":13},"end":{"line":83,"column":47}},"36":{"start":{"line":81,"column":11},"end":{"line":81,"column":null}},"37":{"start":{"line":48,"column":9},"end":{"line":49,"column":null}},"38":{"start":{"line":54,"column":15},"end":{"line":54,"column":null}},"39":{"start":{"line":56,"column":57},"end":{"line":56,"column":null}},"40":{"start":{"line":67,"column":11},"end":{"line":70,"column":null}},"41":{"start":{"line":75,"column":13},"end":{"line":76,"column":null}},"42":{"start":{"line":75,"column":13},"end":{"line":77,"column":null}},"43":{"start":{"line":71,"column":27},"end":{"line":71,"column":null}},"44":{"start":{"line":82,"column":49},"end":{"line":82,"column":null}},"45":{"start":{"line":83,"column":47},"end":{"line":83,"column":null}},"46":{"start":{"line":46,"column":5},"end":{"line":46,"column":null}},"47":{"start":{"line":36,"column":14},"end":{"line":36,"column":null}},"48":{"start":{"line":36,"column":24},"end":{"line":36,"column":null}}},"fnMap":{"0":{"name":"SpendingChart","decl":{"start":{"line":1,"column":0},"end":{"line":1,"column":null}},"loc":{"start":{"line":1,"column":0},"end":{"line":34,"column":null}},"line":1},"1":{"name":"(anonymous_1)","decl":{"start":{"line":14,"column":21},"end":{"line":14,"column":null}},"loc":{"start":{"line":14,"column":21},"end":{"line":17,"column":null}},"line":14},"2":{"name":"(anonymous_2)","decl":{"start":{"line":15,"column":39},"end":{"line":15,"column":null}},"loc":{"start":{"line":16,"column":18},"end":{"line":16,"column":null}},"line":16},"3":{"name":"(anonymous_3)","decl":{"start":{"line":20,"column":16},"end":{"line":20,"column":28}},"loc":{"start":{"line":20,"column":16},"end":{"line":20,"column":49}},"line":20},"4":{"name":"(anonymous_4)","decl":{"start":{"line":23,"column":4},"end":{"line":23,"column":14}},"loc":{"start":{"line":23,"column":4},"end":{"line":32,"column":null}},"line":23},"5":{"name":"(anonymous_5)","decl":{"start":{"line":23,"column":18},"end":{"line":23,"column":20}},"loc":{"start":{"line":23,"column":23},"end":{"line":32,"column":14}},"line":23},"6":{"name":"(anonymous_6)","decl":{"start":{"line":32,"column":14},"end":{"line":32,"column":16}},"loc":{"start":{"line":32,"column":22},"end":{"line":32,"column":33}},"line":32},"7":{"name":"(anonymous_7)","decl":{"start":{"line":46,"column":5},"end":{"line":46,"column":8}},"loc":{"start":{"line":46,"column":5},"end":{"line":48,"column":null}},"line":46},"8":{"name":"(anonymous_8)","decl":{"start":{"line":46,"column":8},"end":{"line":46,"column":null}},"loc":{"start":{"line":46,"column":8},"end":{"line":47,"column":23}},"line":46},"9":{"name":"(anonymous_9)","decl":{"start":{"line":47,"column":17},"end":{"line":47,"column":23}},"loc":{"start":{"line":47,"column":60},"end":{"line":47,"column":68}},"line":47},"10":{"name":"(anonymous_10)","decl":{"start":{"line":47,"column":68},"end":{"line":47,"column":null}},"loc":{"start":{"line":47,"column":68},"end":{"line":48,"column":null}},"line":47},"11":{"name":"(anonymous_11)","decl":{"start":{"line":47,"column":32},"end":{"line":47,"column":33}},"loc":{"start":{"line":47,"column":32},"end":{"line":47,"column":32}},"line":47},"12":{"name":"(anonymous_12)","decl":{"start":{"line":47,"column":39},"end":{"line":47,"column":40}},"loc":{"start":{"line":47,"column":39},"end":{"line":47,"column":39}},"line":47},"13":{"name":"(anonymous_13)","decl":{"start":{"line":47,"column":44},"end":{"line":47,"column":45}},"loc":{"start":{"line":47,"column":44},"end":{"line":47,"column":44}},"line":47},"14":{"name":"(anonymous_14)","decl":{"start":{"line":47,"column":51},"end":{"line":47,"column":52}},"loc":{"start":{"line":47,"column":51},"end":{"line":47,"column":51}},"line":47},"15":{"name":"(anonymous_15)","decl":{"start":{"line":47,"column":57},"end":{"line":47,"column":60}},"loc":{"start":{"line":47,"column":57},"end":{"line":47,"column":57}},"line":47},"16":{"name":"(anonymous_16)","decl":{"start":{"line":71,"column":27},"end":{"line":71,"column":31}},"loc":{"start":{"line":71,"column":27},"end":{"line":71,"column":null}},"line":71},"17":{"name":"(anonymous_17)","decl":{"start":{"line":82,"column":49},"end":{"line":82,"column":63}},"loc":{"start":{"line":82,"column":49},"end":{"line":82,"column":null}},"line":82},"18":{"name":"(anonymous_18)","decl":{"start":{"line":83,"column":47},"end":{"line":83,"column":51}},"loc":{"start":{"line":83,"column":47},"end":{"line":83,"column":null}},"line":83}},"branchMap":{"0":{"loc":{"start":{"line":25,"column":11},"end":{"line":25,"column":41}},"type":"binary-expr","locations":[{"start":{"line":25,"column":11},"end":{"line":25,"column":40}},{"start":{"line":25,"column":40},"end":{"line":25,"column":41}}],"line":25},"1":{"loc":{"start":{"line":26,"column":9},"end":{"line":29,"column":13}},"type":"cond-expr","locations":[{"start":{"line":28,"column":29},"end":{"line":28,"column":null}},{"start":{"line":29,"column":12},"end":{"line":29,"column":13}}],"line":26},"2":{"loc":{"start":{"line":28,"column":29},"end":{"line":28,"column":42}},"type":"binary-expr","locations":[{"start":{"line":28,"column":29},"end":{"line":28,"column":41}},{"start":{"line":28,"column":41},"end":{"line":28,"column":42}}],"line":28},"3":{"loc":{"start":{"line":57,"column":17},"end":{"line":57,"column":null}},"type":"if","locations":[{"start":{"line":57,"column":17},"end":{"line":57,"column":null}},{"start":{},"end":{}}],"line":57},"4":{"loc":{"start":{"line":49,"column":38},"end":{"line":49,"column":77}},"type":"cond-expr","locations":[{"start":{"line":49,"column":46},"end":{"line":49,"column":72}},{"start":{"line":49,"column":75},"end":{"line":49,"column":77}}],"line":49},"5":{"loc":{"start":{"line":76,"column":65},"end":{"line":76,"column":null}},"type":"binary-expr","locations":[{"start":{"line":76,"column":65},"end":{"line":76,"column":78}},{"start":{"line":76,"column":78},"end":{"line":76,"column":null}}],"line":76},"6":{"loc":{"start":{"line":77,"column":29},"end":{"line":77,"column":null}},"type":"binary-expr","locations":[{"start":{"line":77,"column":29},"end":{"line":77,"column":null}},{"start":{"line":77,"column":32},"end":{"line":77,"column":null}}],"line":77},"7":{"loc":{"start":{"line":36,"column":14},"end":{"line":36,"column":null}},"type":"if","locations":[{"start":{"line":36,"column":14},"end":{"line":36,"column":null}},{"start":{},"end":{}}],"line":36}},"s":{"0":3,"1":4,"2":6,"3":3,"4":6,"5":3,"6":9,"7":9,"8":3,"9":3,"10":3,"11":3,"12":8,"13":4,"14":8,"15":16,"16":12,"17":20,"18":4,"19":4,"20":4,"21":4,"22":4,"23":4,"24":3,"25":4,"26":3,"27":4,"28":4,"29":4,"30":4,"31":4,"32":4,"33":4,"34":4,"35":4,"36":4,"37":4,"38":4,"39":4,"40":4,"41":4,"42":4,"43":4,"44":4,"45":4,"46":3,"47":7,"48":3},"f":{"0":6,"1":3,"2":4,"3":3,"4":3,"5":9,"6":9,"7":3,"8":3,"9":8,"10":4,"11":4,"12":8,"13":16,"14":12,"15":20,"16":4,"17":4,"18":4},"b":{"0":[9,5],"1":[9,0],"2":[9,5],"3":[3,1],"4":[3,1],"5":[4,0],"6":[4,0],"7":[3,4]},"meta":{"lastBranch":0,"lastFunction":0,"lastStatement":0,"seen":{}}}
,"/Users/nyoodee/Private/cat-expense-web/src/lib/constants/app.ts": {"path":"/Users/nyoodee/Private/cat-expense-web/src/lib/constants/app.ts","statementMap":{"0":{"start":{"line":8,"column":27},"end":{"line":8,"column":null}},"1":{"start":{"line":11,"column":32},"end":{"line":11,"column":null}},"2":{"start":{"line":15,"column":2},"end":{"line":15,"column":null}},"3":{"start":{"line":18,"column":34},"end":{"line":18,"column":null}},"4":{"start":{"line":21,"column":34},"end":{"line":21,"column":null}},"5":{"start":{"line":24,"column":26},"end":{"line":30,"column":null}},"6":{"start":{"line":32,"column":34},"end":{"line":32,"column":null}}},"fnMap":{},"branchMap":{},"s":{"0":9,"1":9,"2":9,"3":9,"4":9,"5":9,"6":9},"f":{},"b":{},"meta":{"lastBranch":0,"lastFunction":0,"lastStatement":7,"seen":{"s:8:27:8:Infinity":0,"s:11:32:11:Infinity":1,"s:15:2:15:Infinity":2,"s:18:34:18:Infinity":3,"s:21:34:21:Infinity":4,"s:24:26:30:Infinity":5,"s:32:34:32:Infinity":6}}}
,"/Users/nyoodee/Private/cat-expense-web/src/lib/constants/categories.ts": {"path":"/Users/nyoodee/Private/cat-expense-web/src/lib/constants/categories.ts","statementMap":{"0":{"start":{"line":9,"column":26},"end":{"line":9,"column":null}},"1":{"start":{"line":18,"column":4},"end":{"line":34,"column":null}}},"fnMap":{},"branchMap":{},"s":{"0":9,"1":9},"f":{},"b":{},"meta":{"lastBranch":0,"lastFunction":0,"lastStatement":2,"seen":{"s:9:26:9:Infinity":0,"s:18:4:34:Infinity":1}}}
,"/Users/nyoodee/Private/cat-expense-web/src/lib/services/catFactService.ts": {"path":"/Users/nyoodee/Private/cat-expense-web/src/lib/services/catFactService.ts","statementMap":{"0":{"start":{"line":29,"column":30},"end":{"line":41,"column":null}},"1":{"start":{"line":30,"column":2},"end":{"line":40,"column":null}},"2":{"start":{"line":31,"column":16},"end":{"line":31,"column":null}},"3":{"start":{"line":32,"column":4},"end":{"line":32,"column":null}},"4":{"start":{"line":32,"column":14},"end":{"line":32,"column":null}},"5":{"start":{"line":33,"column":28},"end":{"line":33,"column":null}},"6":{"start":{"line":34,"column":4},"end":{"line":36,"column":null}},"7":{"start":{"line":34,"column":53},"end":{"line":34,"column":74}},"8":{"start":{"line":35,"column":6},"end":{"line":35,"column":null}},"9":{"start":{"line":37,"column":4},"end":{"line":37,"column":null}},"10":{"start":{"line":39,"column":4},"end":{"line":39,"column":null}},"11":{"start":{"line":48,"column":25},"end":{"line":57,"column":null}},"12":{"start":{"line":49,"column":2},"end":{"line":56,"column":null}},"13":{"start":{"line":50,"column":20},"end":{"line":50,"column":null}},"14":{"start":{"line":51,"column":4},"end":{"line":51,"column":null}},"15":{"start":{"line":51,"column":32},"end":{"line":51,"column":null}},"16":{"start":{"line":52,"column":20},"end":{"line":52,"column":null}},"17":{"start":{"line":53,"column":4},"end":{"line":53,"column":null}},"18":{"start":{"line":67,"column":28},"end":{"line":77,"column":null}},"19":{"start":{"line":68,"column":19},"end":{"line":68,"column":null}},"20":{"start":{"line":70,"column":2},"end":{"line":72,"column":null}},"21":{"start":{"line":71,"column":4},"end":{"line":71,"column":null}},"22":{"start":{"line":74,"column":35},"end":{"line":74,"column":null}},"23":{"start":{"line":75,"column":2},"end":{"line":75,"column":null}},"24":{"start":{"line":76,"column":2},"end":{"line":76,"column":null}}},"fnMap":{"0":{"name":"(anonymous_0)","decl":{"start":{"line":29,"column":30},"end":{"line":29,"column":46}},"loc":{"start":{"line":29,"column":46},"end":{"line":41,"column":null}},"line":29},"1":{"name":"(anonymous_1)","decl":{"start":{"line":34,"column":46},"end":{"line":34,"column":47}},"loc":{"start":{"line":34,"column":53},"end":{"line":34,"column":74}},"line":34},"2":{"name":"(anonymous_2)","decl":{"start":{"line":48,"column":25},"end":{"line":48,"column":26}},"loc":{"start":{"line":48,"column":49},"end":{"line":57,"column":null}},"line":48},"3":{"name":"(anonymous_3)","decl":{"start":{"line":67,"column":28},"end":{"line":67,"column":35}},"loc":{"start":{"line":67,"column":77},"end":{"line":77,"column":null}},"line":67}},"branchMap":{"0":{"loc":{"start":{"line":32,"column":4},"end":{"line":32,"column":null}},"type":"if","locations":[{"start":{"line":32,"column":4},"end":{"line":32,"column":null}},{"start":{},"end":{}}],"line":32},"1":{"loc":{"start":{"line":34,"column":4},"end":{"line":36,"column":null}},"type":"if","locations":[{"start":{"line":34,"column":4},"end":{"line":36,"column":null}},{"start":{},"end":{}}],"line":34},"2":{"loc":{"start":{"line":34,"column":8},"end":{"line":34,"column":77}},"type":"binary-expr","locations":[{"start":{"line":34,"column":8},"end":{"line":34,"column":33}},{"start":{"line":34,"column":33},"end":{"line":34,"column":77}}],"line":34},"3":{"loc":{"start":{"line":51,"column":4},"end":{"line":51,"column":null}},"type":"if","locations":[{"start":{"line":51,"column":4},"end":{"line":51,"column":null}},{"start":{},"end":{}}],"line":51},"4":{"loc":{"start":{"line":70,"column":2},"end":{"line":72,"column":null}},"type":"if","locations":[{"start":{"line":70,"column":2},"end":{"line":72,"column":null}},{"start":{},"end":{}}],"line":70}},"s":{"0":2,"1":29,"2":29,"3":29,"4":9,"5":20,"6":20,"7":91,"8":18,"9":1,"10":1,"11":2,"12":21,"13":21,"14":21,"15":1,"16":20,"17":20,"18":2,"19":6,"20":6,"21":1,"22":5,"23":5,"24":5},"f":{"0":29,"1":91,"2":21,"3":6},"b":{"0":[9,20],"1":[18,2],"2":[20,18],"3":[1,20],"4":[1,5]},"meta":{"lastBranch":5,"lastFunction":4,"lastStatement":25,"seen":{"s:29:30:41:Infinity":0,"f:29:30:29:46":0,"s:30:2:40:Infinity":1,"s:31:16:31:Infinity":2,"b:32:4:32:Infinity:undefined:undefined:undefined:undefined":0,"s:32:4:32:Infinity":3,"s:32:14:32:Infinity":4,"s:33:28:33:Infinity":5,"b:34:4:36:Infinity:undefined:undefined:undefined:undefined":1,"s:34:4:36:Infinity":6,"b:34:8:34:33:34:33:34:77":2,"f:34:46:34:47":1,"s:34:53:34:74":7,"s:35:6:35:Infinity":8,"s:37:4:37:Infinity":9,"s:39:4:39:Infinity":10,"s:48:25:57:Infinity":11,"f:48:25:48:26":2,"s:49:2:56:Infinity":12,"s:50:20:50:Infinity":13,"b:51:4:51:Infinity:undefined:undefined:undefined:undefined":3,"s:51:4:51:Infinity":14,"s:51:32:51:Infinity":15,"s:52:20:52:Infinity":16,"s:53:4:53:Infinity":17,"s:67:28:77:Infinity":18,"f:67:28:67:35":3,"s:68:19:68:Infinity":19,"b:70:2:72:Infinity:undefined:undefined:undefined:undefined":4,"s:70:2:72:Infinity":20,"s:71:4:71:Infinity":21,"s:74:35:74:Infinity":22,"s:75:2:75:Infinity":23,"s:76:2:76:Infinity":24}}}
,"/Users/nyoodee/Private/cat-expense-web/src/lib/services/storageService.ts": {"path":"/Users/nyoodee/Private/cat-expense-web/src/lib/services/storageService.ts","statementMap":{"0":{"start":{"line":28,"column":4},"end":{"line":28,"column":null}},"1":{"start":{"line":32,"column":4},"end":{"line":42,"column":null}},"2":{"start":{"line":33,"column":18},"end":{"line":33,"column":null}},"3":{"start":{"line":34,"column":6},"end":{"line":34,"column":null}},"4":{"start":{"line":34,"column":24},"end":{"line":34,"column":null}},"5":{"start":{"line":35,"column":6},"end":{"line":35,"column":null}},"6":{"start":{"line":37,"column":6},"end":{"line":40,"column":null}},"7":{"start":{"line":41,"column":6},"end":{"line":41,"column":null}},"8":{"start":{"line":46,"column":4},"end":{"line":53,"column":null}},"9":{"start":{"line":47,"column":6},"end":{"line":47,"column":null}},"10":{"start":{"line":49,"column":6},"end":{"line":52,"column":null}},"11":{"start":{"line":57,"column":4},"end":{"line":64,"column":null}},"12":{"start":{"line":58,"column":6},"end":{"line":58,"column":null}},"13":{"start":{"line":60,"column":6},"end":{"line":63,"column":null}}},"fnMap":{"0":{"name":"(anonymous_0)","decl":{"start":{"line":27,"column":2},"end":{"line":27,"column":14}},"loc":{"start":{"line":27,"column":27},"end":{"line":29,"column":null}},"line":27},"1":{"name":"(anonymous_1)","decl":{"start":{"line":31,"column":2},"end":{"line":31,"column":19}},"loc":{"start":{"line":31,"column":19},"end":{"line":43,"column":null}},"line":31},"2":{"name":"(anonymous_2)","decl":{"start":{"line":45,"column":2},"end":{"line":45,"column":7}},"loc":{"start":{"line":45,"column":22},"end":{"line":54,"column":null}},"line":45},"3":{"name":"(anonymous_3)","decl":{"start":{"line":56,"column":2},"end":{"line":56,"column":16}},"loc":{"start":{"line":56,"column":16},"end":{"line":65,"column":null}},"line":56}},"branchMap":{"0":{"loc":{"start":{"line":34,"column":6},"end":{"line":34,"column":null}},"type":"if","locations":[{"start":{"line":34,"column":6},"end":{"line":34,"column":null}},{"start":{},"end":{}}],"line":34}},"s":{"0":9,"1":6,"2":6,"3":6,"4":4,"5":2,"6":1,"7":1,"8":6,"9":6,"10":1,"11":1,"12":1,"13":0},"f":{"0":9,"1":6,"2":6,"3":1},"b":{"0":[4,2]},"meta":{"lastBranch":1,"lastFunction":4,"lastStatement":14,"seen":{"f:27:2:27:14":0,"s:28:4:28:Infinity":0,"f:31:2:31:19":1,"s:32:4:42:Infinity":1,"s:33:18:33:Infinity":2,"b:34:6:34:Infinity:undefined:undefined:undefined:undefined":0,"s:34:6:34:Infinity":3,"s:34:24:34:Infinity":4,"s:35:6:35:Infinity":5,"s:37:6:40:Infinity":6,"s:41:6:41:Infinity":7,"f:45:2:45:7":2,"s:46:4:53:Infinity":8,"s:47:6:47:Infinity":9,"s:49:6:52:Infinity":10,"f:56:2:56:16":3,"s:57:4:64:Infinity":11,"s:58:6:58:Infinity":12,"s:60:6:63:Infinity":13}}}
,"/Users/nyoodee/Private/cat-expense-web/src/lib/state/catFact.svelte.ts": {"path":"/Users/nyoodee/Private/cat-expense-web/src/lib/state/catFact.svelte.ts","statementMap":{"0":{"start":{"line":5,"column":6},"end":{"line":10,"column":null}},"1":{"start":{"line":6,"column":8},"end":{"line":6,"column":null}},"2":{"start":{"line":7,"column":2},"end":{"line":7,"column":null}},"3":{"start":{"line":7,"column":27},"end":{"line":7,"column":null}},"4":{"start":{"line":8,"column":14},"end":{"line":8,"column":null}},"5":{"start":{"line":9,"column":2},"end":{"line":9,"column":null}},"6":{"start":{"line":12,"column":13},"end":{"line":71,"column":null}},"7":{"start":{"line":13,"column":6},"end":{"line":13,"column":null}},"8":{"start":{"line":14,"column":6},"end":{"line":14,"column":null}},"9":{"start":{"line":15,"column":6},"end":{"line":15,"column":null}},"10":{"start":{"line":16,"column":48},"end":{"line":16,"column":null}},"11":{"start":{"line":18,"column":18},"end":{"line":46,"column":null}},"12":{"start":{"line":19,"column":4},"end":{"line":19,"column":null}},"13":{"start":{"line":21,"column":23},"end":{"line":21,"column":null}},"14":{"start":{"line":22,"column":4},"end":{"line":22,"column":null}},"15":{"start":{"line":24,"column":4},"end":{"line":24,"column":null}},"16":{"start":{"line":25,"column":4},"end":{"line":25,"column":null}},"17":{"start":{"line":27,"column":4},"end":{"line":45,"column":null}},"18":{"start":{"line":28,"column":12},"end":{"line":28,"column":null}},"19":{"start":{"line":29,"column":6},"end":{"line":32,"column":null}},"20":{"start":{"line":30,"column":8},"end":{"line":30,"column":null}},"21":{"start":{"line":31,"column":8},"end":{"line":31,"column":null}},"22":{"start":{"line":34,"column":6},"end":{"line":34,"column":null}},"23":{"start":{"line":34,"column":37},"end":{"line":34,"column":null}},"24":{"start":{"line":37,"column":8},"end":{"line":37,"column":null}},"25":{"start":{"line":38,"column":6},"end":{"line":40,"column":null}},"26":{"start":{"line":42,"column":6},"end":{"line":42,"column":null}},"27":{"start":{"line":43,"column":6},"end":{"line":43,"column":null}},"28":{"start":{"line":44,"column":6},"end"
[...]
ine":32,"column":null}},"7":{"start":{"line":33,"column":2},"end":{"line":33,"column":null}},"8":{"start":{"line":39,"column":35},"end":{"line":41,"column":null}},"9":{"start":{"line":40,"column":2},"end":{"line":40,"column":null}}},"fnMap":{"0":{"name":"(anonymous_0)","decl":{"start":{"line":18,"column":8},"end":{"line":18,"column":9}},"loc":{"start":{"line":18,"column":18},"end":{"line":18,"column":null}},"line":18},"1":{"name":"(anonymous_1)","decl":{"start":{"line":19,"column":12},"end":{"line":19,"column":13}},"loc":{"start":{"line":19,"column":22},"end":{"line":19,"column":null}},"line":19},"2":{"name":"(anonymous_2)","decl":{"start":{"line":20,"column":10},"end":{"line":20,"column":11}},"loc":{"start":{"line":20,"column":20},"end":{"line":20,"column":null}},"line":20},"3":{"name":"(anonymous_3)","decl":{"start":{"line":27,"column":28},"end":{"line":27,"column":null}},"loc":{"start":{"line":30,"column":16},"end":{"line":34,"column":null}},"line":30},"4":{"name":"(anonymous_4)","decl":{"start":{"line":39,"column":35},"end":{"line":39,"column":36}},"loc":{"start":{"line":39,"column":78},"end":{"line":41,"column":null}},"line":39}},"branchMap":{"0":{"loc":{"start":{"line":33,"column":9},"end":{"line":33,"column":null}},"type":"cond-expr","locations":[{"start":{"line":33,"column":39},"end":{"line":33,"column":58}},{"start":{"line":33,"column":58},"end":{"line":33,"column":null}}],"line":33},"1":{"loc":{"start":{"line":40,"column":9},"end":{"line":40,"column":null}},"type":"cond-expr","locations":[{"start":{"line":40,"column":29},"end":{"line":40,"column":38}},{"start":{"line":40,"column":38},"end":{"line":40,"column":null}}],"line":40}},"s":{"0":2,"1":4,"2":6,"3":9,"4":2,"5":11,"6":11,"7":11,"8":2,"9":2},"f":{"0":4,"1":6,"2":9,"3":11,"4":2},"b":{"0":[3,8],"1":[1,1]},"meta":{"lastBranch":2,"lastFunction":5,"lastStatement":10,"seen":{"s:17:54:21:Infinity":0,"f:18:8:18:9":0,"s:18:18:18:Infinity":1,"f:19:12:19:13":1,"s:19:22:19:Infinity":2,"f:20:10:20:11":2,"s:20:20:20:Infinity":3,"s:27:28:34:Infinity":4,"f:27:28:27:Infinity":3,"s:31:20:31:Infinity":5,"s:32:17:32:Infinity":6,"s:33:2:33:Infinity":7,"b:33:39:33:58:33:58:33:Infinity":0,"s:39:35:41:Infinity":8,"f:39:35:39:36":4,"s:40:2:40:Infinity":9,"b:40:29:40:38:40:38:40:Infinity":1}}}
,"/Users/nyoodee/Private/cat-expense-web/src/lib/utils/validationUtils.ts": {"path":"/Users/nyoodee/Private/cat-expense-web/src/lib/utils/validationUtils.ts","statementMap":{"0":{"start":{"line":23,"column":35},"end":{"line":53,"column":null}},"1":{"start":{"line":26,"column":35},"end":{"line":26,"column":null}},"2":{"start":{"line":29,"column":8},"end":{"line":29,"column":null}},"3":{"start":{"line":30,"column":2},"end":{"line":34,"column":null}},"4":{"start":{"line":31,"column":4},"end":{"line":31,"column":null}},"5":{"start":{"line":32,"column":2},"end":{"line":34,"column":null}},"6":{"start":{"line":33,"column":4},"end":{"line":33,"column":null}},"7":{"start":{"line":37,"column":2},"end":{"line":39,"column":null}},"8":{"start":{"line":38,"column":4},"end":{"line":38,"column":null}},"9":{"start":{"line":42,"column":2},"end":{"line":50,"column":null}},"10":{"start":{"line":43,"column":4},"end":{"line":43,"column":null}},"11":{"start":{"line":44,"column":2},"end":{"line":50,"column":null}},"12":{"start":{"line":45,"column":4},"end":{"line":45,"column":null}},"13":{"start":{"line":46,"column":2},"end":{"line":50,"column":null}},"14":{"start":{"line":47,"column":4},"end":{"line":47,"column":null}},"15":{"start":{"line":48,"column":2},"end":{"line":50,"column":null}},"16":{"start":{"line":49,"column":4},"end":{"line":49,"column":null}},"17":{"start":{"line":52,"column":2},"end":{"line":52,"column":null}},"18":{"start":{"line":58,"column":25},"end":{"line":60,"column":null}},"19":{"start":{"line":59,"column":2},"end":{"line":59,"column":null}}},"fnMap":{"0":{"name":"(anonymous_0)","decl":{"start":{"line":23,"column":35},"end":{"line":23,"column":null}},"loc":{"start":{"line":25,"column":23},"end":{"line":53,"column":null}},"line":25},"1":{"name":"(anonymous_1)","decl":{"start":{"line":58,"column":25},"end":{"line":58,"column":26}},"loc":{"start":{"line":58,"column":64},"end":{"line":60,"column":null}},"line":58}},"branchMap":{"0":{"loc":{"start":{"line":29,"column":23},"end":{"line":29,"column":40}},"type":"binary-expr","locations":[{"start":{"line":29,"column":23},"end":{"line":29,"column":36}},{"start":{"line":29,"column":36},"end":{"line":29,"column":40}}],"line":29},"1":{"loc":{"start":{"line":30,"column":2},"end":{"line":34,"column":null}},"type":"if","locations":[{"start":{"line":30,"column":2},"end":{"line":34,"column":null}},{"start":{"line":32,"column":2},"end":{"line":34,"column":null}}],"line":30},"2":{"loc":{"start":{"line":32,"column":2},"end":{"line":34,"column":null}},"type":"if","locations":[{"start":{"line":32,"column":2},"end":{"line":34,"column":null}},{"start":{},"end":{}}],"line":32},"3":{"loc":{"start":{"line":37,"column":2},"end":{"line":39,"column":null}},"type":"if","locations":[{"start":{"line":37,"column":2},"end":{"line":39,"column":null}},{"start":{},"end":{}}],"line":37},"4":{"loc":{"start":{"line":42,"column":2},"end":{"line":50,"column":null}},"type":"if","locations":[{"start":{"line":42,"column":2},"end":{"line":50,"column":null}},{"start":{"line":44,"column":2},"end":{"line":50,"column":null}}],"line":42},"5":{"loc":{"start":{"line":42,"column":6},"end":{"line":42,"column":57}},"type":"binary-expr","locations":[{"start":{"line":42,"column":6},"end":{"line":42,"column":35}},{"start":{"line":42,"column":35},"end":{"line":42,"column":57}}],"line":42},"6":{"loc":{"start":{"line":44,"column":2},"end":{"line":50,"column":null}},"type":"if","locations":[{"start":{"line":44,"column":2},"end":{"line":50,"column":null}},{"start":{"line":46,"column":2},"end":{"line":50,"column":null}}],"line":44},"7":{"loc":{"start":{"line":46,"column":2},"end":{"line":50,"column":null}},"type":"if","locations":[{"start":{"line":46,"column":2},"end":{"line":50,"column":null}},{"start":{"line":48,"column":2},"end":{"line":50,"column":null}}],"line":46},"8":{"loc":{"start":{"line":48,"column":2},"end":{"line":50,"column":null}},"type":"if","locations":[{"start":{"line":48,"column":2},"end":{"line":50,"column":null}},{"start":{},"end":{}}],"line":48}},"s":{"0":4,"1":13,"2":13,"3":13,"4":4,"5":9,"6":1,"7":13,"8":3,"9":13,"10":3,"11":10,"12":0,"13":10,"14":1,"15":9,"16":1,"17":13,"18":4,"19":10},"f":{"0":13,"1":10},"b":{"0":[13,0],"1":[4,9],"2":[1,8],"3":[3,10],"4":[3,10],"5":[13,10],"6":[0,10],"7":[1,9],"8":[1,8]},"meta":{"lastBranch":9,"lastFunction":2,"lastStatement":20,"seen":{"s:23:35:53:Infinity":0,"f:23:35:23:Infinity":0,"s:26:35:26:Infinity":1,"s:29:8:29:Infinity":2,"b:29:23:29:36:29:36:29:40":0,"b:30:2:34:Infinity:32:2:34:Infinity":1,"s:30:2:34:Infinity":3,"s:31:4:31:Infinity":4,"b:32:2:34:Infinity:undefined:undefined:undefined:undefined":2,"s:32:2:34:Infinity":5,"s:33:4:33:Infinity":6,"b:37:2:39:Infinity:undefined:undefined:undefined:undefined":3,"s:37:2:39:Infinity":7,"s:38:4:38:Infinity":8,"b:42:2:50:Infinity:44:2:50:Infinity":4,"s:42:2:50:Infinity":9,"b:42:6:42:35:42:35:42:57":5,"s:43:4:43:Infinity":10,"b:44:2:50:Infinity:46:2:50:Infinity":6,"s:44:2:50:Infinity":11,"s:45:4:45:Infinity":12,"b:46:2:50:Infinity:48:2:50:Infinity":7,"s:46:2:50:Infinity":13,"s:47:4:47:Infinity":14,"b:48:2:50:Infinity:undefined:undefined:undefined:undefined":8,"s:48:2:50:Infinity":15,"s:49:4:49:Infinity":16,"s:52:2:52:Infinity":17,"s:58:25:60:Infinity":18,"f:58:25:58:26":1,"s:59:2:59:Infinity":19}}}
,"/Users/nyoodee/Private/cat-expense-web/src/routes/+layout.svelte": {"path":"/Users/nyoodee/Private/cat-expense-web/src/routes/+layout.svelte","statementMap":{},"fnMap":{"0":{"name":"_layout","decl":{"start":{"line":1,"column":0},"end":{"line":1,"column":null}},"loc":{"start":{"line":1,"column":0},"end":{"line":11,"column":null}},"line":1}},"branchMap":{},"s":{},"f":{"0":1},"b":{},"meta":{"lastBranch":0,"lastFunction":1,"lastStatement":0,"seen":{"f:1:0:1:Infinity":0}}}
,"/Users/nyoodee/Private/cat-expense-web/src/routes/+page.svelte": {"path":"/Users/nyoodee/Private/cat-expense-web/src/routes/+page.svelte","statementMap":{"0":{"start":{"line":16,"column":25},"end":{"line":16,"column":null}},"1":{"start":{"line":18,"column":21},"end":{"line":18,"column":null}},"2":{"start":{"line":19,"column":17},"end":{"line":19,"column":null}},"3":{"start":{"line":21,"column":22},"end":{"line":22,"column":null}},"4":{"start":{"line":24,"column":18},"end":{"line":24,"column":null}},"5":{"start":{"line":24,"column":56},"end":{"line":24,"column":60}},"6":{"start":{"line":26,"column":22},"end":{"line":26,"column":null}},"7":{"start":{"line":26,"column":40},"end":{"line":26,"column":null}},"8":{"start":{"line":28,"column":18},"end":{"line":28,"column":null}},"9":{"start":{"line":29,"column":16},"end":{"line":29,"column":null}},"10":{"start":{"line":31,"column":22},"end":{"line":34,"column":3}},"11":{"start":{"line":32,"column":4},"end":{"line":32,"column":null}},"12":{"start":{"line":33,"column":4},"end":{"line":33,"column":null}},"13":{"start":{"line":36,"column":23},"end":{"line":39,"column":3}},"14":{"start":{"line":37,"column":4},"end":{"line":37,"column":null}},"15":{"start":{"line":38,"column":4},"end":{"line":38,"column":null}},"16":{"start":{"line":41,"column":25},"end":{"line":43,"column":3}},"17":{"start":{"line":42,"column":4},"end":{"line":42,"column":null}},"18":{"start":{"line":45,"column":26},"end":{"line":52,"column":3}},"19":{"start":{"line":46,"column":4},"end":{"line":50,"column":null}},"20":{"start":{"line":47,"column":6},"end":{"line":47,"column":null}},"21":{"start":{"line":49,"column":6},"end":{"line":49,"column":null}},"22":{"start":{"line":51,"column":4},"end":{"line":51,"column":null}},"23":{"start":{"line":54,"column":25},"end":{"line":71,"column":3}},"24":{"start":{"line":55,"column":4},"end":{"line":55,"column":null}},"25":{"start":{"line":55,"column":44},"end":{"line":55,"column":null}},"26":{"start":{"line":57,"column":18},"end":{"line":57,"column":46}},"27":{"start":{"line":58,"column":17},"end":{"line":61,"column":null}},"28":{"start":{"line":63,"column":4},"end":{"line":63,"column":null}},"29":{"start":{"line":63,"column":34},"end":{"line":63,"column":null}},"30":{"start":{"line":65,"column":24},"end":{"line":66,"column":null}},"31":{"start":{"line":66,"column":32},"end":{"line":66,"column":null}},"32":{"start":{"line":69,"column":4},"end":{"line":69,"column":null}},"33":{"start":{"line":70,"column":4},"end":{"line":70,"column":null}},"34":{"start":{"line":73,"column":25},"end":{"line":75,"column":3}},"35":{"start":{"line":74,"column":4},"end":{"line":74,"column":null}},"36":{"start":{"line":78,"column":4},"end":{"line":78,"column":null}},"37":{"start":{"line":79,"column":6},"end":{"line":78,"column":null}},"38":{"start":{"line":79,"column":3},"end":{"line":79,"column":null}},"39":{"start":{"line":80,"column":5},"end":{"line":80,"column":null}},"40":{"start":{"line":82,"column":9},"end":{"line":82,"column":null}},"41":{"start":{"line":82,"column":5},"end":{"line":82,"column":null}},"42":{"start":{"line":88,"column":26},"end":{"line":88,"column":null}},"43":{"start":{"line":89,"column":26},"end":{"line":89,"column":null}},"44":{"start":{"line":83,"column":7},"end":{"line":87,"column":null}},"45":{"start":{"line":87,"column":23},"end":{"line":87,"column":null}},"46":{"start":{"line":92,"column":7},"end":{"line":95,"column":null}},"47":{"start":{"line":93,"column":18},"end":{"line":93,"column":null}},"48":{"start":{"line":94,"column":23},"end":{"line":94,"column":null}},"49":{"start":{"line":95,"column":24},"end":{"line":95,"column":null}},"50":{"start":{"line":98,"column":7},"end":{"line":109,"column":null}},"51":{"start":{"line":99,"column":18},"end":{"line":99,"column":null}},"52":{"start":{"line":100,"column":23},"end":{"line":100,"column":null}},"53":{"start":{"line":101,"column":20},"end":{"line":101,"column":null}},"54":{"start":{"line":102,"column":16},"end":{"line":102,"column":null}},"55":{"start":{"line":103,"column":23},"end":{"line":103,"column":null}},"56":{"start":{"line":104,"column":24},"end":{"line":104,"column":null}},"57":{"start":{"line":105,"column":21},"end":{"line":105,"column":null}},"58":{"start":{"line":106,"column":20},"end":{"line":106,"column":null}},"59":{"start":{"line":107,"column":24},"end":{"line":107,"column":null}},"60":{"start":{"line":109,"column":21},"end":{"line":109,"column":null}},"61":{"start":{"line":119,"column":3},"end":{"line":123,"column":null}},"62":{"start":{"line":120,"column":12},"end":{"line":120,"column":null}},"63":{"start":{"line":121,"column":10},"end":{"line":121,"column":null}},"64":{"start":{"line":78,"column":1},"end":{"line":78,"column":null}}},"fnMap":{"0":{"name":"_page","decl":{"start":{"line":1,"column":0},"end":{"line":1,"column":null}},"loc":{"start":{"line":1,"column":0},"end":{"line":76,"column":null}},"line":1},"1":{"name":"(anonymous_1)","decl":{"start":{"line":21,"column":22},"end":{"line":21,"column":null}},"loc":{"start":{"line":21,"column":22},"end":{"line":22,"column":null}},"line":21},"2":{"name":"(anonymous_2)","decl":{"start":{"line":24,"column":18},"end":{"line":24,"column":30}},"loc":{"start":{"line":24,"column":18},"end":{"line":24,"column":null}},"line":24},"3":{"name":"(anonymous_3)","decl":{"start":{"line":24,"column":48},"end":{"line":24,"column":50}},"loc":{"start":{"line":24,"column":56},"end":{"line":24,"column":60}},"line":24},"4":{"name":"(anonymous_4)","decl":{"start":{"line":26,"column":40},"end":{"line":26,"column":47}},"loc":{"start":{"line":26,"column":40},"end":{"line":26,"column":null}},"line":26},"5":{"name":"(anonymous_5)","decl":{"start":{"line":31,"column":22},"end":{"line":31,"column":31}},"loc":{"start":{"line":31,"column":31},"end":{"line":34,"column":3}},"line":31},"6":{"name":"(anonymous_6)","decl":{"start":{"line":36,"column":23},"end":{"line":36,"column":27}},"loc":{"start":{"line":36,"column":48},"end":{"line":39,"column":3}},"line":36},"7":{"name":"(anonymous_7)","decl":{"start":{"line":41,"column":25},"end":{"line":41,"column":34}},"loc":{"start":{"line":41,"column":34},"end":{"line":43,"column":3}},"line":41},"8":{"name":"(anonymous_8)","decl":{"start":{"line":45,"column":26},"end":{"line":45,"column":30}},"loc":{"start":{"line":45,"column":60},"end":{"line":52,"column":3}},"line":45},"9":{"name":"(anonymous_9)","decl":{"start":{"line":54,"column":25},"end":{"line":54,"column":34}},"loc":{"start":{"line":54,"column":34},"end":{"line":71,"column":3}},"line":54},"10":{"name":"(anonymous_10)","decl":{"start":{"line":66,"column":23},"end":{"line":66,"column":25}},"loc":{"start":{"line":66,"column":32},"end":{"line":66,"column":null}},"line":66},"11":{"name":"(anonymous_11)","decl":{"start":{"line":73,"column":25},"end":{"line":73,"column":34}},"loc":{"start":{"line":73,"column":34},"end":{"line":75,"column":3}},"line":73},"12":{"name":"(anonymous_12)","decl":{"start":{"line":80,"column":5},"end":{"line":80,"column":11}},"loc":{"start":{"line":80,"column":5},"end":{"line":80,"column":null}},"line":80},"13":{"name":"(anonymous_13)","decl":{"start":{"line":88,"column":26},"end":{"line":88,"column":40}},"loc":{"start":{"line":88,"column":26},"end":{"line":88,"column":null}},"line":88},"14":{"name":"(anonymous_14)","decl":{"start":{"line":89,"column":26},"end":{"line":89,"column":39}},"loc":{"start":{"line":89,"column":26},"end":{"line":89,"column":null}},"line":89},"15":{"name":"(anonymous_15)","decl":{"start":{"line":83,"column":7},"end":{"line":83,"column":null}},"loc":{"start":{"line":83,"column":7},"end":{"line":87,"column":null}},"line":83},"16":{"name":"(anonymous_16)","decl":{"start":{"line":92,"column":7},"end":{"line":92,"column":null}},"loc":{"start":{"line":92,"column":7},"end":{"line":95,"column":null}},"line":92},"17":{"name":"(anonymous_17)","decl":{"start":{"line":98,"column":7},"end":{"line":98,"column":null}},"loc":{"start":{"line":98,"column":7},"end":{"line":109,"column":null}},"line":98},"18":{"name":"(anonymous_18)","decl":{"start":{"line":119,"column":3},"end":{"line":119,"column":null}},"loc":{"start":{"line":119,"column":3},"end":{"line":123,"column":null}},"line":119}},"branchMap":{"0":{"loc":{"start":{"line":46,"column":4},"end":{"line":50,"column":null}},"type":"if","locations":[{"start":{"line":46,"column":4},"end":{"line":50,"column":null}},{"start":{"line":48,"column":11},"end":{"line":50,"column":null}}],"line":46},"1":{"loc":{"start":{"line":55,"column":4},"end":{"line":55,"column":null}},"type":"if","locations":[{"start":{"line":55,"column":4},"end":{"line":55,"column":null}},{"start":{},"end":{}}],"line":55},"2":{"loc":{"start":{"line":58,"column":17},"end":{"line":61,"column":null}},"type":"cond-expr","locations":[{"start":{"line":60,"column":10},"end":{"line":60,"column":null}},{"start":{"line":61,"column":51},"end":{"line":61,"column":null}}],"line":58},"3":{"loc":{"start":{"line":63,"column":4},"end":{"line":63,"column":null}},"type":"if","locations":[{"start":{"line":63,"column":4},"end":{"line":63,"column":null}},{"start":{},"end":{}}],"line":63}},"s":{"0":3,"1":3,"2":3,"3":4,"4":4,"5":1,"6":3,"7":12,"8":3,"9":3,"10":3,"11":2,"12":2,"13":3,"14":0,"15":0,"16":3,"17":0,"18":3,"19":1,"20":0,"21":1,"22":1,"23":3,"24":0,"25":0,"26":0,"27":0,"28":0,"29":0,"30":0,"31":0,"32":0,"33":0,"34":3,"35":0,"36":3,"37":3,"38":3,"39":3,"40":3,"41":3,"42":3,"43":4,"44":3,"45":11,"46":3,"47":4,"48":3,"49":7,"50":3,"51":7,"52":1,"53":15,"54":0,"55":8,"56":3,"57":0,"58":1,"59":0,"60":0,"61":3,"62":28,"63":6,"64":3},"f":{"0":3,"1":4,"2":4,"3":1,"4":12,"5":2,"6":0,"7":0,"8":1,"9":0,"10":0,"11":0,"12":3,"13":3,"14":4,"15":3,"16":3,"17":3,"18":3},"b":{"0":[0,1],"1":[0,0],"2":[0,0],"3":[0,0]},"meta":{"lastBranch":4,"lastFunction":19,"lastStatement":65,"seen":{"f:1:0:1:Infinity":0,"s:16:25:16:Infinity":0,"s:18:21:18:Infinity":1,"s:19:17:19:Infinity":2,"s:21:22:22:Infinity":3,"f:21:22:21:Infinity":1,"s:24:18:24:Infinity":4,"f:24:18:24:30":2,"f:24:48:24:50":3,"s:24:56:24:60":5,"s:26:22:26:Infinity":6,"f:26:40:26:47":4,"s:26:40:26:Infinity":7,"s:28:18:28:Infinity":8,"s:29:16:29:Infinity":9,"s:31:22:34:3":10,"f:31:22:31:31":5,"s:32:4:32:Infinity":11,"s:33:4:33:Infinity":12,"s:36:23:39:3":13,"f:36:23:36:27":6,"s:37:4:37:Infinity":14,"s:38:4:38:Infinity":15,"s:41:25:43:3":16,"f:41:25:41:34":7,"s:42:4:42:Infinity":17,"s:45:26:52:3":18,"f:45:26:45:30":8,"b:46:4:50:Infinity:48:11:50:Infinity":0,"s:46:4:50:Infinity":19,"s:47:6:47:Infinity":20,"s:49:6:49:Infinity":21,"s:51:4:51:Infinity":22,"s:54:25:71:3":23,"f:54:25:54:34":9,"b:55:4:55:Infinity:undefined:undefined:undefined:undefined":1,"s:55:4:55:Infinity":24,"s:55:44:55:Infinity":25,"s:57:18:57:46":26,"s:58:17:61:Infinity":27,"b:60:10:60:Infinity:61:51:61:Infinity":2,"b:63:4:63:Infinity:undefined:undefined:undefined:undefined":3,"s:63:4:63:Infinity":28,"s:63:34:63:Infinity":29,"s:65:24:66:Infinity":30,"f:66:23:66:25":10,"s:66:32:66:Infinity":31,"s:69:4:69:Infinity":32,"s:70:4:70:Infinity":33,"s:73:25:75:3":34,"f:73:25:73:34":11,"s:74:4:74:Infinity":35,"s:78:4:78:Infinity":36,"s:79:6:78:Infinity":37,"s:79:3:79:Infinity":38,"s:80:5:80:Infinity":39,"f:80:5:80:11":12,"s:82:9:82:Infinity":40,"s:82:5:82:Infinity":41,"s:88:26:88:Infinity":42,"f:88:26:88:40":13,"s:89:26:89:Infinity":43,"f:89:26:89:39":14,"f:83:7:83:Infinity":15,"s:83:7:87:Infinity":44,"s:87:23:87:Infinity":45,"f:92:7:92:Infinity":16,"s:92:7:95:Infinity":46,"s:93:18:93:Infinity":47,"s:94:23:94:Infinity":48,"s:95:24:95:Infinity":49,"f:98:7:98:Infinity":17,"s:98:7:109:Infinity":50,"s:99:18:99:Infinity":51,"s:100:23:100:Infinity":52,"s:101:20:101:Infinity":53,"s:102:16:102:Infinity":54,"s:103:23:103:Infinity":55,"s:104:24:104:Infinity":56,"s:105:21:105:Infinity":57,"s:106:20:106:Infinity":58,"s:107:24:107:Infinity":59,"s:109:21:109:Infinity":60,"f:119:3:119:Infinity":18,"s:119:3:123:Infinity":61,"s:120:12:120:Infinity":62,"s:121:10:121:Infinity":63,"s:78:1:78:Infinity":64}}}
}
