{
  "/Users/nyoodee/Private/cat-expense-web/src/App.scss": {
    "path": "/Users/nyoodee/Private/cat-expense-web/src/App.scss",
    "statementMap": {},
    "fnMap": {},
    "branchMap": {},
    "s": {},
    "f": {},
    "b": {},
    "meta": {
      "lastBranch": 0,
      "lastFunction": 0,
      "lastStatement": 0,
      "seen": {}
    }
  },
  "/Users/nyoodee/Private/cat-expense-web/src/index.css": {
    "path": "/Users/nyoodee/Private/cat-expense-web/src/index.css",
    "statementMap": {},
    "fnMap": {},
    "branchMap": {},
    "s": {},
    "f": {},
    "b": {},
    "meta": {
      "lastBranch": 0,
      "lastFunction": 0,
      "lastStatement": 0,
      "seen": {}
    }
  },
  "/Users/nyoodee/Private/cat-expense-web/src/lib/components/ActionBar.svelte": {
    "path": "/Users/nyoodee/Private/cat-expense-web/src/lib/components/ActionBar.svelte",
    "statementMap": {
      "0": {
        "start": { "line": 20, "column": 25 },
        "end": { "line": 27, "column": null }
      },
      "1": {
        "start": { "line": 30, "column": 25 },
        "end": { "line": 37, "column": null }
      },
      "2": {
        "start": { "line": 41, "column": 1 },
        "end": { "line": 41, "column": null }
      },
      "3": {
        "start": { "line": 47, "column": 3 },
        "end": { "line": 41, "column": null }
      },
      "4": {
        "start": { "line": 57, "column": 3 },
        "end": { "line": 47, "column": null }
      },
      "5": {
        "start": { "line": 57, "column": 3 },
        "end": { "line": 57, "column": null }
      },
      "6": {
        "start": { "line": 68, "column": 11 },
        "end": { "line": 68, "column": null }
      },
      "7": {
        "start": { "line": 68, "column": 7 },
        "end": { "line": 68, "column": null }
      },
      "8": {
        "start": { "line": 67, "column": 25 },
        "end": { "line": 67, "column": null }
      },
      "9": {
        "start": { "line": 67, "column": 26 },
        "end": { "line": 67, "column": null }
      },
      "10": {
        "start": { "line": 74, "column": 3 },
        "end": { "line": 57, "column": null }
      },
      "11": {
        "start": { "line": 57, "column": 3 },
        "end": { "line": 59, "column": null }
      },
      "12": {
        "start": { "line": 57, "column": 3 },
        "end": { "line": 63, "column": null }
      },
      "13": {
        "start": { "line": 74, "column": 3 },
        "end": { "line": 76, "column": null }
      },
      "14": {
        "start": { "line": 74, "column": 3 },
        "end": { "line": 74, "column": null }
      },
      "15": {
        "start": { "line": 47, "column": 3 },
        "end": { "line": 47, "column": null }
      }
    },
    "fnMap": {
      "0": {
        "name": "ActionBar",
        "decl": {
          "start": { "line": 1, "column": 0 },
          "end": { "line": 1, "column": null }
        },
        "loc": {
          "start": { "line": 1, "column": 0 },
          "end": { "line": 39, "column": null }
        },
        "line": 1
      },
      "1": {
        "name": "(anonymous_1)",
        "decl": {
          "start": { "line": 47, "column": 3 },
          "end": { "line": 47, "column": null }
        },
        "loc": {
          "start": { "line": 47, "column": 3 },
          "end": { "line": 47, "column": null }
        },
        "line": 47
      },
      "2": {
        "name": "(anonymous_2)",
        "decl": {
          "start": { "line": 57, "column": 3 },
          "end": { "line": 57, "column": null }
        },
        "loc": {
          "start": { "line": 57, "column": 3 },
          "end": { "line": 57, "column": null }
        },
        "line": 57
      },
      "3": {
        "name": "(anonymous_3)",
        "decl": {
          "start": { "line": 74, "column": 3 },
          "end": { "line": 74, "column": null }
        },
        "loc": {
          "start": { "line": 74, "column": 3 },
          "end": { "line": 74, "column": null }
        },
        "line": 74
      }
    },
    "branchMap": {
      "0": {
        "loc": {
          "start": { "line": 24, "column": 25 },
          "end": { "line": 24, "column": null }
        },
        "type": "cond-expr",
        "locations": [
          {
            "start": { "line": 24, "column": 25 },
            "end": { "line": 24, "column": 55 }
          },
          {
            "start": { "line": 24, "column": 58 },
            "end": { "line": 24, "column": null }
          }
        ],
        "line": 24
      },
      "1": {
        "loc": {
          "start": { "line": 34, "column": 25 },
          "end": { "line": 34, "column": null }
        },
        "type": "cond-expr",
        "locations": [
          {
            "start": { "line": 34, "column": 25 },
            "end": { "line": 34, "column": 55 }
          },
          {
            "start": { "line": 34, "column": 58 },
            "end": { "line": 34, "column": null }
          }
        ],
        "line": 34
      },
      "2": {
        "loc": {
          "start": { "line": 67, "column": 25 },
          "end": { "line": 67, "column": null }
        },
        "type": "if",
        "locations": [
          {
            "start": { "line": 67, "column": 25 },
            "end": { "line": 67, "column": null }
          },
          { "start": {}, "end": {} }
        ],
        "line": 67
      },
      "3": {
        "loc": {
          "start": { "line": 57, "column": 3 },
          "end": { "line": 63, "column": 89 }
        },
        "type": "cond-expr",
        "locations": [
          {
            "start": { "line": 63, "column": 81 },
            "end": { "line": 63, "column": 84 }
          },
          {
            "start": { "line": 63, "column": 87 },
            "end": { "line": 63, "column": 89 }
          }
        ],
        "line": 57
      }
    },
    "s": {
      "0": 7,
      "1": 7,
      "2": 7,
      "3": 7,
      "4": 7,
      "5": 7,
      "6": 1,
      "7": 1,
      "8": 7,
      "9": 1,
      "10": 7,
      "11": 8,
      "12": 8,
      "13": 8,
      "14": 7,
      "15": 7
    },
    "f": { "0": 7, "1": 3, "2": 1, "3": 1 },
    "b": { "0": [5, 2], "1": [6, 2], "2": [1, 6], "3": [8, 0] },
    "meta": {
      "lastBranch": 0,
      "lastFunction": 0,
      "lastStatement": 0,
      "seen": {}
    }
  },
  "/Users/nyoodee/Private/cat-expense-web/src/lib/components/CatFactPanel.svelte": {
    "path": "/Users/nyoodee/Private/cat-expense-web/src/lib/components/CatFactPanel.svelte",
    "statementMap": {
      "0": {
        "start": { "line": 10, "column": 20 },
        "end": { "line": 13, "column": null }
      },
      "1": {
        "start": { "line": 17, "column": 4 },
        "end": { "line": 17, "column": 12 }
      },
      "2": {
        "start": { "line": 21, "column": 6 },
        "end": { "line": 17, "column": 12 }
      },
      "3": {
        "start": { "line": 23, "column": 5 },
        "end": { "line": 21, "column": null }
      },
      "4": {
        "start": { "line": 21, "column": 3 },
        "end": { "line": 21, "column": null }
      },
      "5": {
        "start": { "line": 36, "column": 4 },
        "end": { "line": 21, "column": null }
      },
      "6": {
        "start": { "line": 36, "column": 3 },
        "end": { "line": 36, "column": null }
      },
      "7": {
        "start": { "line": 17, "column": 1 },
        "end": { "line": 17, "column": 12 }
      },
      "8": {
        "start": { "line": 17, "column": 1 },
        "end": { "line": 17, "column": null }
      },
      "9": {
        "start": { "line": 23, "column": 5 },
        "end": { "line": 26, "column": null }
      },
      "10": {
        "start": { "line": 23, "column": 5 },
        "end": { "line": 23, "column": null }
      },
      "11": {
        "start": { "line": 37, "column": 17 },
        "end": { "line": 37, "column": null }
      }
    },
    "fnMap": {
      "0": {
        "name": "CatFactPanel",
        "decl": {
          "start": { "line": 1, "column": 0 },
          "end": { "line": 1, "column": null }
        },
        "loc": {
          "start": { "line": 1, "column": 0 },
          "end": { "line": 15, "column": null }
        },
        "line": 1
      },
      "1": {
        "name": "(anonymous_1)",
        "decl": {
          "start": { "line": 23, "column": 5 },
          "end": { "line": 23, "column": null }
        },
        "loc": {
          "start": { "line": 23, "column": 5 },
          "end": { "line": 23, "column": null }
        },
        "line": 23
      }
    },
    "branchMap": {
      "0": {
        "loc": {
          "start": { "line": 11, "column": 35 },
          "end": { "line": 11, "column": null }
        },
        "type": "cond-expr",
        "locations": [
          {
            "start": { "line": 11, "column": 35 },
            "end": { "line": 11, "column": 60 }
          },
          {
            "start": { "line": 11, "column": 63 },
            "end": { "line": 11, "column": null }
          }
        ],
        "line": 11
      },
      "1": {
        "loc": {
          "start": { "line": 23, "column": 5 },
          "end": { "line": 26, "column": 12 }
        },
        "type": "cond-expr",
        "locations": [
          {
            "start": { "line": 25, "column": 10 },
            "end": { "line": 25, "column": 44 }
          },
          {
            "start": { "line": 26, "column": 10 },
            "end": { "line": 26, "column": 12 }
          }
        ],
        "line": 23
      },
      "2": {
        "loc": {
          "start": { "line": 37, "column": 17 },
          "end": { "line": 37, "column": null }
        },
        "type": "cond-expr",
        "locations": [
          {
            "start": { "line": 37, "column": 17 },
            "end": { "line": 37, "column": 46 }
          },
          {
            "start": { "line": 37, "column": 46 },
            "end": { "line": 37, "column": null }
          }
        ],
        "line": 37
      }
    },
    "s": {
      "0": 10,
      "1": 10,
      "2": 10,
      "3": 10,
      "4": 10,
      "5": 10,
      "6": 10,
      "7": 10,
      "8": 14,
      "9": 14,
      "10": 10,
      "11": 14
    },
    "f": { "0": 10, "1": 1 },
    "b": { "0": [4, 10], "1": [4, 10], "2": [4, 10] },
    "meta": {
      "lastBranch": 0,
      "lastFunction": 0,
      "lastStatement": 0,
      "seen": {}
    }
  },
  "/Users/nyoodee/Private/cat-expense-web/src/lib/components/ExpenseDialog.svelte": {
    "path": "/Users/nyoodee/Private/cat-expense-web/src/lib/components/ExpenseDialog.svelte",
    "statementMap": {
      "0": {
        "start": { "line": 17, "column": 20 },
        "end": { "line": 17, "column": null }
      },
      "1": {
        "start": { "line": 19, "column": 17 },
        "end": { "line": 19, "column": null }
      },
      "2": {
        "start": { "line": 22, "column": 2 },
        "end": { "line": 31, "column": null }
      },
      "3": {
        "start": { "line": 23, "column": 4 },
        "end": { "line": 27, "column": null }
      },
      "4": {
        "start": { "line": 24, "column": 6 },
        "end": { "line": 24, "column": null }
      },
      "5": {
        "start": { "line": 26, "column": 6 },
        "end": { "line": 26, "column": null }
      },
      "6": {
        "start": { "line": 28, "column": 4 },
        "end": { "line": 30, "column": null }
      },
      "7": {
        "start": { "line": 29, "column": 6 },
        "end": { "line": 29, "column": null }
      },
      "8": {
        "start": { "line": 34, "column": 19 },
        "end": { "line": 34, "column": null }
      },
      "9": {
        "start": { "line": 35, "column": 22 },
        "end": { "line": 35, "column": null }
      },
      "10": {
        "start": { "line": 37, "column": 2 },
        "end": { "line": 73, "column": null }
      },
      "11": {
        "start": { "line": 38, "column": 24 },
        "end": { "line": 39, "column": 66 }
      },
      "12": {
        "start": { "line": 40, "column": 4 },
        "end": { "line": 44, "column": null }
      },
      "13": {
        "start": { "line": 41, "column": 6 },
        "end": { "line": 41, "column": null }
      },
      "14": {
        "start": { "line": 42, "column": 6 },
        "end": { "line": 42, "column": null }
      },
      "15": {
        "start": { "line": 43, "column": 6 },
        "end": { "line": 43, "column": null }
      },
      "16": {
        "start": { "line": 46, "column": 22 },
        "end": { "line": 62, "column": 5 }
      },
      "17": {
        "start": { "line": 47, "column": 6 },
        "end": { "line": 61, "column": null }
      },
      "18": {
        "start": { "line": 48, "column": 8 },
        "end": { "line": 53, "column": null }
      },
      "19": {
        "start": { "line": 57, "column": 8 },
        "end": { "line": 57, "column": null }
      },
      "20": {
        "start": { "line": 59, "column": 8 },
        "end": { "line": 59, "column": null }
      },
      "21": {
        "start": { "line": 60, "column": 8 },
        "end": { "line": 60, "column": null }
      },
      "22": {
        "start": { "line": 64, "column": 4 },
        "end": { "line": 64, "column": null }
      },
      "23": {
        "start": { "line": 65, "column": 4 },
        "end": { "line": 65, "column": null }
      },
      "24": {
        "start": { "line": 67, "column": 4 },
        "end": { "line": 67, "column": null }
      },
      "25": {
        "start": { "line": 69, "column": 4 },
        "end": { "line": 72, "column": null }
      },
      "26": {
        "start": { "line": 70, "column": 6 },
        "end": { "line": 70, "column": null }
      },
      "27": {
        "start": { "line": 71, "column": 6 },
        "end": { "line": 71, "column": null }
      },
      "28": {
        "start": { "line": 76, "column": 2 },
        "end": { "line": 83, "column": null }
      },
      "29": {
        "start": { "line": 77, "column": 4 },
        "end": { "line": 82, "column": null }
      },
      "30": {
        "start": { "line": 78, "column": 6 },
        "end": { "line": 78, "column": null }
      },
      "31": {
        "start": { "line": 79, "column": 6 },
        "end": { "line": 81, "column": null }
      },
      "32": {
        "start": { "line": 80, "column": 8 },
        "end": { "line": 80, "column": null }
      },
      "33": {
        "start": { "line": 87, "column": 4 },
        "end": { "line": 89, "column": null }
      },
      "34": {
        "start": { "line": 92, "column": 18 },
        "end": { "line": 92, "column": null }
      },
      "35": {
        "start": { "line": 93, "column": 13 },
        "end": { "line": 93, "column": null }
      },
      "36": {
        "start": { "line": 93, "column": 13 },
        "end": { "line": 93, "column": 68 }
      },
      "37": {
        "start": { "line": 96, "column": 26 },
        "end": { "line": 96, "column": null }
      },
      "38": {
        "start": { "line": 99, "column": 3 },
        "end": { "line": 99, "column": null }
      },
      "39": {
        "start": { "line": 104, "column": 5 },
        "end": { "line": 99, "column": null }
      },
      "40": {
        "start": { "line": 111, "column": 5 },
        "end": { "line": 104, "column": null }
      },
      "41": {
        "start": { "line": 120, "column": 10 },
        "end": { "line": 111, "column": null }
      },
      "42": {
        "start": { "line": 121, "column": 11 },
        "end": { "line": 120, "column": null }
      },
      "43": {
        "start": { "line": 121, "column": 9 },
        "end": { "line": 121, "column": 61 }
      },
      "44": {
        "start": { "line": 122, "column": 9 },
        "end": { "line": 121, "column": 61 }
      },
      "45": {
        "start": { "line": 120, "column": 7 },
        "end": { "line": 120, "column": null }
      },
      "46": {
        "start": { "line": 134, "column": 10 },
        "end": { "line": 120, "column": null }
      },
      "47": {
        "start": { "line": 134, "column": 7 },
        "end": { "line": 134, "column": null }
      },
      "48": {
        "start": { "line": 135, "column": 9 },
        "end": { "line": 135, "column": null }
      },
      "49": {
        "start": { "line": 135, "column": 58 },
        "end": { "line": 135, "column": null }
      },
      "50": {
        "start": { "line": 137, "column": 9 },
        "end": { "line": 140, "column": null }
      },
      "51": {
        "start": { "line": 138, "column": 16 },
        "end": { "line": 138, "column": null }
      },
      "52": {
        "start": { "line": 139, "column": 21 },
        "end": { "line": 139, "column": null }
      },
      "53": {
        "start": { "line": 140, "column": 21 },
        "end": { "line": 140, "column": null }
      },
      "54": {
        "start": { "line": 111, "column": 5 },
        "end": { "line": 111, "column": null }
      },
      "55": {
        "start": { "line": 99, "column": 3 },
        "end": { "line": 102, "column": null }
      },
      "56": {
        "start": { "line": 111, "column": 5 },
        "end": { "line": 114, "column": null }
      },
      "57": {
        "start": { "line": 121, "column": 61 },
        "end": { "line": 121, "column": null }
      },
      "58": {
        "start": { "line": 104, "column": 5 },
        "end": { "line": 104, "column": null }
      },
      "59": {
        "start": { "line": 122, "column": 9 },
        "end": { "line": 122, "column": null }
      }
    },
    "fnMap": {
      "0": {
        "name": "ExpenseDialog",
        "decl": {
          "start": { "line": 1, "column": 0 },
          "end": { "line": 1, "column": null }
        },
        "loc": {
          "start": { "line": 1, "column": 0 },
          "end": { "line": 94, "column": null }
        },
        "line": 1
      },
      "1": {
        "name": "(anonymous_1)",
        "decl": {
          "start": { "line": 22, "column": 9 },
          "end": { "line": 22, "column": 16 }
        },
        "loc": {
          "start": { "line": 22, "column": 16 },
          "end": { "line": 31, "column": 3 }
        },
        "line": 22
      },
      "2": {
        "name": "(anonymous_2)",
        "decl": {
          "start": { "line": 28, "column": 10 },
          "end": { "line": 28, "column": 17 }
        },
        "loc": {
          "start": { "line": 28, "column": 17 },
          "end": { "line": 30, "column": 5 }
        },
        "line": 28
      },
      "3": {
        "name": "(anonymous_3)",
        "decl": {
          "start": { "line": 37, "column": 9 },
          "end": { "line": 37, "column": 16 }
        },
        "loc": {
          "start": { "line": 37, "column": 16 },
          "end": { "line": 73, "column": 3 }
        },
        "line": 37
      },
      "4": {
        "name": "(anonymous_4)",
        "decl": {
          "start": { "line": 46, "column": 22 },
          "end": { "line": 46, "column": 31 }
        },
        "loc": {
          "start": { "line": 46, "column": 31 },
          "end": { "line": 62, "column": 5 }
        },
        "line": 46
      },
      "5": {
        "name": "(anonymous_5)",
        "decl": {
          "start": { "line": 69, "column": 10 },
          "end": { "line": 69, "column": 17 }
        },
        "loc": {
          "start": { "line": 69, "column": 17 },
          "end": { "line": 72, "column": 5 }
        },
        "line": 69
      },
      "6": {
        "name": "(anonymous_6)",
        "decl": {
          "start": { "line": 76, "column": 9 },
          "end": { "line": 76, "column": 16 }
        },
        "loc": {
          "start": { "line": 76, "column": 16 },
          "end": { "line": 83, "column": 3 }
        },
        "line": 76
      },
      "7": {
        "name": "(anonymous_7)",
        "decl": {
          "start": { "line": 79, "column": 27 },
          "end": { "line": 79, "column": 34 }
        },
        "loc": {
          "start": { "line": 79, "column": 34 },
          "end": { "line": 81, "column": 7 }
        },
        "line": 79
      },
      "8": {
        "name": "handleKeyDown",
        "decl": {
          "start": { "line": 86, "column": 11 },
          "end": { "line": 86, "column": 24 }
        },
        "loc": {
          "start": { "line": 86, "column": 43 },
          "end": { "line": 90, "column": null }
        },
        "line": 86
      },
      "9": {
        "name": "(anonymous_9)",
        "decl": {
          "start": { "line": 92, "column": 18 },
          "end": { "line": 92, "column": 35 }
        },
        "loc": {
          "start": { "line": 92, "column": 18 },
          "end": { "line": 92, "column": null }
        },
        "line": 92
      },
      "10": {
        "name": "(anonymous_10)",
        "decl": {
          "start": { "line": 93, "column": 13 },
          "end": { "line": 93, "column": 25 }
        },
        "loc": {
          "start": { "line": 93, "column": 13 },
          "end": { "line": 93, "column": 68 }
        },
        "line": 93
      },
      "11": {
        "name": "(anonymous_11)",
        "decl": {
          "start": { "line": 135, "column": 9 },
          "end": { "line": 135, "column": 20 }
        },
        "loc": {
          "start": { "line": 135, "column": 9 },
          "end": { "line": 135, "column": null }
        },
        "line": 135
      },
      "12": {
        "name": "(anonymous_12)",
        "decl": {
          "start": { "line": 135, "column": 39 },
          "end": { "line": 135, "column": 56 }
        },
        "loc": {
          "start": { "line": 135, "column": 56 },
          "end": { "line": 135, "column": null }
        },
        "line": 135
      },
      "13": {
        "name": "(anonymous_13)",
        "decl": {
          "start": { "line": 137, "column": 9 },
          "end": { "line": 137, "column": null }
        },
        "loc": {
          "start": { "line": 137, "column": 9 },
          "end": { "line": 140, "column": null }
        },
        "line": 137
      },
      "14": {
        "name": "(anonymous_14)",
        "decl": {
          "start": { "line": 111, "column": 5 },
          "end": { "line": 111, "column": null }
        },
        "loc": {
          "start": { "line": 111, "column": 5 },
          "end": { "line": 111, "column": null }
        },
        "line": 111
      },
      "15": {
        "name": "(anonymous_15)",
        "decl": {
          "start": { "line": 104, "column": 5 },
          "end": { "line": 104, "column": null }
        },
        "loc": {
          "start": { "line": 104, "column": 5 },
          "end": { "line": 104, "column": null }
        },
        "line": 104
      },
      "16": {
        "name": "(anonymous_16)",
        "decl": {
          "start": { "line": 122, "column": 9 },
          "end": { "line": 122, "column": null }
        },
        "loc": {
          "start": { "line": 122, "column": 9 },
          "end": { "line": 122, "column": null }
        },
        "line": 122
      }
    },
    "branchMap": {
      "0": {
        "loc": {
          "start": { "line": 23, "column": 4 },
          "end": { "line": 27, "column": null }
        },
        "type": "if",
        "locations": [
          {
            "start": { "line": 23, "column": 4 },
            "end": { "line": 27, "column": null }
          },
          {
            "start": { "line": 25, "column": 11 },
            "end": { "line": 27, "column": null }
          }
        ],
        "line": 23
      },
      "1": {
        "loc": {
          "start": { "line": 38, "column": 24 },
          "end": { "line": 39, "column": 66 }
        },
        "type": "cond-expr",
        "locations": [
          {
            "start": { "line": 39, "column": 38 },
            "end": { "line": 39, "column": 59 }
          },
          {
            "start": { "line": 39, "column": 62 },
            "end": { "line": 39, "column": 66 }
          }
        ],
        "line": 38
      },
      "2": {
        "loc": {
          "start": { "line": 40, "column": 4 },
          "end": { "line": 44, "column": null }
        },
        "type": "if",
        "locations": [
          {
            "start": { "line": 40, "column": 4 },
            "end": { "line": 44, "column": null }
          },
          { "start": {}, "end": {} }
        ],
        "line": 40
      },
      "3": {
        "loc": {
          "start": { "line": 40, "column": 6 },
          "end": { "line": 40, "column": 34 }
        },
        "type": "binary-expr",
        "locations": [
          {
            "start": { "line": 40, "column": 6 },
            "end": { "line": 40, "column": 20 }
          },
          {
            "start": { "line": 40, "column": 6 },
            "end": { "line": 40, "column": 34 }
          }
        ],
        "line": 40
      },
      "4": {
        "loc": {
          "start": { "line": 47, "column": 6 },
          "end": { "line": 61, "column": null }
        },
        "type": "if",
        "locations": [
          {
            "start": { "line": 47, "column": 6 },
            "end": { "line": 61, "column": null }
          },
          {
            "start": { "line": 58, "column": 13 },
            "end": { "line": 61, "column": null }
          }
        ],
        "line": 47
      },
      "5": {
        "loc": {
          "start": { "line": 77, "column": 4 },
          "end": { "line": 82, "column": null }
        },
        "type": "if",
        "locations": [
          {
            "start": { "line": 77, "column": 4 },
            "end": { "line": 82, "column": null }
          },
          { "start": {}, "end": {} }
        ],
        "line": 77
      },
      "6": {
        "loc": {
          "start": { "line": 87, "column": 4 },
          "end": { "line": 89, "column": null }
        },
        "type": "if",
        "locations": [
          {
            "start": { "line": 87, "column": 4 },
            "end": { "line": 89, "column": null }
          },
          { "start": {}, "end": {} }
        ],
        "line": 87
      },
      "7": {
        "loc": {
          "start": { "line": 87, "column": 6 },
          "end": { "line": 87, "column": 38 }
        },
        "type": "binary-expr",
        "locations": [
          {
            "start": { "line": 87, "column": 6 },
            "end": { "line": 87, "column": 18 }
          },
          {
            "start": { "line": 87, "column": 6 },
            "end": { "line": 87, "column": 38 }
          }
        ],
        "line": 87
      },
      "8": {
        "loc": {
          "start": { "line": 93, "column": 13 },
          "end": { "line": 93, "column": 68 }
        },
        "type": "cond-expr",
        "locations": [
          {
            "start": { "line": 93, "column": 38 },
            "end": { "line": 93, "column": 52 }
          },
          {
            "start": { "line": 93, "column": 55 },
            "end": { "line": 93, "column": 68 }
          }
        ],
        "line": 93
      }
    },
    "s": {
      "0": 8,
      "1": 8,
      "2": 8,
      "3": 11,
      "4": 6,
      "5": 5,
      "6": 11,
      "7": 11,
      "8": 8,
      "9": 8,
      "10": 8,
      "11": 11,
      "12": 11,
      "13": 11,
      "14": 11,
      "15": 11,
      "16": 0,
      "17": 0,
      "18": 0,
      "19": 0,
      "20": 0,
      "21": 0,
      "22": 0,
      "23": 0,
      "24": 0,
      "25": 0,
      "26": 0,
      "27": 0,
      "28": 8,
      "29": 11,
      "30": 6,
      "31": 6,
      "32": 6,
      "33": 1,
      "34": 6,
      "35": 8,
      "36": 6,
      "37": 8,
      "38": 6,
      "39": 6,
      "40": 6,
      "41": 6,
      "42": 6,
      "43": 6,
      "44": 6,
      "45": 6,
      "46": 6,
      "47": 6,
      "48": 6,
      "49": 12,
      "50": 6,
      "51": 8,
      "52": 40,
      "53": 0,
      "54": 12,
      "55": 6,
      "56": 6,
      "57": 6,
      "58": 6,
      "59": 6
    },
    "f": {
      "0": 8,
      "1": 11,
      "2": 11,
      "3": 11,
      "4": 0,
      "5": 0,
      "6": 11,
      "7": 6,
      "8": 1,
      "9": 6,
      "10": 6,
      "11": 6,
      "12": 30,
      "13": 6,
      "14": 18,
      "15": 0,
      "16": 1
    },
    "b": {
      "0": [6, 5],
      "1": [11, 0],
      "2": [11, 0],
      "3": [11, 6],
      "4": [0, 0],
      "5": [6, 5],
      "6": [1, 0],
      "7": [1, 1],
      "8": [1, 5]
    },
    "meta": {
      "lastBranch": 0,
      "lastFunction": 0,
      "lastStatement": 0,
      "seen": {}
    }
  },
  "/Users/nyoodee/Private/cat-expense-web/src/lib/components/ExpenseForm.svelte": {
    "path": "/Users/nyoodee/Private/cat-expense-web/src/lib/components/ExpenseForm.svelte",
    "statementMap": {
      "0": {
        "start": { "line": 20, "column": 36 },
        "end": { "line": 20, "column": null }
      },
      "1": {
        "start": { "line": 23, "column": 4 },
        "end": { "line": 29, "column": null }
      },
      "2": {
        "start": { "line": 24, "column": 6 },
        "end": { "line": 27, "column": null }
      },
      "3": {
        "start": { "line": 30, "column": 4 },
        "end": { "line": 30, "column": null }
      },
      "4": {
        "start": { "line": 33, "column": 10 },
        "end": { "line": 33, "column": null }
      },
      "5": {
        "start": { "line": 34, "column": 14 },
        "end": { "line": 34, "column": null }
      },
      "6": {
        "start": { "line": 35, "column": 12 },
        "end": { "line": 35, "column": null }
      },
      "7": {
        "start": { "line": 36, "column": 12 },
        "end": { "line": 36, "column": null }
      },
      "8": {
        "start": { "line": 37, "column": 18 },
        "end": { "line": 37, "column": null }
      },
      "9": {
        "start": { "line": 40, "column": 2 },
        "end": { "line": 47, "column": null }
      },
      "10": {
        "start": { "line": 41, "column": 19 },
        "end": { "line": 41, "column": null }
      },
      "11": {
        "start": { "line": 42, "column": 4 },
        "end": { "line": 42, "column": null }
      },
      "12": {
        "start": { "line": 43, "column": 4 },
        "end": { "line": 43, "column": null }
      },
      "13": {
        "start": { "line": 44, "column": 4 },
        "end": { "line": 44, "column": null }
      },
      "14": {
        "start": { "line": 45, "column": 4 },
        "end": { "line": 45, "column": null }
      },
      "15": {
        "start": { "line": 46, "column": 4 },
        "end": { "line": 46, "column": null }
      },
      "16": {
        "start": { "line": 50, "column": 2 },
        "end": { "line": 59, "column": null }
      },
      "17": {
        "start": { "line": 51, "column": 4 },
        "end": { "line": 51, "column": null }
      },
      "18": {
        "start": { "line": 51, "column": 23 },
        "end": { "line": 51, "column": null }
      },
      "19": {
        "start": { "line": 53, "column": 44 },
        "end": { "line": 56, "column": null }
      },
      "20": {
        "start": { "line": 58, "column": 4 },
        "end": { "line": 58, "column": null }
      },
      "21": {
        "start": { "line": 62, "column": 4 },
        "end": { "line": 62, "column": null }
      },
      "22": {
        "start": { "line": 63, "column": 4 },
        "end": { "line": 63, "column": null }
      },
      "23": {
        "start": { "line": 65, "column": 44 },
        "end": { "line": 68, "column": null }
      },
      "24": {
        "start": { "line": 71, "column": 26 },
        "end": { "line": 71, "column": null }
      },
      "25": {
        "start": { "line": 73, "column": 4 },
        "end": { "line": 76, "column": null }
      },
      "26": {
        "start": { "line": 74, "column": 6 },
        "end": { "line": 74, "column": null }
      },
      "27": {
        "start": { "line": 75, "column": 6 },
        "end": { "line": 75, "column": null }
      },
      "28": {
        "start": { "line": 85, "column": 18 },
        "end": { "line": 85, "column": null }
      },
      "29": {
        "start": { "line": 86, "column": 19 },
        "end": { "line": 86, "column": null }
      },
      "30": {
        "start": { "line": 86, "column": 19 },
        "end": { "line": 86, "column": 63 }
      },
      "31": {
        "start": { "line": 89, "column": 5 },
        "end": { "line": 89, "column": 37 }
      },
      "32": {
        "start": { "line": 90, "column": 6 },
        "end": { "line": 89, "column": 37 }
      },
      "33": {
        "start": { "line": 92, "column": 5 },
        "end": { "line": 90, "column": null }
      },
      "34": {
        "start": { "line": 103, "column": 7 },
        "end": { "line": 92, "column": null }
      },
      "35": {
        "start": { "line": 103, "column": 7 },
        "end": { "line": 103, "column": null }
      },
      "36": {
        "start": { "line": 103, "column": 7 },
        "end": { "line": 106, "column": null }
      },
      "37": {
        "start": { "line": 106, "column": 19 },
        "end": { "line": 106, "column": null }
      },
      "38": {
        "start": { "line": 115, "column": 9 },
        "end": { "line": 115, "column": null }
      },
      "39": {
        "start": { "line": 120, "column": 11 },
        "end": { "line": 120, "column": null }
      },
      "40": {
        "start": { "line": 114, "column": 11 },
        "end": { "line": 114, "column": null }
      },
      "41": {
        "start": { "line": 114, "column": 22 },
        "end": { "line": 114, "column": null }
      },
      "42": {
        "start": { "line": 92, "column": 5 },
        "end": { "line": 92, "column": null }
      },
      "43": {
        "start": { "line": 126, "column": 5 },
        "end": { "line": 92, "column": null }
      },
      "44": {
        "start": { "line": 137, "column": 7 },
        "end": { "line": 126, "column": null }
      },
      "45": {
        "start": { "line": 146, "column": 15 },
        "end": { "line": 137, "column": null }
      },
      "46": {
        "start": { "line": 146, "column": 9 },
        "end": { "line": 146, "column": null }
      },
      "47": {
        "start": { "line": 147, "column": 15 },
        "end": { "line": 148, "column": 25 }
      },
      "48": {
        "start": { "line": 147, "column": 15 },
        "end": { "line": 147, "column": 25 }
      },
      "49": {
        "start": { "line": 147, "column": 34 },
        "end": { "line": 147, "column": 37 }
      },
      "50": {
        "start": { "line": 148, "column": 17 },
        "end": { "line": 148, "column": 25 }
      },
      "51": {
        "start": { "line": 148, "column": 11 },
        "end": { "line": 148, "column": 25 }
      },
      "52": {
        "start": { "line": 149, "column": 13 },
        "end": { "line": 150, "column": null }
      },
      "53": {
        "start": { "line": 148, "column": 25 },
        "end": { "line": 148, "column": null }
      },
      "54": {
        "start": { "line": 148, "column": 11 },
        "end": { "line": 148, "column": null }
      },
      "55": {
        "start": { "line": 137, "column": 7 },
        "end": { "line": 137, "column": null }
      },
      "56": {
        "start": { "line": 155, "column": 9 },
        "end": { "line": 155, "column": null }
      },
      "57": {
        "start": { "line": 160, "column": 11 },
        "end": { "line": 160, "column": null }
      },
      "58": {
        "start": { "line": 154, "column": 11 },
        "end": { "line": 154, "column": null }
      },
      "59": {
        "start": { "line": 154, "column": 26 },
        "end": { "line": 154, "column": null }
      },
      "60": {
        "start": { "line": 126, "column": 5 },
        "end": { "line": 126, "column": null }
      },
      "61": {
        "start": { "line": 166, "column": 5 },
        "end": { "line": 126, "column": null }
      },
      "62": {
        "start": { "line": 177, "column": 7 },
        "end": { "line": 166, "column": null }
      },
      "63": {
        "start": { "line": 177, "column": 7 },
        "end": { "line": 177, "column": null }
      },
      "64": {
        "start": { "line": 188, "column": 9 },
        "end": { "line": 188, "column": null }
      },
      "65": {
        "start": { "line": 193, "column": 11 },
        "end": { "line": 193, "column": null }
      },
      "66": {
        "start": { "line": 187, "column": 11 },
        "end": { "line": 187, "column": null }
      },
      "67": {
        "start": { "line": 187, "column": 24 },
        "end": { "line": 187, "column": null }
      },
      "68": {
        "start": { "line": 166, "column": 5 },
        "end": { "line": 166, "column": null }
      },
      "69": {
        "start": { "line": 90, "column": 3 },
        "end": { "line": 90, "column": null }
      },
      "70": {
        "start": { "line": 200, "column": 6 },
        "end": { "line": 90, "column": null }
      },
      "71": {
        "start": { "line": 201, "column": 5 },
        "end": { "line": 200, "column": null }
      },
      "72": {
        "start": { "line": 201, "column": 5 },
        "end": { "line": 201, "column": null }
      },
      "73": {
        "start": { "line": 200, "column": 3 },
        "end": { "line": 200, "column": null }
      },
      "74": {
        "start": { "line": 89, "column": 1 },
        "end": { "line": 89, "column": 37 }
      },
      "75": {
        "start": { "line": 92, "column": 5 },
        "end": { "line": 95, "column": null }
      },
      "76": {
        "start": { "line": 103, "column": 7 },
        "end": { "line": 110, "column": null }
      },
      "77": {
        "start": { "line": 103, "column": 7 },
        "end": { "line": 111, "column": null }
      },
      "78": {
        "start": { "line": 126, "column": 5 },
        "end": { "line": 129, "column": null }
      },
      "79": {
        "start": { "line": 137, "column": 7 },
        "end": { "line": 141, "column": null }
      },
      "80": {
        "start": { "line": 137, "column": 7 },
        "end": { "line": 144, "column": null }
      },
      "81": {
        "start": { "line": 166, "column": 5 },
        "end": { "line": 169, "column": null }
      },
      "82": {
        "start": { "line": 177, "column": 7 },
        "end": { "line": 184, "column": null }
      },
      "83": {
        "start": { "line": 177, "column": 7 },
        "end": { "line": 185, "column": null }
      },
      "84": {
        "start": { "line": 206, "column": 7 },
        "end": { "line": 206, "column": null }
      },
      "85": {
        "start": { "line": 89, "column": 1 },
        "end": { "line": 89, "column": null }
      },
      "86": {
        "start": { "line": 108, "column": 20 },
        "end": { "line": 108, "column": null }
      },
      "87": {
        "start": { "line": 140, "column": 20 },
        "end": { "line": 140, "column": null }
      },
      "88": {
        "start": { "line": 182, "column": 20 },
        "end": { "line": 182, "column": null }
      }
    },
    "fnMap": {
      "0": {
        "name": "ExpenseForm",
        "decl": {
          "start": { "line": 1, "column": 0 },
          "end": { "line": 1, "column": null }
        },
        "loc": {
          "start": { "line": 1, "column": 0 },
          "end": { "line": 87, "column": null }
        },
        "line": 1
      },
      "1": {
        "name": "getInitialValues",
        "decl": {
          "start": { "line": 22, "column": 11 },
          "end": { "line": 22, "column": 27 }
        },
        "loc": {
          "start": { "line": 22, "column": 46 },
          "end": { "line": 31, "column": null }
        },
        "line": 22
      },
      "2": {
        "name": "(anonymous_2)",
        "decl": {
          "start": { "line": 40, "column": 9 },
          "end": { "line": 40, "column": 16 }
        },
        "loc": {
          "start": { "line": 40, "column": 16 },
          "end": { "line": 47, "column": 3 }
        },
        "line": 40
      },
      "3": {
        "name": "(anonymous_3)",
        "decl": {
          "start": { "line": 50, "column": 9 },
          "end": { "line": 50, "column": 16 }
        },
        "loc": {
          "start": { "line": 50, "column": 16 },
          "end": { "line": 59, "column": 3 }
        },
        "line": 50
      },
      "4": {
        "name": "handleFormSubmit",
        "decl": {
          "start": { "line": 61, "column": 11 },
          "end": { "line": 61, "column": 27 }
        },
        "loc": {
          "start": { "line": 61, "column": 38 },
          "end": { "line": 83, "column": null }
        },
        "line": 61
      },
      "5": {
        "name": "(anonymous_5)",
        "decl": {
          "start": { "line": 85, "column": 18 },
          "end": { "line": 85, "column": 35 }
        },
        "loc": {
          "start": { "line": 85, "column": 18 },
          "end": { "line": 85, "column": null }
        },
        "line": 85
      },
      "6": {
        "name": "(anonymous_6)",
        "decl": {
          "start": { "line": 86, "column": 19 },
          "end": { "line": 86, "column": 31 }
        },
        "loc": {
          "start": { "line": 86, "column": 19 },
          "end": { "line": 86, "column": 63 }
        },
        "line": 86
      },
      "7": {
        "name": "(anonymous_8)",
        "decl": {
          "start": { "line": 106, "column": 31 },
          "end": { "line": 106, "column": null }
        },
        "loc": {
          "start": { "line": 106, "column": 19 },
          "end": { "line": 106, "column": null }
        },
        "line": 106
      },
      "8": {
        "name": "(anonymous_9)",
        "decl": {
          "start": { "line": 120, "column": 11 },
          "end": { "line": 120, "column": 17 }
        },
        "loc": {
          "start": { "line": 120, "column": 11 },
          "end": { "line": 120, "column": null }
        },
        "line": 120
      },
      "9": {
        "name": "(anonymous_10)",
        "decl": {
          "start": { "line": 147, "column": 15 },
          "end": { "line": 147, "column": 25 }
        },
        "loc": {
          "start": { "line": 147, "column": 15 },
          "end": { "line": 148, "column": 25 }
        },
        "line": 147
      },
      "10": {
        "name": "(anonymous_11)",
        "decl": {
          "start": { "line": 147, "column": 25 },
          "end": { "line": 147, "column": 29 }
        },
        "loc": {
          "start": { "line": 147, "column": 34 },
          "end": { "line": 147, "column": 37 }
        },
        "line": 147
      },
      "11": {
        "name": "(anonymous_12)",
        "decl": {
          "start": { "line": 147, "column": 37 },
          "end": { "line": 147, "column": null }
        },
        "loc": {
          "start": { "line": 147, "column": 32 },
          "end": { "line": 148, "column": 25 }
        },
        "line": 147
      },
      "12": {
        "name": "(anonymous_13)",
        "decl": {
          "start": { "line": 160, "column": 11 },
          "end": { "line": 160, "column": 17 }
        },
        "loc": {
          "start": { "line": 160, "column": 11 },
          "end": { "line": 160, "column": null }
        },
        "line": 160
      },
      "13": {
        "name": "(anonymous_14)",
        "decl": {
          "start": { "line": 193, "column": 11 },
          "end": { "line": 193, "column": 17 }
        },
        "loc": {
          "start": { "line": 193, "column": 11 },
          "end": { "line": 193, "column": null }
        },
        "line": 193
      },
      "14": {
        "name": "get",
        "decl": {
          "start": { "line": 108, "column": 8 },
          "end": { "line": 108, "column": 18 }
        },
        "loc": {
          "start": { "line": 108, "column": 18 },
          "end": { "line": 108, "column": null }
        },
        "line": 108
      },
      "15": {
        "name": "get",
        "decl": {
          "start": { "line": 140, "column": 8 },
          "end": { "line": 140, "column": 18 }
        },
        "loc": {
          "start": { "line": 140, "column": 18 },
          "end": { "line": 140, "column": null }
        },
        "line": 140
      },
      "16": {
        "name": "get",
        "decl": {
          "start": { "line": 182, "column": 8 },
          "end": { "line": 182, "column": 18 }
        },
        "loc": {
          "start": { "line": 182, "column": 18 },
          "end": { "line": 182, "column": null }
        },
        "line": 182
      }
    },
    "branchMap": {
      "0": {
        "loc": {
          "start": { "line": 23, "column": 4 },
          "end": { "line": 29, "column": null }
        },
        "type": "if",
        "locations": [
          {
            "start": { "line": 23, "column": 4 },
            "end": { "line": 29, "column": null }
          },
          { "start": {}, "end": {} }
        ],
        "line": 23
      },
      "1": {
        "loc": {
          "start": { "line": 51, "column": 4 },
          "end": { "line": 51, "column": null }
        },
        "type": "if",
        "locations": [
          {
            "start": { "line": 51, "column": 4 },
            "end": { "line": 51, "column": null }
          },
          { "start": {}, "end": {} }
        ],
        "line": 51
      },
      "2": {
        "loc": {
          "start": { "line": 55, "column": 14 },
          "end": { "line": 55, "column": 37 }
        },
        "type": "binary-expr",
        "locations": [
          {
            "start": { "line": 55, "column": 14 },
            "end": { "line": 55, "column": 28 }
          },
          {
            "start": { "line": 55, "column": 28 },
            "end": { "line": 55, "column": 37 }
          }
        ],
        "line": 55
      },
      "3": {
        "loc": {
          "start": { "line": 56, "column": 12 },
          "end": { "line": 56, "column": null }
        },
        "type": "cond-expr",
        "locations": [
          {
            "start": { "line": 56, "column": 23 },
            "end": { "line": 56, "column": 40 }
          },
          {
            "start": { "line": 56, "column": 40 },
            "end": { "line": 56, "column": null }
          }
        ],
        "line": 56
      },
      "4": {
        "loc": {
          "start": { "line": 67, "column": 14 },
          "end": { "line": 67, "column": 37 }
        },
        "type": "binary-expr",
        "locations": [
          {
            "start": { "line": 67, "column": 14 },
            "end": { "line": 67, "column": 28 }
          },
          {
            "start": { "line": 67, "column": 28 },
            "end": { "line": 67, "column": 37 }
          }
        ],
        "line": 67
      },
      "5": {
        "loc": {
          "start": { "line": 68, "column": 12 },
          "end": { "line": 68, "column": null }
        },
        "type": "cond-expr",
        "locations": [
          {
            "start": { "line": 68, "column": 23 },
            "end": { "line": 68, "column": 40 }
          },
          {
            "start": { "line": 68, "column": 40 },
            "end": { "line": 68, "column": null }
          }
        ],
        "line": 68
      },
      "6": {
        "loc": {
          "start": { "line": 73, "column": 4 },
          "end": { "line": 76, "column": null }
        },
        "type": "if",
        "locations": [
          {
            "start": { "line": 73, "column": 4 },
            "end": { "line": 76, "column": null }
          },
          { "start": {}, "end": {} }
        ],
        "line": 73
      },
      "7": {
        "loc": {
          "start": { "line": 86, "column": 19 },
          "end": { "line": 86, "column": 63 }
        },
        "type": "cond-expr",
        "locations": [
          {
            "start": { "line": 86, "column": 44 },
            "end": { "line": 86, "column": 52 }
          },
          {
            "start": { "line": 86, "column": 55 },
            "end": { "line": 86, "column": 63 }
          }
        ],
        "line": 86
      },
      "8": {
        "loc": {
          "start": { "line": 114, "column": 11 },
          "end": { "line": 114, "column": null }
        },
        "type": "if",
        "locations": [
          {
            "start": { "line": 114, "column": 11 },
            "end": { "line": 114, "column": null }
          },
          { "start": {}, "end": {} }
        ],
        "line": 114
      },
      "9": {
        "loc": {
          "start": { "line": 149, "column": 13 },
          "end": { "line": 149, "column": null }
        },
        "type": "binary-expr",
        "locations": [
          {
            "start": { "line": 149, "column": 13 },
            "end": { "line": 149, "column": 39 }
          },
          {
            "start": { "line": 149, "column": 39 },
            "end": { "line": 149, "column": null }
          }
        ],
        "line": 149
      },
      "10": {
        "loc": {
          "start": { "line": 150, "column": 13 },
          "end": { "line": 150, "column": null }
        },
        "type": "binary-expr",
        "locations": [
          {
            "start": { "line": 150, "column": 13 },
            "end": { "line": 150, "column": 39 }
          },
          {
            "start": { "line": 150, "column": 39 },
            "end": { "line": 150, "column": null }
          }
        ],
        "line": 150
      },
      "11": {
        "loc": {
          "start": { "line": 148, "column": 25 },
          "end": { "line": 148, "column": null }
        },
        "type": "if",
        "locations": [
          {
            "start": { "line": 148, "column": 25 },
            "end": { "line": 148, "column": null }
          },
          { "start": {}, "end": {} }
        ],
        "line": 148
      },
      "12": {
        "loc": {
          "start": { "line": 148, "column": 17 },
          "end": { "line": 148, "column": null }
        },
        "type": "binary-expr",
        "locations": [
          {
            "start": { "line": 148, "column": 11 },
            "end": { "line": 148, "column": 28 }
          },
          {
            "start": { "line": 148, "column": 28 },
            "end": { "line": 148, "column": null }
          }
        ],
        "line": 148
      },
      "13": {
        "loc": {
          "start": { "line": 154, "column": 11 },
          "end": { "line": 154, "column": null }
        },
        "type": "if",
        "locations": [
          {
            "start": { "line": 154, "column": 11 },
            "end": { "line": 154, "column": null }
          },
          { "start": {}, "end": {} }
        ],
        "line": 154
      },
      "14": {
        "loc": {
          "start": { "line": 187, "column": 11 },
          "end": { "line": 187, "column": null }
        },
        "type": "if",
        "locations": [
          {
            "start": { "line": 187, "column": 11 },
            "end": { "line": 187, "column": null }
          },
          { "start": {}, "end": {} }
        ],
        "line": 187
      },
      "15": {
        "loc": {
          "start": { "line": 92, "column": 5 },
          "end": { "line": 95, "column": 12 }
        },
        "type": "cond-expr",
        "locations": [
          {
            "start": { "line": 94, "column": 10 },
            "end": { "line": 94, "column": 37 }
          },
          {
            "start": { "line": 95, "column": 10 },
            "end": { "line": 95, "column": 12 }
          }
        ],
        "line": 92
      },
      "16": {
        "loc": {
          "start": { "line": 103, "column": 7 },
          "end": { "line": 111, "column": 72 }
        },
        "type": "cond-expr",
        "locations": [
          {
            "start": { "line": 111, "column": 40 },
            "end": { "line": 111, "column": 60 }
          },
          {
            "start": { "line": 111, "column": 63 },
            "end": { "line": 111, "column": 72 }
          }
        ],
        "line": 103
      },
      "17": {
        "loc": {
          "start": { "line": 126, "column": 5 },
          "end": { "line": 129, "column": 12 }
        },
        "type": "cond-expr",
        "locations": [
          {
            "start": { "line": 128, "column": 10 },
            "end": { "line": 128, "column": 37 }
          },
          {
            "start": { "line": 129, "column": 10 },
            "end": { "line": 129, "column": 12 }
          }
        ],
        "line": 126
      },
      "18": {
        "loc": {
          "start": { "line": 137, "column": 7 },
          "end": { "line": 144, "column": 21 }
        },
        "type": "cond-expr",
        "locations": [
          {
            "start": { "line": 143, "column": 12 },
            "end": { "line": 143, "column": 35 }
          },
          {
            "start": { "line": 144, "column": 12 },
            "end": { "line": 144, "column": 21 }
          }
        ],
        "line": 137
      },
      "19": {
        "loc": {
          "start": { "line": 166, "column": 5 },
          "end": { "line": 169, "column": 12 }
        },
        "type": "cond-expr",
        "locations": [
          {
            "start": { "line": 168, "column": 10 },
            "end": { "line": 168, "column": 37 }
          },
          {
            "start": { "line": 169, "column": 10 },
            "end": { "line": 169, "column": 12 }
          }
        ],
        "line": 166
      },
      "20": {
        "loc": {
          "start": { "line": 177, "column": 7 },
          "end": { "line": 185, "column": 76 }
        },
        "type": "cond-expr",
        "locations": [
          {
            "start": { "line": 185, "column": 42 },
            "end": { "line": 185, "column": 64 }
          },
          {
            "start": { "line": 185, "column": 67 },
            "end": { "line": 185, "column": 76 }
          }
        ],
        "line": 177
      }
    },
    "s": {
      "0": 10,
      "1": 10,
      "2": 2,
      "3": 8,
      "4": 10,
      "5": 10,
      "6": 10,
      "7": 10,
      "8": 10,
      "9": 10,
      "10": 10,
      "11": 10,
      "12": 10,
      "13": 10,
      "14": 10,
      "15": 10,
      "16": 10,
      "17": 12,
      "18": 10,
      "19": 2,
      "20": 12,
      "21": 3,
      "22": 3,
      "23": 3,
      "24": 3,
      "25": 3,
      "26": 1,
      "27": 1,
      "28": 10,
      "29": 10,
      "30": 10,
      "31": 10,
      "32": 10,
      "33": 10,
      "34": 10,
      "35": 10,
      "36": 10,
      "37": 20,
      "38": 1,
      "39": 2,
      "40": 23,
      "41": 2,
      "42": 10,
      "43": 10,
      "44": 10,
      "45": 10,
      "46": 10,
      "47": 10,
      "48": 10,
      "49": 60,
      "50": 30,
      "51": 30,
      "52": 30,
      "53": 30,
      "54": 30,
      "55": 10,
      "56": 1,
      "57": 2,
      "58": 23,
      "59": 2,
      "60": 10,
      "61": 10,
      "62": 10,
      "63": 10,
      "64": 1,
      "65": 2,
      "66": 23,
      "67": 2,
      "68": 10,
      "69": 10,
      "70": 10,
      "71": 10,
      "72": 10,
      "73": 10,
      "74": 10,
      "75": 23,
      "76": 23,
      "77": 23,
      "78": 23,
      "79": 23,
      "80": 23,
      "81": 23,
      "82": 23,
      "83": 23,
      "84": 23,
      "85": 10,
      "86": 2,
      "87": 2,
      "88": 2
    },
    "f": {
      "0": 10,
      "1": 10,
      "2": 10,
      "3": 12,
      "4": 3,
      "5": 10,
      "6": 10,
      "7": 20,
      "8": 2,
      "9": 20,
      "10": 60,
      "11": 30,
      "12": 2,
      "13": 2,
      "14": 28,
      "15": 16,
      "16": 28
    },
    "b": {
      "0": [2, 8],
      "1": [10, 2],
      "2": [2, 1],
      "3": [1, 1],
      "4": [3, 1],
      "5": [2, 1],
      "6": [1, 2],
      "7": [2, 8],
      "8": [2, 21],
      "9": [30, 0],
      "10": [30, 0],
      "11": [30, 0],
      "12": [30, 0],
      "13": [2, 21],
      "14": [2, 21],
      "15": [2, 21],
      "16": [2, 21],
      "17": [2, 21],
      "18": [2, 21],
      "19": [2, 21],
      "20": [2, 21]
    },
    "meta": {
      "lastBranch": 0,
      "lastFunction": 0,
      "lastStatement": 0,
      "seen": {}
    }
  },
  "/Users/nyoodee/Private/cat-expense-web/src/lib/components/ExpenseRow.svelte": {
    "path": "/Users/nyoodee/Private/cat-expense-web/src/lib/components/ExpenseRow.svelte",
    "statementMap": {
      "0": {
        "start": { "line": 24, "column": 18 },
        "end": { "line": 24, "column": null }
      },
      "1": {
        "start": { "line": 24, "column": 30 },
        "end": { "line": 24, "column": null }
      },
      "2": {
        "start": { "line": 26, "column": 13 },
        "end": { "line": 26, "column": null }
      },
      "3": {
        "start": { "line": 27, "column": 17 },
        "end": { "line": 27, "column": null }
      },
      "4": {
        "start": { "line": 30, "column": 4 },
        "end": { "line": 33, "column": null }
      },
      "5": {
        "start": { "line": 31, "column": 25 },
        "end": { "line": 31, "column": 69 }
      },
      "6": {
        "start": { "line": 32, "column": 6 },
        "end": { "line": 32, "column": null }
      },
      "7": {
        "start": { "line": 37, "column": 4 },
        "end": { "line": 37, "column": null }
      },
      "8": {
        "start": { "line": 40, "column": 16 },
        "end": { "line": 47, "column": null }
      },
      "9": {
        "start": { "line": 50, "column": 16 },
        "end": { "line": 51, "column": null }
      },
      "10": {
        "start": { "line": 59, "column": 1 },
        "end": { "line": 59, "column": null }
      },
      "11": {
        "start": { "line": 73, "column": 6 },
        "end": { "line": 59, "column": null }
      },
      "12": {
        "start": { "line": 74, "column": 5 },
        "end": { "line": 73, "column": null }
      },
      "13": {
        "start": { "line": 74, "column": 5 },
        "end": { "line": 74, "column": null }
      },
      "14": {
        "start": { "line": 73, "column": 3 },
        "end": { "line": 73, "column": null }
      },
      "15": {
        "start": { "line": 85, "column": 3 },
        "end": { "line": 73, "column": null }
      },
      "16": {
        "start": { "line": 93, "column": 9 },
        "end": { "line": 85, "column": null }
      },
      "17": {
        "start": { "line": 93, "column": 5 },
        "end": { "line": 93, "column": 21 }
      },
      "18": {
        "start": { "line": 93, "column": 5 },
        "end": { "line": 93, "column": null }
      },
      "19": {
        "start": { "line": 93, "column": 9 },
        "end": { "line": 93, "column": null }
      },
      "20": {
        "start": { "line": 93, "column": 28 },
        "end": { "line": 93, "column": null }
      },
      "21": {
        "start": { "line": 85, "column": 3 },
        "end": { "line": 85, "column": null }
      },
      "22": {
        "start": { "line": 98, "column": 6 },
        "end": { "line": 85, "column": null }
      },
      "23": {
        "start": { "line": 99, "column": 9 },
        "end": { "line": 98, "column": null }
      },
      "24": {
        "start": { "line": 100, "column": 11 },
        "end": { "line": 99, "column": 17 }
      },
      "25": {
        "start": { "line": 100, "column": 7 },
        "end": { "line": 100, "column": 32 }
      },
      "26": {
        "start": { "line": 99, "column": 5 },
        "end": { "line": 99, "column": 17 }
      },
      "27": {
        "start": { "line": 98, "column": 3 },
        "end": { "line": 98, "column": null }
      },
      "28": {
        "start": { "line": 105, "column": 6 },
        "end": { "line": 98, "column": null }
      },
      "29": {
        "start": { "line": 105, "column": 3 },
        "end": { "line": 105, "column": null }
      },
      "30": {
        "start": { "line": 109, "column": 6 },
        "end": { "line": 105, "column": null }
      },
      "31": {
        "start": { "line": 110, "column": 5 },
        "end": { "line": 109, "column": null }
      },
      "32": {
        "start": { "line": 139, "column": 5 },
        "end": { "line": 110, "column": null }
      },
      "33": {
        "start": { "line": 109, "column": 3 },
        "end": { "line": 109, "column": null }
      },
      "34": {
        "start": { "line": 59, "column": 1 },
        "end": { "line": 60, "column": null }
      },
      "35": {
        "start": { "line": 59, "column": 1 },
        "end": { "line": 63, "column": null }
      },
      "36": {
        "start": { "line": 74, "column": 5 },
        "end": { "line": 80, "column": null }
      },
      "37": {
        "start": { "line": 74, "column": 5 },
        "end": { "line": 81, "column": null }
      },
      "38": {
        "start": { "line": 85, "column": 3 },
        "end": { "line": 88, "column": null }
      },
      "39": {
        "start": { "line": 94, "column": 16 },
        "end": { "line": 94, "column": null }
      },
      "40": {
        "start": { "line": 99, "column": 5 },
        "end": { "line": 99, "column": null }
      },
      "41": {
        "start": { "line": 100, "column": 32 },
        "end": { "line": 100, "column": null }
      },
      "42": {
        "start": { "line": 101, "column": 7 },
        "end": { "line": 101, "column": null }
      },
      "43": {
        "start": { "line": 110, "column": 5 },
        "end": { "line": 117, "column": null }
      },
      "44": {
        "start": { "line": 139, "column": 5 },
        "end": { "line": 146, "column": null }
      },
      "45": {
        "start": { "line": 106, "column": 5 },
        "end": { "line": 106, "column": null }
      },
      "46": {
        "start": { "line": 59, "column": 1 },
        "end": { "line": 64, "column": null }
      },
      "47": {
        "start": { "line": 59, "column": 1 },
        "end": { "line": 70, "column": null }
      },
      "48": {
        "start": { "line": 66, "column": 4 },
        "end": { "line": 69, "column": null }
      },
      "49": {
        "start": { "line": 67, "column": 6 },
        "end": { "line": 67, "column": null }
      },
      "50": {
        "start": { "line": 68, "column": 6 },
        "end": { "line": 68, "column": null }
      },
      "51": {
        "start": { "line": 74, "column": 5 },
        "end": { "line": 78, "column": null }
      },
      "52": {
        "start": { "line": 78, "column": 22 },
        "end": { "line": 78, "column": null }
      },
      "53": {
        "start": { "line": 74, "column": 5 },
        "end": { "line": 79, "column": null }
      },
      "54": {
        "start": { "line": 79, "column": 45 },
        "end": { "line": 79, "column": null }
      },
      "55": {
        "start": { "line": 85, "column": 3 },
        "end": { "line": 89, "column": null }
      },
      "56": {
        "start": { "line": 85, "column": 3 },
        "end": { "line": 90, "column": null }
      },
      "57": {
        "start": { "line": 110, "column": 5 },
        "end": { "line": 115, "column": null }
      },
      "58": {
        "start": { "line": 113, "column": 8 },
        "end": { "line": 113, "column": null }
      },
      "59": {
        "start": { "line": 139, "column": 5 },
        "end": { "line": 144, "column": null }
      },
      "60": {
        "start": { "line": 142, "column": 8 },
        "end": { "line": 142, "column": null }
      },
      "61": {
        "start": { "line": 143, "column": 28 },
        "end": { "line": 143, "column": null }
      }
    },
    "fnMap": {
      "0": {
        "name": "ExpenseRow",
        "decl": {
          "start": { "line": 1, "column": 0 },
          "end": { "line": 1, "column": null }
        },
        "loc": {
          "start": { "line": 1, "column": 0 },
          "end": { "line": 57, "column": null }
        },
        "line": 1
      },
      "1": {
        "name": "(anonymous_1)",
        "decl": {
          "start": { "line": 24, "column": 18 },
          "end": { "line": 24, "column": 30 }
        },
        "loc": {
          "start": { "line": 24, "column": 30 },
          "end": { "line": 24, "column": null }
        },
        "line": 24
      },
      "2": {
        "name": "handleMouseEnter",
        "decl": {
          "start": { "line": 29, "column": 11 },
          "end": { "line": 29, "column": 27 }
        },
        "loc": {
          "start": { "line": 29, "column": 30 },
          "end": { "line": 34, "column": null }
        },
        "line": 29
      },
      "3": {
        "name": "handleMouseLeave",
        "decl": {
          "start": { "line": 36, "column": 11 },
          "end": { "line": 36, "column": 27 }
        },
        "loc": {
          "start": { "line": 36, "column": 30 },
          "end": { "line": 38, "column": null }
        },
        "line": 36
      },
      "4": {
        "name": "(anonymous_4)",
        "decl": {
          "start": { "line": 50, "column": 16 },
          "end": { "line": 50, "column": null }
        },
        "loc": {
          "start": { "line": 50, "column": 16 },
          "end": { "line": 51, "column": null }
        },
        "line": 50
      },
      "5": {
        "name": "handleRowClick",
        "decl": {
          "start": { "line": 54, "column": 11 },
          "end": { "line": 54, "column": 25 }
        },
        "loc": {
          "start": { "line": 54, "column": 28 },
          "end": { "line": 56, "column": null }
        },
        "line": 54
      },
      "6": {
        "name": "(anonymous_6)",
        "decl": {
          "start": { "line": 93, "column": 9 },
          "end": { "line": 93, "column": 21 }
        },
        "loc": {
          "start": { "line": 93, "column": 9 },
          "end": { "line": 93, "column": null }
        },
        "line": 93
      },
      "7": {
        "name": "(anonymous_7)",
        "decl": {
          "start": { "line": 93, "column": 28 },
          "end": { "line": 93, "column": null }
        },
        "loc": {
          "start": { "line": 93, "column": 28 },
          "end": { "line": 93, "column": null }
        },
        "line": 93
      },
      "8": {
        "name": "(anonymous_8)",
        "decl": {
          "start": { "line": 106, "column": 5 },
          "end": { "line": 106, "column": 19 }
        },
        "loc": {
          "start": { "line": 106, "column": 5 },
          "end": { "line": 106, "column": null }
        },
        "line": 106
      },
      "9": {
        "name": "keydown",
        "decl": {
          "start": { "line": 59, "column": 1 },
          "end": { "line": 59, "column": null }
        },
        "loc": {
          "start": { "line": 65, "column": 20 },
          "end": { "line": 70, "column": 3 }
        },
        "line": 65
      },
      "10": {
        "name": "click",
        "decl": {
          "start": { "line": 74, "column": 5 },
          "end": { "line": 74, "column": null }
        },
        "loc": {
          "start": { "line": 78, "column": 17 },
          "end": { "line": 78, "column": null }
        },
        "line": 78
      },
      "11": {
        "name": "click_1",
        "decl": {
          "start": { "line": 110, "column": 5 },
          "end": { "line": 110, "column": null }
        },
        "loc": {
          "start": { "line": 112, "column": 22 },
          "end": { "line": 115, "column": 7 }
        },
        "line": 112
      },
      "12": {
        "name": "click_2",
        "decl": {
          "start": { "line": 139, "column": 5 },
          "end": { "line": 139, "column": null }
        },
        "loc": {
          "start": { "line": 141, "column": 22 },
          "end": { "line": 144, "column": 7 }
        },
        "line": 141
      }
    },
    "branchMap": {
      "0": {
        "loc": {
          "start": { "line": 30, "column": 4 },
          "end": { "line": 33, "column": null }
        },
        "type": "if",
        "locations": [
          {
            "start": { "line": 30, "column": 4 },
            "end": { "line": 33, "column": null }
          },
          { "start": {}, "end": {} }
        ],
        "line": 30
      },
      "1": {
        "loc": {
          "start": { "line": 43, "column": 22 },
          "end": { "line": 43, "column": 53 }
        },
        "type": "cond-expr",
        "locations": [
          {
            "start": { "line": 43, "column": 22 },
            "end": { "line": 43, "column": 48 }
          },
          {
            "start": { "line": 43, "column": 51 },
            "end": { "line": 43, "column": 53 }
          }
        ],
        "line": 43
      },
      "2": {
        "loc": {
          "start": { "line": 44, "column": 19 },
          "end": { "line": 44, "column": null }
        },
        "type": "cond-expr",
        "locations": [
          {
            "start": { "line": 44, "column": 19 },
            "end": { "line": 44, "column": 42 }
          },
          {
            "start": { "line": 44, "column": 45 },
            "end": { "line": 44, "column": null }
          }
        ],
        "line": 44
      },
      "3": {
        "loc": {
          "start": { "line": 85, "column": 3 },
          "end": { "line": 88, "column": 56 }
        },
        "type": "cond-expr",
        "locations": [
          {
            "start": { "line": 88, "column": 29 },
            "end": { "line": 88, "column": 44 }
          },
          {
            "start": { "line": 88, "column": 47 },
            "end": { "line": 88, "column": 56 }
          }
        ],
        "line": 85
      },
      "4": {
        "loc": {
          "start": { "line": 101, "column": 7 },
          "end": { "line": 101, "column": null }
        },
        "type": "binary-expr",
        "locations": [
          {
            "start": { "line": 101, "column": 7 },
            "end": { "line": 101, "column": 25 }
          },
          {
            "start": { "line": 101, "column": 25 },
            "end": { "line": 101, "column": null }
          }
        ],
        "line": 101
      },
      "5": {
        "loc": {
          "start": { "line": 66, "column": 4 },
          "end": { "line": 69, "column": null }
        },
        "type": "if",
        "locations": [
          {
            "start": { "line": 66, "column": 4 },
            "end": { "line": 69, "column": null }
          },
          { "start": {}, "end": {} }
        ],
        "line": 66
      },
      "6": {
        "loc": {
          "start": { "line": 66, "column": 6 },
          "end": { "line": 66, "column": 44 }
        },
        "type": "binary-expr",
        "locations": [
          {
            "start": { "line": 66, "column": 6 },
            "end": { "line": 66, "column": 29 }
          },
          {
            "start": { "line": 66, "column": 25 },
            "end": { "line": 66, "column": 44 }
          }
        ],
        "line": 66
      }
    },
    "s": {
      "0": 11,
      "1": 15,
      "2": 11,
      "3": 11,
      "4": 0,
      "5": 0,
      "6": 0,
      "7": 0,
      "8": 11,
      "9": 11,
      "10": 11,
      "11": 11,
      "12": 11,
      "13": 15,
      "14": 11,
      "15": 11,
      "16": 11,
      "17": 11,
      "18": 11,
      "19": 22,
      "20": 22,
      "21": 11,
      "22": 11,
      "23": 11,
      "24": 11,
      "25": 11,
      "26": 11,
      "27": 11,
      "28": 11,
      "29": 11,
      "30": 11,
      "31": 11,
      "32": 11,
      "33": 11,
      "34": 15,
      "35": 15,
      "36": 15,
      "37": 15,
      "38": 15,
      "39": 15,
      "40": 15,
      "41": 15,
      "42": 15,
      "43": 15,
      "44": 15,
      "45": 15,
      "46": 11,
      "47": 11,
      "48": 0,
      "49": 0,
      "50": 0,
      "51": 11,
      "52": 1,
      "53": 11,
      "54": 1,
      "55": 11,
      "56": 11,
      "57": 11,
      "58": 1,
      "59": 11,
      "60": 1,
      "61": 1
    },
    "f": {
      "0": 11,
      "1": 15,
      "2": 0,
      "3": 0,
      "4": 11,
      "5": 1,
      "6": 22,
      "7": 22,
      "8": 15,
      "9": 0,
      "10": 2,
      "11": 1,
      "12": 1
    },
    "b": {
      "0": [0, 0],
      "1": [2, 9],
      "2": [1, 10],
      "3": [0, 15],
      "4": [15, 0],
      "5": [0, 0],
      "6": [0, 0]
    },
    "meta": {
      "lastBranch": 0,
      "lastFunction": 0,
      "lastStatement": 0,
      "seen": {}
    }
  },
  "/Users/nyoodee/Private/cat-expense-web/src/lib/components/ExpenseTable.svelte": {
    "path": "/Users/nyoodee/Private/cat-expense-web/src/lib/components/ExpenseTable.svelte",
    "statementMap": {
      "0": {
        "start": { "line": 41, "column": 21 },
        "end": { "line": 41, "column": 39 }
      },
      "1": {
        "start": { "line": 47, "column": 4 },
        "end": { "line": 53, "column": null }
      },
      "2": {
        "start": { "line": 57, "column": 17 },
        "end": { "line": 57, "column": null }
      },
      "3": {
        "start": { "line": 57, "column": 17 },
        "end": { "line": 57, "column": 48 }
      },
      "4": {
        "start": { "line": 59, "column": 17 },
        "end": { "line": 59, "column": null }
      },
      "5": {
        "start": { "line": 60, "column": 17 },
        "end": { "line": 60, "column": null }
      },
      "6": {
        "start": { "line": 60, "column": 37 },
        "end": { "line": 60, "column": 54 }
      },
      "7": {
        "start": { "line": 62, "column": 2 },
        "end": { "line": 64, "column": null }
      },
      "8": {
        "start": { "line": 63, "column": 4 },
        "end": { "line": 63, "column": null }
      },
      "9": {
        "start": { "line": 66, "column": 16 },
        "end": { "line": 66, "column": null }
      },
      "10": {
        "start": { "line": 68, "column": 2 },
        "end": { "line": 72, "column": null }
      },
      "11": {
        "start": { "line": 69, "column": 4 },
        "end": { "line": 71, "column": null }
      },
      "12": {
        "start": { "line": 70, "column": 6 },
        "end": { "line": 70, "column": null }
      },
      "13": {
        "start": { "line": 75, "column": 1 },
        "end": { "line": 75, "column": null }
      },
      "14": {
        "start": { "line": 82, "column": 6 },
        "end": { "line": 75, "column": null }
      },
      "15": {
        "start": { "line": 83, "column": 5 },
        "end": { "line": 82, "column": null }
      },
      "16": {
        "start": { "line": 87, "column": 7 },
        "end": { "line": 83, "column": null }
      },
      "17": {
        "start": { "line": 87, "column": 7 },
        "end": { "line": 87, "column": null }
      },
      "18": {
        "start": { "line": 87, "column": 7 },
        "end": { "line": 88, "column": null }
      },
      "19": {
        "start": { "line": 88, "column": 29 },
        "end": { "line": 88, "column": null }
      },
      "20": {
        "start": { "line": 83, "column": 5 },
        "end": { "line": 83, "column": null }
      },
      "21": {
        "start": { "line": 101, "column": 11 },
        "end": { "line": 103, "column": null }
      },
      "22": {
        "start": { "line": 101, "column": 11 },
        "end": { "line": 101, "column": 27 }
      },
      "23": {
        "start": { "line": 101, "column": 60 },
        "end": { "line": 101, "column": 65 }
      },
      "24": {
        "start": { "line": 101, "column": 39 },
        "end": { "line": 101, "column": 39 }
      },
      "25": {
        "start": { "line": 101, "column": 46 },
        "end": { "line": 101, "column": 46 }
      },
      "26": {
        "start": { "line": 101, "column": 57 },
        "end": { "line": 101, "column": 57 }
      },
      "27": {
        "start": { "line": 102, "column": 22 },
        "end": { "line": 102, "column": null }
      },
      "28": {
        "start": { "line": 102, "column": 14 },
        "end": { "line": 102, "column": 36 }
      },
      "29": {
        "start": { "line": 103, "column": 7 },
        "end": { "line": 103, "column": null }
      },
      "30": {
        "start": { "line": 118, "column": 11 },
        "end": { "line": 118, "column": null }
      },
      "31": {
        "start": { "line": 118, "column": 11 },
        "end": { "line": 121, "column": null }
      },
      "32": {
        "start": { "line": 117, "column": 13 },
        "end": { "line": 117, "column": null }
      },
      "33": {
        "start": { "line": 117, "column": 21 },
        "end": { "line": 117, "column": null }
      },
      "34": {
        "start": { "line": 103, "column": 7 },
        "end": { "line": 106, "column": null }
      },
      "35": {
        "start": { "line": 103, "column": 7 },
        "end": { "line": 113, "column": null }
      },
      "36": {
        "start": { "line": 116, "column": 9 },
        "end": { "line": 116, "column": null }
      },
      "37": {
        "start": { "line": 103, "column": 7 },
        "end": { "line": 114, "column": null }
      },
      "38": {
        "start": { "line": 114, "column": 30 },
        "end": { "line": 114, "column": null }
      },
      "39": {
        "start": { "line": 82, "column": 3 },
        "end": { "line": 82, "column": null }
      },
      "40": {
        "start": { "line": 139, "column": 6 },
        "end": { "line": 82, "column": null }
      },
      "41": {
        "start": { "line": 140, "column": 5 },
        "end": { "line": 139, "column": 62 }
      },
      "42": {
        "start": { "line": 140, "column": 5 },
        "end": { "line": 140, "column": null }
      },
      "43": {
        "start": { "line": 147, "column": 15 },
        "end": { "line": 148, "column": null }
      },
      "44": {
        "start": { "line": 147, "column": 15 },
        "end": { "line": 147, "column": 39 }
      },
      "45": {
        "start": { "line": 147, "column": 77 },
        "end": { "line": 147, "column": 87 }
      },
      "46": {
        "start": { "line": 147, "column": 59 },
        "end": { "line": 147, "column": 50 }
      },
      "47": {
        "start": { "line": 147, "column": 74 },
        "end": { "line": 147, "column": 74 }
      },
      "48": {
        "start": { "line": 148, "column": 11 },
        "end": { "line": 148, "column": null }
      },
      "49": {
        "start": { "line": 154, "column": 29 },
        "end": { "line": 154, "column": null }
      },
      "50": {
        "start": { "line": 155, "column": 37 },
        "end": { "line": 155, "column": null }
      },
      "51": {
        "start": { "line": 152, "column": 13 },
        "end": { "line": 153, "column": null }
      },
      "52": {
        "start": { "line": 153, "column": 15 },
        "end": { "line": 153, "column": null }
      },
      "53": {
        "start": { "line": 148, "column": 11 },
        "end": { "line": 150, "column": null }
      },
      "54": {
        "start": { "line": 163, "column": 12 },
        "end": { "line": 163, "column": null }
      },
      "55": {
        "start": { "line": 163, "column": 9 },
        "end": { "line": 163, "column": null }
      },
      "56": {
        "start": { "line": 146, "column": 11 },
        "end": { "line": 146, "column": null }
      },
      "57": {
        "start": { "line": 146, "column": 22 },
        "end": { "line": 146, "column": null }
      },
      "58": {
        "start": { "line": 139, "column": 3 },
        "end": { "line": 139, "column": 62 }
      },
      "59": {
        "start": { "line": 139, "column": 3 },
        "end": { "line": 139, "column": null }
      },
      "60": {
        "start": { "line": 139, "column": 6 },
        "end": { "line": 139, "column": null }
      },
      "61": {
        "start": { "line": 139, "column": 73 },
        "end": { "line": 139, "column": null }
      },
[...]
        "f:58:16:58:26": 1,
        "s:59:2:59:Infinity": 17
      }
    }
  },
  "/Users/nyoodee/Private/cat-expense-web/src/routes/+layout.svelte": {
    "path": "/Users/nyoodee/Private/cat-expense-web/src/routes/+layout.svelte",
    "statementMap": {},
    "fnMap": {
      "0": {
        "name": "_layout",
        "decl": {
          "start": { "line": 1, "column": 0 },
          "end": { "line": 1, "column": null }
        },
        "loc": {
          "start": { "line": 1, "column": 0 },
          "end": { "line": 11, "column": null }
        },
        "line": 1
      }
    },
    "branchMap": {},
    "s": {},
    "f": { "0": 1 },
    "b": {},
    "meta": {
      "lastBranch": 0,
      "lastFunction": 1,
      "lastStatement": 0,
      "seen": { "f:1:0:1:Infinity": 0 }
    }
  },
  "/Users/nyoodee/Private/cat-expense-web/src/routes/+page.svelte": {
    "path": "/Users/nyoodee/Private/cat-expense-web/src/routes/+page.svelte",
    "statementMap": {
      "0": {
        "start": { "line": 16, "column": 25 },
        "end": { "line": 16, "column": null }
      },
      "1": {
        "start": { "line": 18, "column": 21 },
        "end": { "line": 18, "column": null }
      },
      "2": {
        "start": { "line": 19, "column": 17 },
        "end": { "line": 19, "column": null }
      },
      "3": {
        "start": { "line": 21, "column": 22 },
        "end": { "line": 22, "column": null }
      },
      "4": {
        "start": { "line": 24, "column": 18 },
        "end": { "line": 24, "column": null }
      },
      "5": {
        "start": { "line": 24, "column": 56 },
        "end": { "line": 24, "column": 60 }
      },
      "6": {
        "start": { "line": 26, "column": 22 },
        "end": { "line": 26, "column": null }
      },
      "7": {
        "start": { "line": 26, "column": 40 },
        "end": { "line": 26, "column": null }
      },
      "8": {
        "start": { "line": 28, "column": 18 },
        "end": { "line": 28, "column": null }
      },
      "9": {
        "start": { "line": 29, "column": 16 },
        "end": { "line": 29, "column": null }
      },
      "10": {
        "start": { "line": 32, "column": 4 },
        "end": { "line": 32, "column": null }
      },
      "11": {
        "start": { "line": 33, "column": 4 },
        "end": { "line": 33, "column": null }
      },
      "12": {
        "start": { "line": 37, "column": 4 },
        "end": { "line": 37, "column": null }
      },
      "13": {
        "start": { "line": 38, "column": 4 },
        "end": { "line": 38, "column": null }
      },
      "14": {
        "start": { "line": 42, "column": 4 },
        "end": { "line": 42, "column": null }
      },
      "15": {
        "start": { "line": 46, "column": 4 },
        "end": { "line": 50, "column": null }
      },
      "16": {
        "start": { "line": 47, "column": 6 },
        "end": { "line": 47, "column": null }
      },
      "17": {
        "start": { "line": 49, "column": 6 },
        "end": { "line": 49, "column": null }
      },
      "18": {
        "start": { "line": 51, "column": 4 },
        "end": { "line": 51, "column": null }
      },
      "19": {
        "start": { "line": 55, "column": 4 },
        "end": { "line": 55, "column": null }
      },
      "20": {
        "start": { "line": 55, "column": 44 },
        "end": { "line": 55, "column": null }
      },
      "21": {
        "start": { "line": 57, "column": 18 },
        "end": { "line": 57, "column": 46 }
      },
      "22": {
        "start": { "line": 58, "column": 17 },
        "end": { "line": 61, "column": null }
      },
      "23": {
        "start": { "line": 63, "column": 4 },
        "end": { "line": 63, "column": null }
      },
      "24": {
        "start": { "line": 63, "column": 34 },
        "end": { "line": 63, "column": null }
      },
      "25": {
        "start": { "line": 65, "column": 24 },
        "end": { "line": 66, "column": null }
      },
      "26": {
        "start": { "line": 66, "column": 32 },
        "end": { "line": 66, "column": null }
      },
      "27": {
        "start": { "line": 69, "column": 4 },
        "end": { "line": 69, "column": null }
      },
      "28": {
        "start": { "line": 70, "column": 4 },
        "end": { "line": 70, "column": null }
      },
      "29": {
        "start": { "line": 74, "column": 4 },
        "end": { "line": 74, "column": null }
      },
      "30": {
        "start": { "line": 78, "column": 4 },
        "end": { "line": 78, "column": null }
      },
      "31": {
        "start": { "line": 79, "column": 6 },
        "end": { "line": 78, "column": null }
      },
      "32": {
        "start": { "line": 79, "column": 3 },
        "end": { "line": 79, "column": null }
      },
      "33": {
        "start": { "line": 80, "column": 5 },
        "end": { "line": 80, "column": null }
      },
      "34": {
        "start": { "line": 82, "column": 9 },
        "end": { "line": 82, "column": null }
      },
      "35": {
        "start": { "line": 82, "column": 5 },
        "end": { "line": 82, "column": null }
      },
      "36": {
        "start": { "line": 88, "column": 26 },
        "end": { "line": 88, "column": null }
      },
      "37": {
        "start": { "line": 89, "column": 26 },
        "end": { "line": 89, "column": null }
      },
      "38": {
        "start": { "line": 83, "column": 7 },
        "end": { "line": 87, "column": null }
      },
      "39": {
        "start": { "line": 87, "column": 23 },
        "end": { "line": 87, "column": null }
      },
      "40": {
        "start": { "line": 92, "column": 7 },
        "end": { "line": 95, "column": null }
      },
      "41": {
        "start": { "line": 93, "column": 18 },
        "end": { "line": 93, "column": null }
      },
      "42": {
        "start": { "line": 94, "column": 23 },
        "end": { "line": 94, "column": null }
      },
      "43": {
        "start": { "line": 95, "column": 24 },
        "end": { "line": 95, "column": null }
      },
      "44": {
        "start": { "line": 98, "column": 7 },
        "end": { "line": 109, "column": null }
      },
      "45": {
        "start": { "line": 99, "column": 18 },
        "end": { "line": 99, "column": null }
      },
      "46": {
        "start": { "line": 100, "column": 23 },
        "end": { "line": 100, "column": null }
      },
      "47": {
        "start": { "line": 101, "column": 20 },
        "end": { "line": 101, "column": null }
      },
      "48": {
        "start": { "line": 102, "column": 16 },
        "end": { "line": 102, "column": null }
      },
      "49": {
        "start": { "line": 103, "column": 23 },
        "end": { "line": 103, "column": null }
      },
      "50": {
        "start": { "line": 104, "column": 24 },
        "end": { "line": 104, "column": null }
      },
      "51": {
        "start": { "line": 105, "column": 21 },
        "end": { "line": 105, "column": null }
      },
      "52": {
        "start": { "line": 106, "column": 20 },
        "end": { "line": 106, "column": null }
      },
      "53": {
        "start": { "line": 107, "column": 24 },
        "end": { "line": 107, "column": null }
      },
      "54": {
        "start": { "line": 109, "column": 21 },
        "end": { "line": 109, "column": null }
      },
      "55": {
        "start": { "line": 119, "column": 3 },
        "end": { "line": 123, "column": null }
      },
      "56": {
        "start": { "line": 120, "column": 12 },
        "end": { "line": 120, "column": null }
      },
      "57": {
        "start": { "line": 121, "column": 10 },
        "end": { "line": 121, "column": null }
      },
      "58": {
        "start": { "line": 78, "column": 1 },
        "end": { "line": 78, "column": null }
      }
    },
    "fnMap": {
      "0": {
        "name": "_page",
        "decl": {
          "start": { "line": 1, "column": 0 },
          "end": { "line": 1, "column": null }
        },
        "loc": {
          "start": { "line": 1, "column": 0 },
          "end": { "line": 76, "column": null }
        },
        "line": 1
      },
      "1": {
        "name": "(anonymous_1)",
        "decl": {
          "start": { "line": 21, "column": 22 },
          "end": { "line": 21, "column": null }
        },
        "loc": {
          "start": { "line": 21, "column": 22 },
          "end": { "line": 22, "column": null }
        },
        "line": 21
      },
      "2": {
        "name": "(anonymous_2)",
        "decl": {
          "start": { "line": 24, "column": 18 },
          "end": { "line": 24, "column": 30 }
        },
        "loc": {
          "start": { "line": 24, "column": 18 },
          "end": { "line": 24, "column": null }
        },
        "line": 24
      },
      "3": {
        "name": "(anonymous_3)",
        "decl": {
          "start": { "line": 24, "column": 48 },
          "end": { "line": 24, "column": 50 }
        },
        "loc": {
          "start": { "line": 24, "column": 56 },
          "end": { "line": 24, "column": 60 }
        },
        "line": 24
      },
      "4": {
        "name": "(anonymous_4)",
        "decl": {
          "start": { "line": 26, "column": 40 },
          "end": { "line": 26, "column": 47 }
        },
        "loc": {
          "start": { "line": 26, "column": 40 },
          "end": { "line": 26, "column": null }
        },
        "line": 26
      },
      "5": {
        "name": "handleAddClick",
        "decl": {
          "start": { "line": 31, "column": 11 },
          "end": { "line": 31, "column": 25 }
        },
        "loc": {
          "start": { "line": 31, "column": 28 },
          "end": { "line": 34, "column": null }
        },
        "line": 31
      },
      "6": {
        "name": "handleEditClick",
        "decl": {
          "start": { "line": 36, "column": 11 },
          "end": { "line": 36, "column": 26 }
        },
        "loc": {
          "start": { "line": 36, "column": 45 },
          "end": { "line": 39, "column": null }
        },
        "line": 36
      },
      "7": {
        "name": "handleDialogClose",
        "decl": {
          "start": { "line": 41, "column": 11 },
          "end": { "line": 41, "column": 28 }
        },
        "loc": {
          "start": { "line": 41, "column": 31 },
          "end": { "line": 43, "column": null }
        },
        "line": 41
      },
      "8": {
        "name": "handleDialogSubmit",
        "decl": {
          "start": { "line": 45, "column": 11 },
          "end": { "line": 45, "column": 29 }
        },
        "loc": {
          "start": { "line": 45, "column": 57 },
          "end": { "line": 52, "column": null }
        },
        "line": 45
      },
      "9": {
        "name": "handleDeleteClick",
        "decl": {
          "start": { "line": 54, "column": 11 },
          "end": { "line": 54, "column": 28 }
        },
        "loc": {
          "start": { "line": 54, "column": 31 },
          "end": { "line": 71, "column": null }
        },
        "line": 54
      },
      "10": {
        "name": "(anonymous_10)",
        "decl": {
          "start": { "line": 66, "column": 23 },
          "end": { "line": 66, "column": 25 }
        },
        "loc": {
          "start": { "line": 66, "column": 32 },
          "end": { "line": 66, "column": null }
        },
        "line": 66
      },
      "11": {
        "name": "handleExportClick",
        "decl": {
          "start": { "line": 73, "column": 11 },
          "end": { "line": 73, "column": 28 }
        },
        "loc": {
          "start": { "line": 73, "column": 31 },
          "end": { "line": 75, "column": null }
        },
        "line": 73
      },
      "12": {
        "name": "(anonymous_12)",
        "decl": {
          "start": { "line": 80, "column": 5 },
          "end": { "line": 80, "column": 11 }
        },
        "loc": {
          "start": { "line": 80, "column": 5 },
          "end": { "line": 80, "column": null }
        },
        "line": 80
      },
      "13": {
        "name": "(anonymous_13)",
        "decl": {
          "start": { "line": 88, "column": 26 },
          "end": { "line": 88, "column": 40 }
        },
        "loc": {
          "start": { "line": 88, "column": 26 },
          "end": { "line": 88, "column": null }
        },
        "line": 88
      },
      "14": {
        "name": "(anonymous_14)",
        "decl": {
          "start": { "line": 89, "column": 26 },
          "end": { "line": 89, "column": 39 }
        },
        "loc": {
          "start": { "line": 89, "column": 26 },
          "end": { "line": 89, "column": null }
        },
        "line": 89
      },
      "15": {
        "name": "(anonymous_15)",
        "decl": {
          "start": { "line": 83, "column": 7 },
          "end": { "line": 83, "column": null }
        },
        "loc": {
          "start": { "line": 83, "column": 7 },
          "end": { "line": 87, "column": null }
        },
        "line": 83
      },
      "16": {
        "name": "(anonymous_16)",
        "decl": {
          "start": { "line": 92, "column": 7 },
          "end": { "line": 92, "column": null }
        },
        "loc": {
          "start": { "line": 92, "column": 7 },
          "end": { "line": 95, "column": null }
        },
        "line": 92
      },
      "17": {
        "name": "(anonymous_17)",
        "decl": {
          "start": { "line": 98, "column": 7 },
          "end": { "line": 98, "column": null }
        },
        "loc": {
          "start": { "line": 98, "column": 7 },
          "end": { "line": 109, "column": null }
        },
        "line": 98
      },
      "18": {
        "name": "(anonymous_18)",
        "decl": {
          "start": { "line": 119, "column": 3 },
          "end": { "line": 119, "column": null }
        },
        "loc": {
          "start": { "line": 119, "column": 3 },
          "end": { "line": 123, "column": null }
        },
        "line": 119
      }
    },
    "branchMap": {
      "0": {
        "loc": {
          "start": { "line": 46, "column": 4 },
          "end": { "line": 50, "column": null }
        },
        "type": "if",
        "locations": [
          {
            "start": { "line": 46, "column": 4 },
            "end": { "line": 50, "column": null }
          },
          {
            "start": { "line": 48, "column": 11 },
            "end": { "line": 50, "column": null }
          }
        ],
        "line": 46
      },
      "1": {
        "loc": {
          "start": { "line": 55, "column": 4 },
          "end": { "line": 55, "column": null }
        },
        "type": "if",
        "locations": [
          {
            "start": { "line": 55, "column": 4 },
            "end": { "line": 55, "column": null }
          },
          { "start": {}, "end": {} }
        ],
        "line": 55
      },
      "2": {
        "loc": {
          "start": { "line": 58, "column": 17 },
          "end": { "line": 61, "column": null }
        },
        "type": "cond-expr",
        "locations": [
          {
            "start": { "line": 60, "column": 10 },
            "end": { "line": 60, "column": null }
          },
          {
            "start": { "line": 61, "column": 51 },
            "end": { "line": 61, "column": null }
          }
        ],
        "line": 58
      },
      "3": {
        "loc": {
          "start": { "line": 63, "column": 4 },
          "end": { "line": 63, "column": null }
        },
        "type": "if",
        "locations": [
          {
            "start": { "line": 63, "column": 4 },
            "end": { "line": 63, "column": null }
          },
          { "start": {}, "end": {} }
        ],
        "line": 63
      }
    },
    "s": {
      "0": 3,
      "1": 3,
      "2": 3,
      "3": 4,
      "4": 4,
      "5": 1,
      "6": 3,
      "7": 12,
      "8": 3,
      "9": 3,
      "10": 2,
      "11": 2,
      "12": 0,
      "13": 0,
      "14": 0,
      "15": 1,
      "16": 0,
      "17": 1,
      "18": 1,
      "19": 0,
      "20": 0,
      "21": 0,
      "22": 0,
      "23": 0,
      "24": 0,
      "25": 0,
      "26": 0,
      "27": 0,
      "28": 0,
      "29": 0,
      "30": 3,
      "31": 3,
      "32": 3,
      "33": 3,
      "34": 3,
      "35": 3,
      "36": 3,
      "37": 4,
      "38": 3,
      "39": 11,
      "40": 3,
      "41": 4,
      "42": 3,
      "43": 7,
      "44": 3,
      "45": 6,
      "46": 1,
      "47": 15,
      "48": 0,
      "49": 8,
      "50": 3,
      "51": 0,
      "52": 1,
      "53": 0,
      "54": 0,
      "55": 3,
      "56": 28,
      "57": 6,
      "58": 3
    },
    "f": {
      "0": 3,
      "1": 4,
      "2": 4,
      "3": 1,
      "4": 12,
      "5": 2,
      "6": 0,
      "7": 0,
      "8": 1,
      "9": 0,
      "10": 0,
      "11": 0,
      "12": 3,
      "13": 3,
      "14": 4,
      "15": 3,
      "16": 3,
      "17": 3,
      "18": 3
    },
    "b": { "0": [0, 1], "1": [0, 0], "2": [0, 0], "3": [0, 0] },
    "meta": {
      "lastBranch": 4,
      "lastFunction": 19,
      "lastStatement": 59,
      "seen": {
        "f:1:0:1:Infinity": 0,
        "s:16:25:16:Infinity": 0,
        "s:18:21:18:Infinity": 1,
        "s:19:17:19:Infinity": 2,
        "s:21:22:22:Infinity": 3,
        "f:21:22:21:Infinity": 1,
        "s:24:18:24:Infinity": 4,
        "f:24:18:24:30": 2,
        "f:24:48:24:50": 3,
        "s:24:56:24:60": 5,
        "s:26:22:26:Infinity": 6,
        "f:26:40:26:47": 4,
        "s:26:40:26:Infinity": 7,
        "s:28:18:28:Infinity": 8,
        "s:29:16:29:Infinity": 9,
        "f:31:11:31:25": 5,
        "s:32:4:32:Infinity": 10,
        "s:33:4:33:Infinity": 11,
        "f:36:11:36:26": 6,
        "s:37:4:37:Infinity": 12,
        "s:38:4:38:Infinity": 13,
        "f:41:11:41:28": 7,
        "s:42:4:42:Infinity": 14,
        "f:45:11:45:29": 8,
        "b:46:4:50:Infinity:48:11:50:Infinity": 0,
        "s:46:4:50:Infinity": 15,
        "s:47:6:47:Infinity": 16,
        "s:49:6:49:Infinity": 17,
        "s:51:4:51:Infinity": 18,
        "f:54:11:54:28": 9,
        "b:55:4:55:Infinity:undefined:undefined:undefined:undefined": 1,
        "s:55:4:55:Infinity": 19,
        "s:55:44:55:Infinity": 20,
        "s:57:18:57:46": 21,
        "s:58:17:61:Infinity": 22,
        "b:60:10:60:Infinity:61:51:61:Infinity": 2,
        "b:63:4:63:Infinity:undefined:undefined:undefined:undefined": 3,
        "s:63:4:63:Infinity": 23,
        "s:63:34:63:Infinity": 24,
        "s:65:24:66:Infinity": 25,
        "f:66:23:66:25": 10,
        "s:66:32:66:Infinity": 26,
        "s:69:4:69:Infinity": 27,
        "s:70:4:70:Infinity": 28,
        "f:73:11:73:28": 11,
        "s:74:4:74:Infinity": 29,
        "s:78:4:78:Infinity": 30,
        "s:79:6:78:Infinity": 31,
        "s:79:3:79:Infinity": 32,
        "s:80:5:80:Infinity": 33,
        "f:80:5:80:11": 12,
        "s:82:9:82:Infinity": 34,
        "s:82:5:82:Infinity": 35,
        "s:88:26:88:Infinity": 36,
        "f:88:26:88:40": 13,
        "s:89:26:89:Infinity": 37,
        "f:89:26:89:39": 14,
        "f:83:7:83:Infinity": 15,
        "s:83:7:87:Infinity": 38,
        "s:87:23:87:Infinity": 39,
        "f:92:7:92:Infinity": 16,
        "s:92:7:95:Infinity": 40,
        "s:93:18:93:Infinity": 41,
        "s:94:23:94:Infinity": 42,
        "s:95:24:95:Infinity": 43,
        "f:98:7:98:Infinity": 17,
        "s:98:7:109:Infinity": 44,
        "s:99:18:99:Infinity": 45,
        "s:100:23:100:Infinity": 46,
        "s:101:20:101:Infinity": 47,
        "s:102:16:102:Infinity": 48,
        "s:103:23:103:Infinity": 49,
        "s:104:24:104:Infinity": 50,
        "s:105:21:105:Infinity": 51,
        "s:106:20:106:Infinity": 52,
        "s:107:24:107:Infinity": 53,
        "s:109:21:109:Infinity": 54,
        "f:119:3:119:Infinity": 18,
        "s:119:3:123:Infinity": 55,
        "s:120:12:120:Infinity": 56,
        "s:121:10:121:Infinity": 57,
        "s:78:1:78:Infinity": 58
      }
    }
  }
}
